2022-06-03 11:59:37.486 INFO  [acme.Launcher@main] Starting Launcher using Java 1.8.0_202 on DESKTOP-S5P03EC with PID 2344 (D:\windows10_folders\Proyecto\Frameworks\Acme-Framework-22.7\target\classes started by danie in D:\windows10_folders\Proyecto\Projects\DP2-control-check) 
2022-06-03 11:59:37.487 DEBUG [acme.Launcher@main] Running with Spring Boot v2.4.2, Spring v5.3.3 
2022-06-03 11:59:37.488 INFO  [acme.Launcher@main] The following profiles are active: development,default 
2022-06-03 11:59:40.641 DEBUG [org.apache.jasper.servlet.JasperInitializer@main] Initializing Jasper for context [application] 
2022-06-03 11:59:46.803 DEBUG [org.apache.jasper.servlet.JspServlet@main] Scratch dir for the JSP engine is: [C:\Users\danie\AppData\Local\Temp\tomcat.8080.7870451391711165571\work\Tomcat\localhost\acme-toolkit-22.1] 
2022-06-03 11:59:46.804 DEBUG [org.apache.jasper.servlet.JspServlet@main] IMPORTANT: Do not modify the generated servlets 
2022-06-03 11:59:46.815 INFO  [acme.Launcher@main] Started Launcher in 9.976 seconds (JVM running for 10.478) 
2022-06-03 11:59:46.821 DEBUG [acme.Launcher@main] Found classpath entry '/D:/windows10_folders/Proyecto/Projects/DP2-control-check/target/test-classes/' 
2022-06-03 11:59:46.822 DEBUG [acme.Launcher@main] Found classpath entry '/D:/windows10_folders/Proyecto/Projects/DP2-control-check/target/classes/' 
2022-06-03 11:59:46.822 DEBUG [acme.Launcher@main] Found classpath entry '/D:/windows10_folders/Proyecto/Frameworks/Acme-Framework-22.7/target/classes/' 
2022-06-03 11:59:46.822 DEBUG [acme.Launcher@main] Found classpath entry '/D:/windows10_folders/Proyecto/Frameworks/Acme-Framework-22.7/target/test-classes/' 
2022-06-03 11:59:46.822 DEBUG [acme.Launcher@main] Found classpath entry '/C:/Users/danie/.m2/repository/org/springframework/boot/spring-boot-starter-tomcat/2.4.2/spring-boot-starter-tomcat-2.4.2.jar' 
2022-06-03 11:59:46.822 DEBUG [acme.Launcher@main] Found classpath entry '/C:/Users/danie/.m2/repository/jakarta/annotation/jakarta.annotation-api/1.3.5/jakarta.annotation-api-1.3.5.jar' 
2022-06-03 11:59:46.822 DEBUG [acme.Launcher@main] Found classpath entry '/C:/Users/danie/.m2/repository/org/apache/tomcat/embed/tomcat-embed-core/9.0.41/tomcat-embed-core-9.0.41.jar' 
2022-06-03 11:59:46.823 DEBUG [acme.Launcher@main] Found classpath entry '/C:/Users/danie/.m2/repository/org/glassfish/jakarta.el/3.0.3/jakarta.el-3.0.3.jar' 
2022-06-03 11:59:46.823 DEBUG [acme.Launcher@main] Found classpath entry '/C:/Users/danie/.m2/repository/org/apache/tomcat/embed/tomcat-embed-websocket/9.0.41/tomcat-embed-websocket-9.0.41.jar' 
2022-06-03 11:59:46.823 DEBUG [acme.Launcher@main] Found classpath entry '/C:/Users/danie/.m2/repository/org/apache/tomcat/embed/tomcat-embed-jasper/9.0.41/tomcat-embed-jasper-9.0.41.jar' 
2022-06-03 11:59:46.823 DEBUG [acme.Launcher@main] Found classpath entry '/C:/Users/danie/.m2/repository/org/apache/tomcat/embed/tomcat-embed-el/9.0.41/tomcat-embed-el-9.0.41.jar' 
2022-06-03 11:59:46.823 DEBUG [acme.Launcher@main] Found classpath entry '/C:/Users/danie/.m2/repository/org/eclipse/jdt/ecj/3.18.0/ecj-3.18.0.jar' 
2022-06-03 11:59:46.823 DEBUG [acme.Launcher@main] Found classpath entry '/C:/Users/danie/.m2/repository/javax/servlet/jstl/1.2/jstl-1.2.jar' 
2022-06-03 11:59:46.823 DEBUG [acme.Launcher@main] Found classpath entry '/C:/Users/danie/.m2/repository/org/springframework/boot/spring-boot-starter-security/2.4.2/spring-boot-starter-security-2.4.2.jar' 
2022-06-03 11:59:46.823 DEBUG [acme.Launcher@main] Found classpath entry '/C:/Users/danie/.m2/repository/org/springframework/boot/spring-boot-starter/2.4.2/spring-boot-starter-2.4.2.jar' 
2022-06-03 11:59:46.824 DEBUG [acme.Launcher@main] Found classpath entry '/C:/Users/danie/.m2/repository/org/springframework/boot/spring-boot/2.4.2/spring-boot-2.4.2.jar' 
2022-06-03 11:59:46.824 DEBUG [acme.Launcher@main] Found classpath entry '/C:/Users/danie/.m2/repository/org/springframework/boot/spring-boot-autoconfigure/2.4.2/spring-boot-autoconfigure-2.4.2.jar' 
2022-06-03 11:59:46.824 DEBUG [acme.Launcher@main] Found classpath entry '/C:/Users/danie/.m2/repository/org/springframework/boot/spring-boot-starter-logging/2.4.2/spring-boot-starter-logging-2.4.2.jar' 
2022-06-03 11:59:46.824 DEBUG [acme.Launcher@main] Found classpath entry '/C:/Users/danie/.m2/repository/ch/qos/logback/logback-classic/1.2.3/logback-classic-1.2.3.jar' 
2022-06-03 11:59:46.824 DEBUG [acme.Launcher@main] Found classpath entry '/C:/Users/danie/.m2/repository/ch/qos/logback/logback-core/1.2.3/logback-core-1.2.3.jar' 
2022-06-03 11:59:46.824 DEBUG [acme.Launcher@main] Found classpath entry '/C:/Users/danie/.m2/repository/org/apache/logging/log4j/log4j-to-slf4j/2.13.3/log4j-to-slf4j-2.13.3.jar' 
2022-06-03 11:59:46.825 DEBUG [acme.Launcher@main] Found classpath entry '/C:/Users/danie/.m2/repository/org/apache/logging/log4j/log4j-api/2.13.3/log4j-api-2.13.3.jar' 
2022-06-03 11:59:46.825 DEBUG [acme.Launcher@main] Found classpath entry '/C:/Users/danie/.m2/repository/org/slf4j/jul-to-slf4j/1.7.30/jul-to-slf4j-1.7.30.jar' 
2022-06-03 11:59:46.825 DEBUG [acme.Launcher@main] Found classpath entry '/C:/Users/danie/.m2/repository/org/yaml/snakeyaml/1.27/snakeyaml-1.27.jar' 
2022-06-03 11:59:46.825 DEBUG [acme.Launcher@main] Found classpath entry '/C:/Users/danie/.m2/repository/org/springframework/spring-aop/5.3.3/spring-aop-5.3.3.jar' 
2022-06-03 11:59:46.825 DEBUG [acme.Launcher@main] Found classpath entry '/C:/Users/danie/.m2/repository/org/springframework/security/spring-security-web/5.4.2/spring-security-web-5.4.2.jar' 
2022-06-03 11:59:46.825 DEBUG [acme.Launcher@main] Found classpath entry '/C:/Users/danie/.m2/repository/org/springframework/security/spring-security-core/5.4.2/spring-security-core-5.4.2.jar' 
2022-06-03 11:59:46.825 DEBUG [acme.Launcher@main] Found classpath entry '/C:/Users/danie/.m2/repository/org/springframework/spring-beans/5.3.3/spring-beans-5.3.3.jar' 
2022-06-03 11:59:46.825 DEBUG [acme.Launcher@main] Found classpath entry '/C:/Users/danie/.m2/repository/org/springframework/spring-context/5.3.3/spring-context-5.3.3.jar' 
2022-06-03 11:59:46.826 DEBUG [acme.Launcher@main] Found classpath entry '/C:/Users/danie/.m2/repository/org/springframework/spring-core/5.3.3/spring-core-5.3.3.jar' 
2022-06-03 11:59:46.826 DEBUG [acme.Launcher@main] Found classpath entry '/C:/Users/danie/.m2/repository/org/springframework/spring-jcl/5.3.3/spring-jcl-5.3.3.jar' 
2022-06-03 11:59:46.826 DEBUG [acme.Launcher@main] Found classpath entry '/C:/Users/danie/.m2/repository/org/springframework/spring-expression/5.3.3/spring-expression-5.3.3.jar' 
2022-06-03 11:59:46.826 DEBUG [acme.Launcher@main] Found classpath entry '/C:/Users/danie/.m2/repository/org/springframework/spring-web/5.3.3/spring-web-5.3.3.jar' 
2022-06-03 11:59:46.827 DEBUG [acme.Launcher@main] Found classpath entry '/C:/Users/danie/.m2/repository/org/springframework/security/spring-security-config/5.4.2/spring-security-config-5.4.2.jar' 
2022-06-03 11:59:46.827 DEBUG [acme.Launcher@main] Found classpath entry '/C:/Users/danie/.m2/repository/org/springframework/security/spring-security-taglibs/5.4.2/spring-security-taglibs-5.4.2.jar' 
2022-06-03 11:59:46.827 DEBUG [acme.Launcher@main] Found classpath entry '/C:/Users/danie/.m2/repository/org/springframework/security/spring-security-acl/5.4.2/spring-security-acl-5.4.2.jar' 
2022-06-03 11:59:46.827 DEBUG [acme.Launcher@main] Found classpath entry '/C:/Users/danie/.m2/repository/org/springframework/spring-jdbc/5.3.3/spring-jdbc-5.3.3.jar' 
2022-06-03 11:59:46.827 DEBUG [acme.Launcher@main] Found classpath entry '/C:/Users/danie/.m2/repository/org/springframework/spring-tx/5.3.3/spring-tx-5.3.3.jar' 
2022-06-03 11:59:46.827 DEBUG [acme.Launcher@main] Found classpath entry '/C:/Users/danie/.m2/repository/org/springframework/boot/spring-boot-starter-web/2.4.2/spring-boot-starter-web-2.4.2.jar' 
2022-06-03 11:59:46.827 DEBUG [acme.Launcher@main] Found classpath entry '/C:/Users/danie/.m2/repository/org/springframework/boot/spring-boot-starter-json/2.4.2/spring-boot-starter-json-2.4.2.jar' 
2022-06-03 11:59:46.827 DEBUG [acme.Launcher@main] Found classpath entry '/C:/Users/danie/.m2/repository/com/fasterxml/jackson/core/jackson-databind/2.11.4/jackson-databind-2.11.4.jar' 
2022-06-03 11:59:46.828 DEBUG [acme.Launcher@main] Found classpath entry '/C:/Users/danie/.m2/repository/com/fasterxml/jackson/core/jackson-annotations/2.11.4/jackson-annotations-2.11.4.jar' 
2022-06-03 11:59:46.828 DEBUG [acme.Launcher@main] Found classpath entry '/C:/Users/danie/.m2/repository/com/fasterxml/jackson/core/jackson-core/2.11.4/jackson-core-2.11.4.jar' 
2022-06-03 11:59:46.828 DEBUG [acme.Launcher@main] Found classpath entry '/C:/Users/danie/.m2/repository/com/fasterxml/jackson/datatype/jackson-datatype-jdk8/2.11.4/jackson-datatype-jdk8-2.11.4.jar' 
2022-06-03 11:59:46.828 DEBUG [acme.Launcher@main] Found classpath entry '/C:/Users/danie/.m2/repository/com/fasterxml/jackson/datatype/jackson-datatype-jsr310/2.11.4/jackson-datatype-jsr310-2.11.4.jar' 
2022-06-03 11:59:46.828 DEBUG [acme.Launcher@main] Found classpath entry '/C:/Users/danie/.m2/repository/com/fasterxml/jackson/module/jackson-module-parameter-names/2.11.4/jackson-module-parameter-names-2.11.4.jar' 
2022-06-03 11:59:46.828 DEBUG [acme.Launcher@main] Found classpath entry '/C:/Users/danie/.m2/repository/org/springframework/spring-webmvc/5.3.3/spring-webmvc-5.3.3.jar' 
2022-06-03 11:59:46.828 DEBUG [acme.Launcher@main] Found classpath entry '/C:/Users/danie/.m2/repository/org/apache/tiles/tiles-jsp/3.0.8/tiles-jsp-3.0.8.jar' 
2022-06-03 11:59:46.828 DEBUG [acme.Launcher@main] Found classpath entry '/C:/Users/danie/.m2/repository/org/apache/tiles/tiles-servlet/3.0.8/tiles-servlet-3.0.8.jar' 
2022-06-03 11:59:46.829 DEBUG [acme.Launcher@main] Found classpath entry '/C:/Users/danie/.m2/repository/org/apache/tiles/tiles-core/3.0.8/tiles-core-3.0.8.jar' 
2022-06-03 11:59:46.829 DEBUG [acme.Launcher@main] Found classpath entry '/C:/Users/danie/.m2/repository/commons-digester/commons-digester/2.0/commons-digester-2.0.jar' 
2022-06-03 11:59:46.829 DEBUG [acme.Launcher@main] Found classpath entry '/C:/Users/danie/.m2/repository/org/slf4j/jcl-over-slf4j/1.7.30/jcl-over-slf4j-1.7.30.jar' 
2022-06-03 11:59:46.829 DEBUG [acme.Launcher@main] Found classpath entry '/C:/Users/danie/.m2/repository/org/apache/tiles/tiles-request-servlet/1.0.7/tiles-request-servlet-1.0.7.jar' 
2022-06-03 11:59:46.829 DEBUG [acme.Launcher@main] Found classpath entry '/C:/Users/danie/.m2/repository/org/apache/tiles/tiles-template/3.0.8/tiles-template-3.0.8.jar' 
2022-06-03 11:59:46.829 DEBUG [acme.Launcher@main] Found classpath entry '/C:/Users/danie/.m2/repository/org/apache/tiles/tiles-api/3.0.8/tiles-api-3.0.8.jar' 
2022-06-03 11:59:46.829 DEBUG [acme.Launcher@main] Found classpath entry '/C:/Users/danie/.m2/repository/org/apache/tiles/tiles-autotag-core-runtime/1.2/tiles-autotag-core-runtime-1.2.jar' 
2022-06-03 11:59:46.829 DEBUG [acme.Launcher@main] Found classpath entry '/C:/Users/danie/.m2/repository/org/slf4j/slf4j-api/1.7.30/slf4j-api-1.7.30.jar' 
2022-06-03 11:59:46.830 DEBUG [acme.Launcher@main] Found classpath entry '/C:/Users/danie/.m2/repository/org/apache/tiles/tiles-request-jsp/1.0.7/tiles-request-jsp-1.0.7.jar' 
2022-06-03 11:59:46.830 DEBUG [acme.Launcher@main] Found classpath entry '/C:/Users/danie/.m2/repository/org/apache/tiles/tiles-request-api/1.0.7/tiles-request-api-1.0.7.jar' 
2022-06-03 11:59:46.830 DEBUG [acme.Launcher@main] Found classpath entry '/C:/Users/danie/.m2/repository/org/springframework/boot/spring-boot-starter-data-jpa/2.4.2/spring-boot-starter-data-jpa-2.4.2.jar' 
2022-06-03 11:59:46.830 DEBUG [acme.Launcher@main] Found classpath entry '/C:/Users/danie/.m2/repository/org/springframework/boot/spring-boot-starter-aop/2.4.2/spring-boot-starter-aop-2.4.2.jar' 
2022-06-03 11:59:46.830 DEBUG [acme.Launcher@main] Found classpath entry '/C:/Users/danie/.m2/repository/org/aspectj/aspectjweaver/1.9.6/aspectjweaver-1.9.6.jar' 
2022-06-03 11:59:46.830 DEBUG [acme.Launcher@main] Found classpath entry '/C:/Users/danie/.m2/repository/org/springframework/boot/spring-boot-starter-jdbc/2.4.2/spring-boot-starter-jdbc-2.4.2.jar' 
2022-06-03 11:59:46.830 DEBUG [acme.Launcher@main] Found classpath entry '/C:/Users/danie/.m2/repository/jakarta/transaction/jakarta.transaction-api/1.3.3/jakarta.transaction-api-1.3.3.jar' 
2022-06-03 11:59:46.830 DEBUG [acme.Launcher@main] Found classpath entry '/C:/Users/danie/.m2/repository/jakarta/persistence/jakarta.persistence-api/2.2.3/jakarta.persistence-api-2.2.3.jar' 
2022-06-03 11:59:46.831 DEBUG [acme.Launcher@main] Found classpath entry '/C:/Users/danie/.m2/repository/org/hibernate/hibernate-core/5.4.27.Final/hibernate-core-5.4.27.Final.jar' 
2022-06-03 11:59:46.831 DEBUG [acme.Launcher@main] Found classpath entry '/C:/Users/danie/.m2/repository/org/jboss/logging/jboss-logging/3.4.1.Final/jboss-logging-3.4.1.Final.jar' 
2022-06-03 11:59:46.831 DEBUG [acme.Launcher@main] Found classpath entry '/C:/Users/danie/.m2/repository/org/javassist/javassist/3.27.0-GA/javassist-3.27.0-GA.jar' 
2022-06-03 11:59:46.831 DEBUG [acme.Launcher@main] Found classpath entry '/C:/Users/danie/.m2/repository/antlr/antlr/2.7.7/antlr-2.7.7.jar' 
2022-06-03 11:59:46.831 DEBUG [acme.Launcher@main] Found classpath entry '/C:/Users/danie/.m2/repository/org/jboss/jandex/2.1.3.Final/jandex-2.1.3.Final.jar' 
2022-06-03 11:59:46.831 DEBUG [acme.Launcher@main] Found classpath entry '/C:/Users/danie/.m2/repository/com/fasterxml/classmate/1.5.1/classmate-1.5.1.jar' 
2022-06-03 11:59:46.831 DEBUG [acme.Launcher@main] Found classpath entry '/C:/Users/danie/.m2/repository/org/dom4j/dom4j/2.1.3/dom4j-2.1.3.jar' 
2022-06-03 11:59:46.831 DEBUG [acme.Launcher@main] Found classpath entry '/C:/Users/danie/.m2/repository/org/hibernate/common/hibernate-commons-annotations/5.1.2.Final/hibernate-commons-annotations-5.1.2.Final.jar' 
2022-06-03 11:59:46.831 DEBUG [acme.Launcher@main] Found classpath entry '/C:/Users/danie/.m2/repository/org/glassfish/jaxb/jaxb-runtime/2.3.3/jaxb-runtime-2.3.3.jar' 
2022-06-03 11:59:46.832 DEBUG [acme.Launcher@main] Found classpath entry '/C:/Users/danie/.m2/repository/org/glassfish/jaxb/txw2/2.3.3/txw2-2.3.3.jar' 
2022-06-03 11:59:46.832 DEBUG [acme.Launcher@main] Found classpath entry '/C:/Users/danie/.m2/repository/com/sun/istack/istack-commons-runtime/3.0.11/istack-commons-runtime-3.0.11.jar' 
2022-06-03 11:59:46.832 DEBUG [acme.Launcher@main] Found classpath entry '/C:/Users/danie/.m2/repository/com/sun/activation/jakarta.activation/1.2.2/jakarta.activation-1.2.2.jar' 
2022-06-03 11:59:46.832 DEBUG [acme.Launcher@main] Found classpath entry '/C:/Users/danie/.m2/repository/org/springframework/data/spring-data-jpa/2.4.3/spring-data-jpa-2.4.3.jar' 
2022-06-03 11:59:46.832 DEBUG [acme.Launcher@main] Found classpath entry '/C:/Users/danie/.m2/repository/org/springframework/data/spring-data-commons/2.4.3/spring-data-commons-2.4.3.jar' 
2022-06-03 11:59:46.832 DEBUG [acme.Launcher@main] Found classpath entry '/C:/Users/danie/.m2/repository/org/springframework/spring-orm/5.3.3/spring-orm-5.3.3.jar' 
2022-06-03 11:59:46.832 DEBUG [acme.Launcher@main] Found classpath entry '/C:/Users/danie/.m2/repository/org/springframework/spring-aspects/5.3.3/spring-aspects-5.3.3.jar' 
2022-06-03 11:59:46.833 DEBUG [acme.Launcher@main] Found classpath entry '/C:/Users/danie/.m2/repository/org/springframework/boot/spring-boot-starter-validation/2.4.2/spring-boot-starter-validation-2.4.2.jar' 
2022-06-03 11:59:46.833 DEBUG [acme.Launcher@main] Found classpath entry '/C:/Users/danie/.m2/repository/org/hibernate/validator/hibernate-validator/6.1.7.Final/hibernate-validator-6.1.7.Final.jar' 
2022-06-03 11:59:46.833 DEBUG [acme.Launcher@main] Found classpath entry '/C:/Users/danie/.m2/repository/jakarta/validation/jakarta.validation-api/2.0.2/jakarta.validation-api-2.0.2.jar' 
2022-06-03 11:59:46.833 DEBUG [acme.Launcher@main] Found classpath entry '/C:/Users/danie/.m2/repository/mysql/mysql-connector-java/8.0.22/mysql-connector-java-8.0.22.jar' 
2022-06-03 11:59:46.833 DEBUG [acme.Launcher@main] Found classpath entry '/C:/Users/danie/.m2/repository/com/zaxxer/HikariCP/3.4.5/HikariCP-3.4.5.jar' 
2022-06-03 11:59:46.833 DEBUG [acme.Launcher@main] Found classpath entry '/C:/Users/danie/.m2/repository/org/springframework/boot/spring-boot-starter-test/2.4.2/spring-boot-starter-test-2.4.2.jar' 
2022-06-03 11:59:46.834 DEBUG [acme.Launcher@main] Found classpath entry '/C:/Users/danie/.m2/repository/org/springframework/boot/spring-boot-test/2.4.2/spring-boot-test-2.4.2.jar' 
2022-06-03 11:59:46.834 DEBUG [acme.Launcher@main] Found classpath entry '/C:/Users/danie/.m2/repository/org/springframework/boot/spring-boot-test-autoconfigure/2.4.2/spring-boot-test-autoconfigure-2.4.2.jar' 
2022-06-03 11:59:46.834 DEBUG [acme.Launcher@main] Found classpath entry '/C:/Users/danie/.m2/repository/com/jayway/jsonpath/json-path/2.4.0/json-path-2.4.0.jar' 
2022-06-03 11:59:46.834 DEBUG [acme.Launcher@main] Found classpath entry '/C:/Users/danie/.m2/repository/net/minidev/json-smart/2.3/json-smart-2.3.jar' 
2022-06-03 11:59:46.834 DEBUG [acme.Launcher@main] Found classpath entry '/C:/Users/danie/.m2/repository/net/minidev/accessors-smart/1.2/accessors-smart-1.2.jar' 
2022-06-03 11:59:46.834 DEBUG [acme.Launcher@main] Found classpath entry '/C:/Users/danie/.m2/repository/org/ow2/asm/asm/5.0.4/asm-5.0.4.jar' 
2022-06-03 11:59:46.834 DEBUG [acme.Launcher@main] Found classpath entry '/C:/Users/danie/.m2/repository/jakarta/xml/bind/jakarta.xml.bind-api/2.3.3/jakarta.xml.bind-api-2.3.3.jar' 
2022-06-03 11:59:46.834 DEBUG [acme.Launcher@main] Found classpath entry '/C:/Users/danie/.m2/repository/jakarta/activation/jakarta.activation-api/1.2.2/jakarta.activation-api-1.2.2.jar' 
2022-06-03 11:59:46.835 DEBUG [acme.Launcher@main] Found classpath entry '/C:/Users/danie/.m2/repository/org/assertj/assertj-core/3.18.1/assertj-core-3.18.1.jar' 
2022-06-03 11:59:46.835 DEBUG [acme.Launcher@main] Found classpath entry '/C:/Users/danie/.m2/repository/org/hamcrest/hamcrest/2.2/hamcrest-2.2.jar' 
2022-06-03 11:59:46.835 DEBUG [acme.Launcher@main] Found classpath entry '/C:/Users/danie/.m2/repository/org/junit/jupiter/junit-jupiter/5.7.0/junit-jupiter-5.7.0.jar' 
2022-06-03 11:59:46.835 DEBUG [acme.Launcher@main] Found classpath entry '/C:/Users/danie/.m2/repository/org/mockito/mockito-core/3.6.28/mockito-core-3.6.28.jar' 
2022-06-03 11:59:46.835 DEBUG [acme.Launcher@main] Found classpath entry '/C:/Users/danie/.m2/repository/net/bytebuddy/byte-buddy-agent/1.10.19/byte-buddy-agent-1.10.19.jar' 
2022-06-03 11:59:46.835 DEBUG [acme.Launcher@main] Found classpath entry '/C:/Users/danie/.m2/repository/org/objenesis/objenesis/3.1/objenesis-3.1.jar' 
2022-06-03 11:59:46.835 DEBUG [acme.Launcher@main] Found classpath entry '/C:/Users/danie/.m2/repository/org/mockito/mockito-junit-jupiter/3.6.28/mockito-junit-jupiter-3.6.28.jar' 
2022-06-03 11:59:46.835 DEBUG [acme.Launcher@main] Found classpath entry '/C:/Users/danie/.m2/repository/org/skyscreamer/jsonassert/1.5.0/jsonassert-1.5.0.jar' 
2022-06-03 11:59:46.835 DEBUG [acme.Launcher@main] Found classpath entry '/C:/Users/danie/.m2/repository/com/vaadin/external/google/android-json/0.0.20131108.vaadin1/android-json-0.0.20131108.vaadin1.jar' 
2022-06-03 11:59:46.836 DEBUG [acme.Launcher@main] Found classpath entry '/C:/Users/danie/.m2/repository/org/springframework/spring-test/5.3.3/spring-test-5.3.3.jar' 
2022-06-03 11:59:46.837 DEBUG [acme.Launcher@main] Found classpath entry '/C:/Users/danie/.m2/repository/org/xmlunit/xmlunit-core/2.7.0/xmlunit-core-2.7.0.jar' 
2022-06-03 11:59:46.837 DEBUG [acme.Launcher@main] Found classpath entry '/C:/Users/danie/.m2/repository/org/junit/jupiter/junit-jupiter-engine/5.7.0/junit-jupiter-engine-5.7.0.jar' 
2022-06-03 11:59:46.837 DEBUG [acme.Launcher@main] Found classpath entry '/C:/Users/danie/.m2/repository/org/apiguardian/apiguardian-api/1.1.0/apiguardian-api-1.1.0.jar' 
2022-06-03 11:59:46.838 DEBUG [acme.Launcher@main] Found classpath entry '/C:/Users/danie/.m2/repository/org/junit/platform/junit-platform-engine/1.7.0/junit-platform-engine-1.7.0.jar' 
2022-06-03 11:59:46.838 DEBUG [acme.Launcher@main] Found classpath entry '/C:/Users/danie/.m2/repository/org/junit/jupiter/junit-jupiter-api/5.7.0/junit-jupiter-api-5.7.0.jar' 
2022-06-03 11:59:46.838 DEBUG [acme.Launcher@main] Found classpath entry '/C:/Users/danie/.m2/repository/org/opentest4j/opentest4j/1.2.0/opentest4j-1.2.0.jar' 
2022-06-03 11:59:46.838 DEBUG [acme.Launcher@main] Found classpath entry '/C:/Users/danie/.m2/repository/org/junit/platform/junit-platform-commons/1.7.0/junit-platform-commons-1.7.0.jar' 
2022-06-03 11:59:46.839 DEBUG [acme.Launcher@main] Found classpath entry '/C:/Users/danie/.m2/repository/org/junit/jupiter/junit-jupiter-params/5.7.0/junit-jupiter-params-5.7.0.jar' 
2022-06-03 11:59:46.839 DEBUG [acme.Launcher@main] Found classpath entry '/C:/Users/danie/.m2/repository/org/junit/platform/junit-platform-launcher/1.7.0/junit-platform-launcher-1.7.0.jar' 
2022-06-03 11:59:46.839 DEBUG [acme.Launcher@main] Found classpath entry '/C:/Users/danie/.m2/repository/org/seleniumhq/selenium/selenium-java/3.141.59/selenium-java-3.141.59.jar' 
2022-06-03 11:59:46.839 DEBUG [acme.Launcher@main] Found classpath entry '/C:/Users/danie/.m2/repository/org/seleniumhq/selenium/selenium-api/3.141.59/selenium-api-3.141.59.jar' 
2022-06-03 11:59:46.839 DEBUG [acme.Launcher@main] Found classpath entry '/C:/Users/danie/.m2/repository/org/seleniumhq/selenium/selenium-chrome-driver/3.141.59/selenium-chrome-driver-3.141.59.jar' 
2022-06-03 11:59:46.840 DEBUG [acme.Launcher@main] Found classpath entry '/C:/Users/danie/.m2/repository/org/seleniumhq/selenium/selenium-edge-driver/3.141.59/selenium-edge-driver-3.141.59.jar' 
2022-06-03 11:59:46.840 DEBUG [acme.Launcher@main] Found classpath entry '/C:/Users/danie/.m2/repository/org/seleniumhq/selenium/selenium-firefox-driver/3.141.59/selenium-firefox-driver-3.141.59.jar' 
2022-06-03 11:59:46.840 DEBUG [acme.Launcher@main] Found classpath entry '/C:/Users/danie/.m2/repository/org/seleniumhq/selenium/selenium-ie-driver/3.141.59/selenium-ie-driver-3.141.59.jar' 
2022-06-03 11:59:46.841 DEBUG [acme.Launcher@main] Found classpath entry '/C:/Users/danie/.m2/repository/org/seleniumhq/selenium/selenium-opera-driver/3.141.59/selenium-opera-driver-3.141.59.jar' 
2022-06-03 11:59:46.841 DEBUG [acme.Launcher@main] Found classpath entry '/C:/Users/danie/.m2/repository/org/seleniumhq/selenium/selenium-remote-driver/3.141.59/selenium-remote-driver-3.141.59.jar' 
2022-06-03 11:59:46.841 DEBUG [acme.Launcher@main] Found classpath entry '/C:/Users/danie/.m2/repository/org/seleniumhq/selenium/selenium-safari-driver/3.141.59/selenium-safari-driver-3.141.59.jar' 
2022-06-03 11:59:46.841 DEBUG [acme.Launcher@main] Found classpath entry '/C:/Users/danie/.m2/repository/org/seleniumhq/selenium/selenium-support/3.141.59/selenium-support-3.141.59.jar' 
2022-06-03 11:59:46.841 DEBUG [acme.Launcher@main] Found classpath entry '/C:/Users/danie/.m2/repository/net/bytebuddy/byte-buddy/1.10.19/byte-buddy-1.10.19.jar' 
2022-06-03 11:59:46.841 DEBUG [acme.Launcher@main] Found classpath entry '/C:/Users/danie/.m2/repository/org/apache/commons/commons-exec/1.3/commons-exec-1.3.jar' 
2022-06-03 11:59:46.842 DEBUG [acme.Launcher@main] Found classpath entry '/C:/Users/danie/.m2/repository/com/google/guava/guava/25.0-jre/guava-25.0-jre.jar' 
2022-06-03 11:59:46.842 DEBUG [acme.Launcher@main] Found classpath entry '/C:/Users/danie/.m2/repository/com/google/code/findbugs/jsr305/1.3.9/jsr305-1.3.9.jar' 
2022-06-03 11:59:46.842 DEBUG [acme.Launcher@main] Found classpath entry '/C:/Users/danie/.m2/repository/org/checkerframework/checker-compat-qual/2.0.0/checker-compat-qual-2.0.0.jar' 
2022-06-03 11:59:46.842 DEBUG [acme.Launcher@main] Found classpath entry '/C:/Users/danie/.m2/repository/com/google/errorprone/error_prone_annotations/2.1.3/error_prone_annotations-2.1.3.jar' 
2022-06-03 11:59:46.842 DEBUG [acme.Launcher@main] Found classpath entry '/C:/Users/danie/.m2/repository/com/google/j2objc/j2objc-annotations/1.1/j2objc-annotations-1.1.jar' 
2022-06-03 11:59:46.842 DEBUG [acme.Launcher@main] Found classpath entry '/C:/Users/danie/.m2/repository/org/codehaus/mojo/animal-sniffer-annotations/1.14/animal-sniffer-annotations-1.14.jar' 
2022-06-03 11:59:46.842 DEBUG [acme.Launcher@main] Found classpath entry '/C:/Users/danie/.m2/repository/com/squareup/okhttp3/okhttp/3.14.9/okhttp-3.14.9.jar' 
2022-06-03 11:59:46.843 DEBUG [acme.Launcher@main] Found classpath entry '/C:/Users/danie/.m2/repository/com/squareup/okio/okio/1.14.0/okio-1.14.0.jar' 
2022-06-03 11:59:46.843 DEBUG [acme.Launcher@main] Found classpath entry '/C:/Users/danie/.m2/repository/org/apache/commons/commons-lang3/3.11/commons-lang3-3.11.jar' 
2022-06-03 11:59:46.843 DEBUG [acme.Launcher@main] Found classpath entry '/C:/Users/danie/.m2/repository/org/apache/commons/commons-text/1.8/commons-text-1.8.jar' 
2022-06-03 11:59:46.843 DEBUG [acme.Launcher@main] Found classpath entry '/C:/Users/danie/.m2/repository/commons-io/commons-io/2.6/commons-io-2.6.jar' 
2022-06-03 11:59:46.843 DEBUG [acme.Launcher@main] Found classpath entry '/C:/Users/danie/.m2/repository/commons-cli/commons-cli/1.4/commons-cli-1.4.jar' 
2022-06-03 11:59:46.843 DEBUG [acme.Launcher@main] Found classpath entry '/C:/Users/danie/.m2/repository/org/projectlombok/lombok/1.18.16/lombok-1.18.16.jar' 
2022-06-03 11:59:46.844 DEBUG [acme.Launcher@main] Found classpath entry '/C:/Users/danie/.m2/repository/com/opencsv/opencsv/5.4/opencsv-5.4.jar' 
2022-06-03 11:59:46.844 DEBUG [acme.Launcher@main] Found classpath entry '/C:/Users/danie/.m2/repository/commons-beanutils/commons-beanutils/1.9.4/commons-beanutils-1.9.4.jar' 
2022-06-03 11:59:46.844 DEBUG [acme.Launcher@main] Found classpath entry '/C:/Users/danie/.m2/repository/commons-logging/commons-logging/1.2/commons-logging-1.2.jar' 
2022-06-03 11:59:46.844 DEBUG [acme.Launcher@main] Found classpath entry '/C:/Users/danie/.m2/repository/commons-collections/commons-collections/3.2.2/commons-collections-3.2.2.jar' 
2022-06-03 11:59:46.844 DEBUG [acme.Launcher@main] Found classpath entry '/C:/Users/danie/.m2/repository/org/apache/commons/commons-collections4/4.4/commons-collections4-4.4.jar' 
2022-06-03 11:59:46.844 DEBUG [acme.Launcher@main] Found classpath entry '/D:/windows10_folders/Proyecto/Projects/DP2-control-check/spamlib.jar' 
2022-06-03 11:59:46.957 DEBUG [acme.Launcher@main] Found entity class 'acme.entities.announcement.Announcement 
2022-06-03 11:59:46.958 DEBUG [acme.Launcher@main] Found entity class 'acme.entities.chirp.Chirp 
2022-06-03 11:59:46.958 DEBUG [acme.Launcher@main] Found entity class 'acme.entities.configuration.Configuration 
2022-06-03 11:59:46.958 DEBUG [acme.Launcher@main] Found entity class 'acme.entities.item.Item 
2022-06-03 11:59:46.958 DEBUG [acme.Launcher@main] Found entity class 'acme.entities.patronage.Patronage 
2022-06-03 11:59:46.958 DEBUG [acme.Launcher@main] Found entity class 'acme.entities.patronagereport.PatronageReport 
2022-06-03 11:59:46.958 DEBUG [acme.Launcher@main] Found entity class 'acme.entities.quantity.Quantity 
2022-06-03 11:59:46.959 DEBUG [acme.Launcher@main] Found entity class 'acme.entities.toolkit.Toolkit 
2022-06-03 11:59:46.959 DEBUG [acme.Launcher@main] Found entity class 'acme.entities.xomemi.Xomemi 
2022-06-03 11:59:46.959 DEBUG [acme.Launcher@main] Found entity class 'acme.roles.Consumer 
2022-06-03 11:59:46.959 DEBUG [acme.Launcher@main] Found entity class 'acme.roles.Inventor 
2022-06-03 11:59:46.959 DEBUG [acme.Launcher@main] Found entity class 'acme.roles.Patron 
2022-06-03 11:59:46.960 DEBUG [acme.Launcher@main] Found entity class 'acme.roles.Provider 
2022-06-03 11:59:46.960 DEBUG [acme.Launcher@main] Found entity class 'acme.framework.entities.UserAccount 
2022-06-03 11:59:46.960 DEBUG [acme.Launcher@main] Found entity class 'acme.framework.roles.Administrator 
2022-06-03 11:59:46.960 DEBUG [acme.Launcher@main] Found entity class 'acme.framework.roles.Anonymous 
2022-06-03 11:59:46.960 DEBUG [acme.Launcher@main] Found entity class 'acme.framework.roles.Any 
2022-06-03 11:59:46.961 DEBUG [acme.Launcher@main] Found entity class 'acme.framework.roles.Authenticated 
2022-06-03 11:59:46.966 INFO  [acme.Launcher@main] Running application (Standalone) 
2022-06-03 11:59:47.046 DEBUG [acme.framework.components.tiles.DynamicTilesView@http-nio-8080-exec-1] View name 'fragments/welcome', model {} 
2022-06-03 11:59:47.066 DEBUG [org.apache.tiles.definition.dao.BaseLocaleUrlDefinitionDAO@http-nio-8080-exec-1] File Resource file:/D:/windows10_folders/Proyecto/Projects/DP2-control-check/target/classes/WEB-INF/views/master/tiles_es.xml at file:/D:/windows10_folders/Proyecto/Projects/DP2-control-check/target/classes/WEB-INF/views/master/tiles_es.xml not found, continue 
2022-06-03 11:59:47.077 DEBUG [org.apache.jasper.servlet.JspServlet@http-nio-8080-exec-1] JspEngine --> /WEB-INF/views/master/page.jsp 
2022-06-03 11:59:47.078 DEBUG [org.apache.jasper.servlet.JspServlet@http-nio-8080-exec-1] ServletPath: /WEB-INF/views/master/page.jsp 
2022-06-03 11:59:47.078 DEBUG [org.apache.jasper.servlet.JspServlet@http-nio-8080-exec-1] PathInfo: null 
2022-06-03 11:59:47.079 DEBUG [org.apache.jasper.servlet.JspServlet@http-nio-8080-exec-1] RealPath: D:\windows10_folders\Proyecto\Projects\DP2-control-check\target\classes\WEB-INF\views\master\page.jsp 
2022-06-03 11:59:47.079 DEBUG [org.apache.jasper.servlet.JspServlet@http-nio-8080-exec-1] RequestURI: /acme-toolkit-22.1/WEB-INF/views/master/page.jsp 
2022-06-03 11:59:47.080 DEBUG [org.apache.jasper.servlet.JspServlet@http-nio-8080-exec-1] QueryString: null 
2022-06-03 11:59:51.576 DEBUG [acme.framework.configuration.ExtendedMessageSource@http-nio-8080-exec-1] Loading properties [D:\windows10_folders\Proyecto\Projects\DP2-control-check\target\classes\WEB-INF\views\administrator\announcement\messages-en.i18n] with encoding 'utf-8' 
2022-06-03 11:59:51.578 DEBUG [acme.framework.configuration.ExtendedMessageSource@http-nio-8080-exec-1] Loading properties [D:\windows10_folders\Proyecto\Projects\DP2-control-check\target\classes\WEB-INF\views\administrator\configuration\messages-en.i18n] with encoding 'utf-8' 
2022-06-03 11:59:51.578 DEBUG [acme.framework.configuration.ExtendedMessageSource@http-nio-8080-exec-1] Loading properties [D:\windows10_folders\Proyecto\Projects\DP2-control-check\target\classes\WEB-INF\views\administrator\dashboard\messages-en.i18n] with encoding 'utf-8' 
2022-06-03 11:59:51.580 DEBUG [acme.framework.configuration.ExtendedMessageSource@http-nio-8080-exec-1] Loading properties [D:\windows10_folders\Proyecto\Projects\DP2-control-check\target\classes\WEB-INF\views\administrator\user-account\messages-en.i18n] with encoding 'utf-8' 
2022-06-03 11:59:51.580 DEBUG [acme.framework.configuration.ExtendedMessageSource@http-nio-8080-exec-1] Loading properties [D:\windows10_folders\Proyecto\Projects\DP2-control-check\target\classes\WEB-INF\views\anonymous\user-account\messages-en.i18n] with encoding 'utf-8' 
2022-06-03 11:59:51.581 DEBUG [acme.framework.configuration.ExtendedMessageSource@http-nio-8080-exec-1] Loading properties [D:\windows10_folders\Proyecto\Projects\DP2-control-check\target\classes\WEB-INF\views\any\chirp\messages-en.i18n] with encoding 'utf-8' 
2022-06-03 11:59:51.582 DEBUG [acme.framework.configuration.ExtendedMessageSource@http-nio-8080-exec-1] Loading properties [D:\windows10_folders\Proyecto\Projects\DP2-control-check\target\classes\WEB-INF\views\any\item\messages-en.i18n] with encoding 'utf-8' 
2022-06-03 11:59:51.582 DEBUG [acme.framework.configuration.ExtendedMessageSource@http-nio-8080-exec-1] Loading properties [D:\windows10_folders\Proyecto\Projects\DP2-control-check\target\classes\WEB-INF\views\any\toolkit\messages-en.i18n] with encoding 'utf-8' 
2022-06-03 11:59:51.583 DEBUG [acme.framework.configuration.ExtendedMessageSource@http-nio-8080-exec-1] Loading properties [D:\windows10_folders\Proyecto\Projects\DP2-control-check\target\classes\WEB-INF\views\any\user-account\messages-en.i18n] with encoding 'utf-8' 
2022-06-03 11:59:51.584 DEBUG [acme.framework.configuration.ExtendedMessageSource@http-nio-8080-exec-1] Loading properties [D:\windows10_folders\Proyecto\Projects\DP2-control-check\target\classes\WEB-INF\views\authenticated\announcement\messages-en.i18n] with encoding 'utf-8' 
2022-06-03 11:59:51.584 DEBUG [acme.framework.configuration.ExtendedMessageSource@http-nio-8080-exec-1] Loading properties [D:\windows10_folders\Proyecto\Projects\DP2-control-check\target\classes\WEB-INF\views\authenticated\configuration\messages-en.i18n] with encoding 'utf-8' 
2022-06-03 11:59:51.585 DEBUG [acme.framework.configuration.ExtendedMessageSource@http-nio-8080-exec-1] Loading properties [D:\windows10_folders\Proyecto\Projects\DP2-control-check\target\classes\WEB-INF\views\authenticated\consumer\messsages-en.i18n] with encoding 'utf-8' 
2022-06-03 11:59:51.586 DEBUG [acme.framework.configuration.ExtendedMessageSource@http-nio-8080-exec-1] Loading properties [D:\windows10_folders\Proyecto\Projects\DP2-control-check\target\classes\WEB-INF\views\authenticated\inventor\messages-en.i18n] with encoding 'utf-8' 
2022-06-03 11:59:51.587 DEBUG [acme.framework.configuration.ExtendedMessageSource@http-nio-8080-exec-1] Loading properties [D:\windows10_folders\Proyecto\Projects\DP2-control-check\target\classes\WEB-INF\views\authenticated\patron\messages-en.i18n] with encoding 'utf-8' 
2022-06-03 11:59:51.587 DEBUG [acme.framework.configuration.ExtendedMessageSource@http-nio-8080-exec-1] Loading properties [D:\windows10_folders\Proyecto\Projects\DP2-control-check\target\classes\WEB-INF\views\authenticated\provider\messsages-en.i18n] with encoding 'utf-8' 
2022-06-03 11:59:51.588 DEBUG [acme.framework.configuration.ExtendedMessageSource@http-nio-8080-exec-1] Loading properties [D:\windows10_folders\Proyecto\Projects\DP2-control-check\target\classes\WEB-INF\views\authenticated\user-account\messages-en.i18n] with encoding 'utf-8' 
2022-06-03 11:59:51.589 DEBUG [acme.framework.configuration.ExtendedMessageSource@http-nio-8080-exec-1] Loading properties [D:\windows10_folders\Proyecto\Projects\DP2-control-check\target\classes\WEB-INF\views\fragments\banner-en.i18n] with encoding 'utf-8' 
2022-06-03 11:59:51.590 DEBUG [acme.framework.configuration.ExtendedMessageSource@http-nio-8080-exec-1] Loading properties [D:\windows10_folders\Proyecto\Projects\DP2-control-check\target\classes\WEB-INF\views\fragments\company-en.i18n] with encoding 'utf-8' 
2022-06-03 11:59:51.590 DEBUG [acme.framework.configuration.ExtendedMessageSource@http-nio-8080-exec-1] Loading properties [D:\windows10_folders\Proyecto\Projects\DP2-control-check\target\classes\WEB-INF\views\fragments\footer-en.i18n] with encoding 'utf-8' 
2022-06-03 11:59:51.591 DEBUG [acme.framework.configuration.ExtendedMessageSource@http-nio-8080-exec-1] Loading properties [D:\windows10_folders\Proyecto\Projects\DP2-control-check\target\classes\WEB-INF\views\fragments\license-en.i18n] with encoding 'utf-8' 
2022-06-03 11:59:51.591 DEBUG [acme.framework.configuration.ExtendedMessageSource@http-nio-8080-exec-1] Loading properties [D:\windows10_folders\Proyecto\Projects\DP2-control-check\target\classes\WEB-INF\views\fragments\menu-en.i18n] with encoding 'utf-8' 
2022-06-03 11:59:51.592 DEBUG [acme.framework.configuration.ExtendedMessageSource@http-nio-8080-exec-1] Loading properties [D:\windows10_folders\Proyecto\Projects\DP2-control-check\target\classes\WEB-INF\views\fragments\messages-en.i18n] with encoding 'utf-8' 
2022-06-03 11:59:51.593 DEBUG [acme.framework.configuration.ExtendedMessageSource@http-nio-8080-exec-1] Loading properties [D:\windows10_folders\Proyecto\Projects\DP2-control-check\target\classes\WEB-INF\views\fragments\messsages-en.i18n] with encoding 'utf-8' 
2022-06-03 11:59:51.593 DEBUG [acme.framework.configuration.ExtendedMessageSource@http-nio-8080-exec-1] Loading properties [D:\windows10_folders\Proyecto\Projects\DP2-control-check\target\classes\WEB-INF\views\fragments\title-en.i18n] with encoding 'utf-8' 
2022-06-03 11:59:51.594 DEBUG [acme.framework.configuration.ExtendedMessageSource@http-nio-8080-exec-1] Loading properties [D:\windows10_folders\Proyecto\Projects\DP2-control-check\target\classes\WEB-INF\views\fragments\welcome-en.i18n] with encoding 'utf-8' 
2022-06-03 11:59:51.595 DEBUG [acme.framework.configuration.ExtendedMessageSource@http-nio-8080-exec-1] Loading properties [D:\windows10_folders\Proyecto\Projects\DP2-control-check\target\classes\WEB-INF\views\inventor\item\messages-en.i18n] with encoding 'utf-8' 
2022-06-03 11:59:51.596 DEBUG [acme.framework.configuration.ExtendedMessageSource@http-nio-8080-exec-1] Loading properties [D:\windows10_folders\Proyecto\Projects\DP2-control-check\target\classes\WEB-INF\views\inventor\patronage\messages-en.i18n] with encoding 'utf-8' 
2022-06-03 11:59:51.597 DEBUG [acme.framework.configuration.ExtendedMessageSource@http-nio-8080-exec-1] Loading properties [D:\windows10_folders\Proyecto\Projects\DP2-control-check\target\classes\WEB-INF\views\inventor\patronage-report\messages-en.i18n] with encoding 'utf-8' 
2022-06-03 11:59:51.598 DEBUG [acme.framework.configuration.ExtendedMessageSource@http-nio-8080-exec-1] Loading properties [D:\windows10_folders\Proyecto\Projects\DP2-control-check\target\classes\WEB-INF\views\inventor\quantity\messages-en.i18n] with encoding 'utf-8' 
2022-06-03 11:59:51.599 DEBUG [acme.framework.configuration.ExtendedMessageSource@http-nio-8080-exec-1] Loading properties [D:\windows10_folders\Proyecto\Projects\DP2-control-check\target\classes\WEB-INF\views\inventor\toolkit\messages-en.i18n] with encoding 'utf-8' 
2022-06-03 11:59:51.600 DEBUG [acme.framework.configuration.ExtendedMessageSource@http-nio-8080-exec-1] Loading properties [D:\windows10_folders\Proyecto\Projects\DP2-control-check\target\classes\WEB-INF\views\inventor\xomemi\messages-en.i18n] with encoding 'utf-8' 
2022-06-03 11:59:51.600 DEBUG [acme.framework.configuration.ExtendedMessageSource@http-nio-8080-exec-1] Loading properties [D:\windows10_folders\Proyecto\Projects\DP2-control-check\target\classes\WEB-INF\views\master\defaults-en.i18n] with encoding 'utf-8' 
2022-06-03 11:59:51.601 DEBUG [acme.framework.configuration.ExtendedMessageSource@http-nio-8080-exec-1] Loading properties [D:\windows10_folders\Proyecto\Projects\DP2-control-check\target\classes\WEB-INF\views\master\master-en.i18n] with encoding 'utf-8' 
2022-06-03 11:59:51.602 DEBUG [acme.framework.configuration.ExtendedMessageSource@http-nio-8080-exec-1] Loading properties [D:\windows10_folders\Proyecto\Projects\DP2-control-check\target\classes\WEB-INF\views\master\throwables-en.i18n] with encoding 'utf-8' 
2022-06-03 11:59:51.602 DEBUG [acme.framework.configuration.ExtendedMessageSource@http-nio-8080-exec-1] Loading properties [D:\windows10_folders\Proyecto\Projects\DP2-control-check\target\classes\WEB-INF\views\master\validation-en.i18n] with encoding 'utf-8' 
2022-06-03 11:59:51.603 DEBUG [acme.framework.configuration.ExtendedMessageSource@http-nio-8080-exec-1] Loading properties [D:\windows10_folders\Proyecto\Projects\DP2-control-check\target\classes\WEB-INF\views\patron\patron-dashboard\messages-en.i18n] with encoding 'utf-8' 
2022-06-03 11:59:51.604 DEBUG [acme.framework.configuration.ExtendedMessageSource@http-nio-8080-exec-1] Loading properties [D:\windows10_folders\Proyecto\Projects\DP2-control-check\target\classes\WEB-INF\views\patron\patronage\messages-en.i18n] with encoding 'utf-8' 
2022-06-03 11:59:51.604 DEBUG [acme.framework.configuration.ExtendedMessageSource@http-nio-8080-exec-1] Loading properties [D:\windows10_folders\Proyecto\Projects\DP2-control-check\target\classes\WEB-INF\views\patron\patronage-report\messages-en.i18n] with encoding 'utf-8' 
2022-06-03 11:59:51.612 DEBUG [acme.framework.configuration.ExtendedMessageSource@http-nio-8080-exec-1] Loading properties [D:\windows10_folders\Proyecto\Projects\DP2-control-check\target\classes\WEB-INF\views\administrator\announcement\messages-es.i18n] with encoding 'utf-8' 
2022-06-03 11:59:51.613 DEBUG [acme.framework.configuration.ExtendedMessageSource@http-nio-8080-exec-1] Loading properties [D:\windows10_folders\Proyecto\Projects\DP2-control-check\target\classes\WEB-INF\views\administrator\configuration\messages-es.i18n] with encoding 'utf-8' 
2022-06-03 11:59:51.614 DEBUG [acme.framework.configuration.ExtendedMessageSource@http-nio-8080-exec-1] Loading properties [D:\windows10_folders\Proyecto\Projects\DP2-control-check\target\classes\WEB-INF\views\administrator\dashboard\messages-es.i18n] with encoding 'utf-8' 
2022-06-03 11:59:51.615 DEBUG [acme.framework.configuration.ExtendedMessageSource@http-nio-8080-exec-1] Loading properties [D:\windows10_folders\Proyecto\Projects\DP2-control-check\target\classes\WEB-INF\views\administrator\user-account\messages-es.i18n] with encoding 'utf-8' 
2022-06-03 11:59:51.615 DEBUG [acme.framework.configuration.ExtendedMessageSource@http-nio-8080-exec-1] Loading properties [D:\windows10_folders\Proyecto\Projects\DP2-control-check\target\classes\WEB-INF\views\anonymous\user-account\messages-es.i18n] with encoding 'utf-8' 
2022-06-03 11:59:51.616 DEBUG [acme.framework.configuration.ExtendedMessageSource@http-nio-8080-exec-1] Loading properties [D:\windows10_folders\Proyecto\Projects\DP2-control-check\target\classes\WEB-INF\views\any\chirp\messages-es.i18n] with encoding 'utf-8' 
2022-06-03 11:59:51.617 DEBUG [acme.framework.configuration.ExtendedMessageSource@http-nio-8080-exec-1] Loading properties [D:\windows10_folders\Proyecto\Projects\DP2-control-check\target\classes\WEB-INF\views\any\item\messages-es.i18n] with encoding 'utf-8' 
2022-06-03 11:59:51.617 DEBUG [acme.framework.configuration.ExtendedMessageSource@http-nio-8080-exec-1] Loading properties [D:\windows10_folders\Proyecto\Projects\DP2-control-check\target\classes\WEB-INF\views\any\toolkit\messages-es.i18n] with encoding 'utf-8' 
2022-06-03 11:59:51.618 DEBUG [acme.framework.configuration.ExtendedMessageSource@http-nio-8080-exec-1] Loading properties [D:\windows10_folders\Proyecto\Projects\DP2-control-check\target\classes\WEB-INF\views\authenticated\announcement\messages-es.i18n] with encoding 'utf-8' 
2022-06-03 11:59:51.619 DEBUG [acme.framework.configuration.ExtendedMessageSource@http-nio-8080-exec-1] Loading properties [D:\windows10_folders\Proyecto\Projects\DP2-control-check\target\classes\WEB-INF\views\authenticated\configuration\messages-es.i18n] with encoding 'utf-8' 
2022-06-03 11:59:51.619 DEBUG [acme.framework.configuration.ExtendedMessageSource@http-nio-8080-exec-1] Loading properties [D:\windows10_folders\Proyecto\Projects\DP2-control-check\target\classes\WEB-INF\views\authenticated\consumer\messsages-es.i18n] with encoding 'utf-8' 
2022-06-03 11:59:51.620 DEBUG [acme.framework.configuration.ExtendedMessageSource@http-nio-8080-exec-1] Loading properties [D:\windows10_folders\Proyecto\Projects\DP2-control-check\target\classes\WEB-INF\views\authenticated\inventor\messages-es.i18n] with encoding 'utf-8' 
2022-06-03 11:59:51.621 DEBUG [acme.framework.configuration.ExtendedMessageSource@http-nio-8080-exec-1] Loading properties [D:\windows10_folders\Proyecto\Projects\DP2-control-check\target\classes\WEB-INF\views\authenticated\patron\messages-es.i18n] with encoding 'utf-8' 
2022-06-03 11:59:51.621 DEBUG [acme.framework.configuration.ExtendedMessageSource@http-nio-8080-exec-1] Loading properties [D:\windows10_folders\Proyecto\Projects\DP2-control-check\target\classes\WEB-INF\views\authenticated\provider\messsages-es.i18n] with encoding 'utf-8' 
2022-06-03 11:59:51.622 DEBUG [acme.framework.configuration.ExtendedMessageSource@http-nio-8080-exec-1] Loading properties [D:\windows10_folders\Proyecto\Projects\DP2-control-check\target\classes\WEB-INF\views\authenticated\user-account\messages-es.i18n] with encoding 'utf-8' 
2022-06-03 11:59:51.622 DEBUG [acme.framework.configuration.ExtendedMessageSource@http-nio-8080-exec-1] Loading properties [D:\windows10_folders\Proyecto\Projects\DP2-control-check\target\classes\WEB-INF\views\fragments\banner-es.i18n] with encoding 'utf-8' 
2022-06-03 11:59:51.623 DEBUG [acme.framework.configuration.ExtendedMessageSource@http-nio-8080-exec-1] Loading properties [D:\windows10_folders\Proyecto\Projects\DP2-control-check\target\classes\WEB-INF\views\fragments\company-es.i18n] with encoding 'utf-8' 
2022-06-03 11:59:51.623 DEBUG [acme.framework.configuration.ExtendedMessageSource@http-nio-8080-exec-1] Loading properties [D:\windows10_folders\Proyecto\Projects\DP2-control-check\target\classes\WEB-INF\views\fragments\footer-es.i18n] with encoding 'utf-8' 
2022-06-03 11:59:51.624 DEBUG [acme.framework.configuration.ExtendedMessageSource@http-nio-8080-exec-1] Loading properties [D:\windows10_folders\Proyecto\Projects\DP2-control-check\target\classes\WEB-INF\views\fragments\license-es.i18n] with encoding 'utf-8' 
2022-06-03 11:59:51.624 DEBUG [acme.framework.configuration.ExtendedMessageSource@http-nio-8080-exec-1] Loading properties [D:\windows10_folders\Proyecto\Projects\DP2-control-check\target\classes\WEB-INF\views\fragments\menu-es.i18n] with encoding 'utf-8' 
2022-06-03 11:59:51.625 DEBUG [acme.framework.configuration.ExtendedMessageSource@http-nio-8080-exec-1] Loading properties [D:\windows10_folders\Proyecto\Projects\DP2-control-check\target\classes\WEB-INF\views\fragments\messages-es.i18n] with encoding 'utf-8' 
2022-06-03 11:59:51.626 DEBUG [acme.framework.configuration.ExtendedMessageSource@http-nio-8080-exec-1] Loading properties [D:\windows10_folders\Proyecto\Projects\DP2-control-check\target\classes\WEB-INF\views\fragments\messsages-es.i18n] with encoding 'utf-8' 
2022-06-03 11:59:51.626 DEBUG [acme.framework.configuration.ExtendedMessageSource@http-nio-8080-exec-1] Loading properties [D:\windows10_folders\Proyecto\Projects\DP2-control-check\target\classes\WEB-INF\views\fragments\title-es.i18n] with encoding 'utf-8' 
2022-06-03 11:59:51.627 DEBUG [acme.framework.configuration.ExtendedMessageSource@http-nio-8080-exec-1] Loading properties [D:\windows10_folders\Proyecto\Projects\DP2-control-check\target\classes\WEB-INF\views\fragments\welcome-es.i18n] with encoding 'utf-8' 
2022-06-03 11:59:51.628 DEBUG [acme.framework.configuration.ExtendedMessageSource@http-nio-8080-exec-1] Loading properties [D:\windows10_folders\Proyecto\Projects\DP2-control-check\target\classes\WEB-INF\views\inventor\item\messages-es.i18n] with encoding 'utf-8' 
2022-06-03 11:59:51.629 DEBUG [acme.framework.configuration.ExtendedMessageSource@http-nio-8080-exec-1] Loading properties [D:\windows10_folders\Proyecto\Projects\DP2-control-check\target\classes\WEB-INF\views\inventor\patronage\messages-es.i18n] with encoding 'utf-8' 
2022-06-03 11:59:51.629 DEBUG [acme.framework.configuration.ExtendedMessageSource@http-nio-8080-exec-1] Loading properties [D:\windows10_folders\Proyecto\Projects\DP2-control-check\target\classes\WEB-INF\views\inventor\patronage-report\messages-es.i18n] with encoding 'utf-8' 
2022-06-03 11:59:51.630 DEBUG [acme.framework.configuration.ExtendedMessageSource@http-nio-8080-exec-1] Loading properties [D:\windows10_folders\Proyecto\Projects\DP2-control-check\target\classes\WEB-INF\views\inventor\quantity\messages-es.i18n] with encoding 'utf-8' 
2022-06-03 11:59:51.631 DEBUG [acme.framework.configuration.ExtendedMessageSource@http-nio-8080-exec-1] Loading properties [D:\windows10_folders\Proyecto\Projects\DP2-control-check\target\classes\WEB-INF\views\inventor\toolkit\messages-es.i18n] with encoding 'utf-8' 
2022-06-03 11:59:51.631 DEBUG [acme.framework.configuration.ExtendedMessageSource@http-nio-8080-exec-1] Loading properties [D:\windows10_folders\Proyecto\Projects\DP2-control-check\target\classes\WEB-INF\views\inventor\xomemi\messages-es.i18n] with encoding 'utf-8' 
2022-06-03 11:59:51.632 DEBUG [acme.framework.configuration.ExtendedMessageSource@http-nio-8080-exec-1] Loading properties [D:\windows10_folders\Proyecto\Projects\DP2-control-check\target\classes\WEB-INF\views\master\defaults-es.i18n] with encoding 'utf-8' 
2022-06-03 11:59:51.633 DEBUG [acme.framework.configuration.ExtendedMessageSource@http-nio-8080-exec-1] Loading properties [D:\windows10_folders\Proyecto\Projects\DP2-control-check\target\classes\WEB-INF\views\master\master-es.i18n] with encoding 'utf-8' 
2022-06-03 11:59:51.633 DEBUG [acme.framework.configuration.ExtendedMessageSource@http-nio-8080-exec-1] Loading properties [D:\windows10_folders\Proyecto\Projects\DP2-control-check\target\classes\WEB-INF\views\master\throwables-es.i18n] with encoding 'utf-8' 
2022-06-03 11:59:51.634 DEBUG [acme.framework.configuration.ExtendedMessageSource@http-nio-8080-exec-1] Loading properties [D:\windows10_folders\Proyecto\Projects\DP2-control-check\target\classes\WEB-INF\views\master\validation-es.i18n] with encoding 'utf-8' 
2022-06-03 11:59:51.635 DEBUG [acme.framework.configuration.ExtendedMessageSource@http-nio-8080-exec-1] Loading properties [D:\windows10_folders\Proyecto\Projects\DP2-control-check\target\classes\WEB-INF\views\patron\patron-dashboard\messages-es.i18n] with encoding 'utf-8' 
2022-06-03 11:59:51.636 DEBUG [acme.framework.configuration.ExtendedMessageSource@http-nio-8080-exec-1] Loading properties [D:\windows10_folders\Proyecto\Projects\DP2-control-check\target\classes\WEB-INF\views\patron\patronage\messages-es.i18n] with encoding 'utf-8' 
2022-06-03 11:59:51.637 DEBUG [acme.framework.configuration.ExtendedMessageSource@http-nio-8080-exec-1] Loading properties [D:\windows10_folders\Proyecto\Projects\DP2-control-check\target\classes\WEB-INF\views\patron\patronage-report\messages-es.i18n] with encoding 'utf-8' 
2022-06-03 11:59:51.843 DEBUG [org.apache.jasper.servlet.JspServlet@http-nio-8080-exec-1] JspEngine --> /WEB-INF/views/fragments/welcome.jsp 
2022-06-03 11:59:51.844 DEBUG [org.apache.jasper.servlet.JspServlet@http-nio-8080-exec-1] ServletPath: /WEB-INF/views/master/page.jsp 
2022-06-03 11:59:51.845 DEBUG [org.apache.jasper.servlet.JspServlet@http-nio-8080-exec-1] PathInfo: null 
2022-06-03 11:59:51.847 DEBUG [org.apache.jasper.servlet.JspServlet@http-nio-8080-exec-1] RealPath: D:\windows10_folders\Proyecto\Projects\DP2-control-check\target\classes\WEB-INF\views\fragments\welcome.jsp 
2022-06-03 11:59:51.848 DEBUG [org.apache.jasper.servlet.JspServlet@http-nio-8080-exec-1] RequestURI: /acme-toolkit-22.1/WEB-INF/views/master/page.jsp 
2022-06-03 11:59:51.849 DEBUG [org.apache.jasper.servlet.JspServlet@http-nio-8080-exec-1] QueryString: null 
2022-06-03 11:59:52.150 DEBUG [org.hibernate.SQL@http-nio-8080-exec-1] select useraccoun0_.id as id1_0_, useraccoun0_.version as version2_0_, useraccoun0_.enabled as enabled1_17_, useraccoun0_.identity as identity2_17_, useraccoun0_.password as password3_17_, useraccoun0_.username as username4_17_ from user_account useraccoun0_ where useraccoun0_.username=? 
2022-06-03 11:59:52.178 TRACE [org.hibernate.type.descriptor.sql.BasicBinder@http-nio-8080-exec-1] binding parameter [1] as [VARCHAR] - [anonymous] 
2022-06-03 11:59:52.233 DEBUG [org.hibernate.SQL@http-nio-8080-exec-1] select roles0_.user_account_id as user_acc1_18_0_, roles0_.id as id1_18_0_, roles0_.id as id1_0_1_, roles0_.version as version2_0_1_, roles0_.user_account_id as user_acc1_18_1_, roles0_.company as company1_8_1_, roles0_.sector as sector2_8_1_, roles0_.company as company1_9_1_, roles0_.link as link2_9_1_, roles0_.statement as statemen3_9_1_, roles0_.company as company1_11_1_, roles0_.link as link2_11_1_, roles0_.statement as statemen3_11_1_, roles0_.company as company1_14_1_, roles0_.sector as sector2_14_1_, roles0_.clazz_ as clazz_1_ from ( select id, version, user_account_id, company, sector, null as link, null as statement, 11 as clazz_ from consumer union all select id, version, user_account_id, company, null as sector, link, statement, 12 as clazz_ from inventor union all select id, version, user_account_id, company, null as sector, link, statement, 13 as clazz_ from patron union all select id, version, user_account_id, company, sector, null as link, null as statement, 14 as clazz_ from provider union all select id, version, user_account_id, null as company, null as sector, null as link, null as statement, 16 as clazz_ from administrator union all select id, version, user_account_id, null as company, null as sector, null as link, null as statement, 17 as clazz_ from anonymous union all select id, version, user_account_id, null as company, null as sector, null as link, null as statement, 18 as clazz_ from any union all select id, version, user_account_id, null as company, null as sector, null as link, null as statement, 19 as clazz_ from authenticated ) roles0_ where roles0_.user_account_id=? 
2022-06-03 11:59:52.234 TRACE [org.hibernate.type.descriptor.sql.BasicBinder@http-nio-8080-exec-1] binding parameter [1] as [INTEGER] - [1] 
2022-06-03 11:59:55.166 DEBUG [acme.framework.components.tiles.DynamicTilesView@http-nio-8080-exec-9] View name 'master/sign-in', model {username=, password=, remember=false} 
2022-06-03 11:59:55.167 DEBUG [org.apache.jasper.servlet.JspServlet@http-nio-8080-exec-9] JspEngine --> /WEB-INF/views/master/page.jsp 
2022-06-03 11:59:55.167 DEBUG [org.apache.jasper.servlet.JspServlet@http-nio-8080-exec-9] ServletPath: /WEB-INF/views/master/page.jsp 
2022-06-03 11:59:55.167 DEBUG [org.apache.jasper.servlet.JspServlet@http-nio-8080-exec-9] PathInfo: null 
2022-06-03 11:59:55.168 DEBUG [org.apache.jasper.servlet.JspServlet@http-nio-8080-exec-9] RealPath: D:\windows10_folders\Proyecto\Projects\DP2-control-check\target\classes\WEB-INF\views\master\page.jsp 
2022-06-03 11:59:55.169 DEBUG [org.apache.jasper.servlet.JspServlet@http-nio-8080-exec-9] RequestURI: /acme-toolkit-22.1/WEB-INF/views/master/page.jsp 
2022-06-03 11:59:55.169 DEBUG [org.apache.jasper.servlet.JspServlet@http-nio-8080-exec-9] QueryString: null 
2022-06-03 11:59:55.274 DEBUG [org.apache.jasper.servlet.JspServlet@http-nio-8080-exec-9] JspEngine --> /WEB-INF/views/master/sign-in.jsp 
2022-06-03 11:59:55.274 DEBUG [org.apache.jasper.servlet.JspServlet@http-nio-8080-exec-9] ServletPath: /WEB-INF/views/master/page.jsp 
2022-06-03 11:59:55.275 DEBUG [org.apache.jasper.servlet.JspServlet@http-nio-8080-exec-9] PathInfo: null 
2022-06-03 11:59:55.275 DEBUG [org.apache.jasper.servlet.JspServlet@http-nio-8080-exec-9] RealPath: D:\windows10_folders\Proyecto\Projects\DP2-control-check\target\classes\WEB-INF\views\master\sign-in.jsp 
2022-06-03 11:59:55.276 DEBUG [org.apache.jasper.servlet.JspServlet@http-nio-8080-exec-9] RequestURI: /acme-toolkit-22.1/WEB-INF/views/master/page.jsp 
2022-06-03 11:59:55.276 DEBUG [org.apache.jasper.servlet.JspServlet@http-nio-8080-exec-9] QueryString: null 
2022-06-03 11:59:56.927 DEBUG [org.hibernate.SQL@http-nio-8080-exec-9] select useraccoun0_.id as id1_0_, useraccoun0_.version as version2_0_, useraccoun0_.enabled as enabled1_17_, useraccoun0_.identity as identity2_17_, useraccoun0_.password as password3_17_, useraccoun0_.username as username4_17_ from user_account useraccoun0_ where useraccoun0_.username=? 
2022-06-03 11:59:56.927 TRACE [org.hibernate.type.descriptor.sql.BasicBinder@http-nio-8080-exec-9] binding parameter [1] as [VARCHAR] - [anonymous] 
2022-06-03 11:59:56.929 DEBUG [org.hibernate.SQL@http-nio-8080-exec-9] select roles0_.user_account_id as user_acc1_18_0_, roles0_.id as id1_18_0_, roles0_.id as id1_0_1_, roles0_.version as version2_0_1_, roles0_.user_account_id as user_acc1_18_1_, roles0_.company as company1_8_1_, roles0_.sector as sector2_8_1_, roles0_.company as company1_9_1_, roles0_.link as link2_9_1_, roles0_.statement as statemen3_9_1_, roles0_.company as company1_11_1_, roles0_.link as link2_11_1_, roles0_.statement as statemen3_11_1_, roles0_.company as company1_14_1_, roles0_.sector as sector2_14_1_, roles0_.clazz_ as clazz_1_ from ( select id, version, user_account_id, company, sector, null as link, null as statement, 11 as clazz_ from consumer union all select id, version, user_account_id, company, null as sector, link, statement, 12 as clazz_ from inventor union all select id, version, user_account_id, company, null as sector, link, statement, 13 as clazz_ from patron union all select id, version, user_account_id, company, sector, null as link, null as statement, 14 as clazz_ from provider union all select id, version, user_account_id, null as company, null as sector, null as link, null as statement, 16 as clazz_ from administrator union all select id, version, user_account_id, null as company, null as sector, null as link, null as statement, 17 as clazz_ from anonymous union all select id, version, user_account_id, null as company, null as sector, null as link, null as statement, 18 as clazz_ from any union all select id, version, user_account_id, null as company, null as sector, null as link, null as statement, 19 as clazz_ from authenticated ) roles0_ where roles0_.user_account_id=? 
2022-06-03 11:59:56.930 TRACE [org.hibernate.type.descriptor.sql.BasicBinder@http-nio-8080-exec-9] binding parameter [1] as [INTEGER] - [1] 
2022-06-03 11:59:59.039 DEBUG [org.hibernate.SQL@http-nio-8080-exec-8] select useraccoun0_.id as id1_0_, useraccoun0_.version as version2_0_, useraccoun0_.enabled as enabled1_17_, useraccoun0_.identity as identity2_17_, useraccoun0_.password as password3_17_, useraccoun0_.username as username4_17_ from user_account useraccoun0_ where useraccoun0_.username=? 
2022-06-03 11:59:59.040 TRACE [org.hibernate.type.descriptor.sql.BasicBinder@http-nio-8080-exec-8] binding parameter [1] as [VARCHAR] - [administrator] 
2022-06-03 11:59:59.042 DEBUG [org.hibernate.SQL@http-nio-8080-exec-8] select roles0_.user_account_id as user_acc1_18_0_, roles0_.id as id1_18_0_, roles0_.id as id1_0_1_, roles0_.version as version2_0_1_, roles0_.user_account_id as user_acc1_18_1_, roles0_.company as company1_8_1_, roles0_.sector as sector2_8_1_, roles0_.company as company1_9_1_, roles0_.link as link2_9_1_, roles0_.statement as statemen3_9_1_, roles0_.company as company1_11_1_, roles0_.link as link2_11_1_, roles0_.statement as statemen3_11_1_, roles0_.company as company1_14_1_, roles0_.sector as sector2_14_1_, roles0_.clazz_ as clazz_1_ from ( select id, version, user_account_id, company, sector, null as link, null as statement, 11 as clazz_ from consumer union all select id, version, user_account_id, company, null as sector, link, statement, 12 as clazz_ from inventor union all select id, version, user_account_id, company, null as sector, link, statement, 13 as clazz_ from patron union all select id, version, user_account_id, company, sector, null as link, null as statement, 14 as clazz_ from provider union all select id, version, user_account_id, null as company, null as sector, null as link, null as statement, 16 as clazz_ from administrator union all select id, version, user_account_id, null as company, null as sector, null as link, null as statement, 17 as clazz_ from anonymous union all select id, version, user_account_id, null as company, null as sector, null as link, null as statement, 18 as clazz_ from any union all select id, version, user_account_id, null as company, null as sector, null as link, null as statement, 19 as clazz_ from authenticated ) roles0_ where roles0_.user_account_id=? 
2022-06-03 11:59:59.042 TRACE [org.hibernate.type.descriptor.sql.BasicBinder@http-nio-8080-exec-8] binding parameter [1] as [INTEGER] - [2] 
2022-06-03 11:59:59.075 DEBUG [acme.framework.components.tiles.DynamicTilesView@http-nio-8080-exec-4] View name 'fragments/welcome', model {} 
2022-06-03 11:59:59.076 DEBUG [org.apache.jasper.servlet.JspServlet@http-nio-8080-exec-4] JspEngine --> /WEB-INF/views/master/page.jsp 
2022-06-03 11:59:59.076 DEBUG [org.apache.jasper.servlet.JspServlet@http-nio-8080-exec-4] ServletPath: /WEB-INF/views/master/page.jsp 
2022-06-03 11:59:59.076 DEBUG [org.apache.jasper.servlet.JspServlet@http-nio-8080-exec-4] PathInfo: null 
2022-06-03 11:59:59.077 DEBUG [org.apache.jasper.servlet.JspServlet@http-nio-8080-exec-4] RealPath: D:\windows10_folders\Proyecto\Projects\DP2-control-check\target\classes\WEB-INF\views\master\page.jsp 
2022-06-03 11:59:59.078 DEBUG [org.apache.jasper.servlet.JspServlet@http-nio-8080-exec-4] RequestURI: /acme-toolkit-22.1/WEB-INF/views/master/page.jsp 
2022-06-03 11:59:59.078 DEBUG [org.apache.jasper.servlet.JspServlet@http-nio-8080-exec-4] QueryString: null 
2022-06-03 11:59:59.279 DEBUG [org.apache.jasper.servlet.JspServlet@http-nio-8080-exec-4] JspEngine --> /WEB-INF/views/fragments/welcome.jsp 
2022-06-03 11:59:59.279 DEBUG [org.apache.jasper.servlet.JspServlet@http-nio-8080-exec-4] ServletPath: /WEB-INF/views/master/page.jsp 
2022-06-03 11:59:59.280 DEBUG [org.apache.jasper.servlet.JspServlet@http-nio-8080-exec-4] PathInfo: null 
2022-06-03 11:59:59.281 DEBUG [org.apache.jasper.servlet.JspServlet@http-nio-8080-exec-4] RealPath: D:\windows10_folders\Proyecto\Projects\DP2-control-check\target\classes\WEB-INF\views\fragments\welcome.jsp 
2022-06-03 11:59:59.282 DEBUG [org.apache.jasper.servlet.JspServlet@http-nio-8080-exec-4] RequestURI: /acme-toolkit-22.1/WEB-INF/views/master/page.jsp 
2022-06-03 11:59:59.282 DEBUG [org.apache.jasper.servlet.JspServlet@http-nio-8080-exec-4] QueryString: null 
2022-06-03 12:00:07.305 DEBUG [acme.framework.controllers.AbstractController@http-nio-8080-exec-7] DISPATCHING GET /acme-toolkit-22.1/inventor/xomemi/create 
2022-06-03 12:00:07.305 DEBUG [acme.framework.controllers.AbstractController@http-nio-8080-exec-7] Command: create 
2022-06-03 12:00:07.305 DEBUG [acme.framework.controllers.AbstractController@http-nio-8080-exec-7] Model:   {id=64} 
2022-06-03 12:00:07.305 DEBUG [acme.framework.controllers.AbstractController@http-nio-8080-exec-7] Locale:  es 
2022-06-03 12:00:07.305 DEBUG [acme.framework.controllers.AbstractController@http-nio-8080-exec-7] Starting transaction 09cf0023-29ee-4315-a280-393d77a8b47c 
2022-06-03 12:00:07.312 DEBUG [org.hibernate.SQL@http-nio-8080-exec-7] select item0_.id as id1_0_, item0_.version as version2_0_, item0_.code as code1_10_, item0_.description as descript2_10_, item0_.inventor_id as invento10_10_, item0_.link as link3_10_, item0_.name as name4_10_, item0_.retail_price_amount as retail_p5_10_, item0_.retail_price_currency as retail_p6_10_, item0_.status as status7_10_, item0_.technology as technolo8_10_, item0_.type as type9_10_ from item item0_ where item0_.id=? 
2022-06-03 12:00:07.313 TRACE [org.hibernate.type.descriptor.sql.BasicBinder@http-nio-8080-exec-7] binding parameter [1] as [INTEGER] - [64] 
2022-06-03 12:00:07.315 DEBUG [org.hibernate.SQL@http-nio-8080-exec-7] select inventor0_.id as id1_0_0_, inventor0_.version as version2_0_0_, inventor0_.user_account_id as user_acc1_18_0_, inventor0_.company as company1_9_0_, inventor0_.link as link2_9_0_, inventor0_.statement as statemen3_9_0_, useraccoun1_.id as id1_0_1_, useraccoun1_.version as version2_0_1_, useraccoun1_.enabled as enabled1_17_1_, useraccoun1_.identity as identity2_17_1_, useraccoun1_.password as password3_17_1_, useraccoun1_.username as username4_17_1_ from inventor inventor0_ inner join user_account useraccoun1_ on inventor0_.user_account_id=useraccoun1_.id where inventor0_.id=? 
2022-06-03 12:00:07.315 TRACE [org.hibernate.type.descriptor.sql.BasicBinder@http-nio-8080-exec-7] binding parameter [1] as [INTEGER] - [13] 
2022-06-03 12:00:07.332 DEBUG [org.hibernate.SQL@http-nio-8080-exec-7] select inventor0_.id as id1_0_, inventor0_.version as version2_0_, inventor0_.user_account_id as user_acc1_18_, inventor0_.company as company1_9_, inventor0_.link as link2_9_, inventor0_.statement as statemen3_9_ from inventor inventor0_ where inventor0_.user_account_id=? 
2022-06-03 12:00:07.333 TRACE [org.hibernate.type.descriptor.sql.BasicBinder@http-nio-8080-exec-7] binding parameter [1] as [INTEGER] - [2] 
2022-06-03 12:00:07.335 DEBUG [org.hibernate.SQL@http-nio-8080-exec-7] select item0_.id as id1_0_, item0_.version as version2_0_, item0_.code as code1_10_, item0_.description as descript2_10_, item0_.inventor_id as invento10_10_, item0_.link as link3_10_, item0_.name as name4_10_, item0_.retail_price_amount as retail_p5_10_, item0_.retail_price_currency as retail_p6_10_, item0_.status as status7_10_, item0_.technology as technolo8_10_, item0_.type as type9_10_ from item item0_ where item0_.id=? 
2022-06-03 12:00:07.335 TRACE [org.hibernate.type.descriptor.sql.BasicBinder@http-nio-8080-exec-7] binding parameter [1] as [INTEGER] - [64] 
2022-06-03 12:00:07.343 DEBUG [acme.framework.controllers.AbstractController@http-nio-8080-exec-7] Committing transaction 09cf0023-29ee-4315-a280-393d77a8b47c 
2022-06-03 12:00:07.346 DEBUG [acme.framework.controllers.AbstractController@http-nio-8080-exec-7] Starting transaction 88086e41-747b-4250-876d-0c5cefc2c9bf 
2022-06-03 12:00:07.347 DEBUG [acme.framework.controllers.AbstractController@http-nio-8080-exec-7] Committing transaction 88086e41-747b-4250-876d-0c5cefc2c9bf 
2022-06-03 12:00:07.347 DEBUG [acme.framework.controllers.AbstractController@http-nio-8080-exec-7] SERVING GET /acme-toolkit-22.1/inventor/xomemi/create 
2022-06-03 12:00:07.348 DEBUG [acme.framework.controllers.AbstractController@http-nio-8080-exec-7] Result: ModelAndView [view="inventor/xomemi/form"; model={code=220503XOE, ration=<<EUR 0.00>>, name=, statement=, finishDate=null, id=64, version=0, startDate=null, furtherInfo=, command=create, principal=acme.framework.entities.Principal@583c9bfe}] 
2022-06-03 12:00:07.351 DEBUG [acme.framework.components.tiles.DynamicTilesView@http-nio-8080-exec-7] View name 'inventor/xomemi/form', model {code=220503XOE, ration=<<EUR 0.00>>, name=, statement=, finishDate=null, id=64, version=0, startDate=null, furtherInfo=, command=create, principal=acme.framework.entities.Principal@583c9bfe, org.springframework.validation.BindingResult.ration=org.springframework.validation.BeanPropertyBindingResult: 0 errors, org.springframework.validation.BindingResult.principal=org.springframework.validation.BeanPropertyBindingResult: 0 errors} 
2022-06-03 12:00:07.353 DEBUG [org.apache.jasper.servlet.JspServlet@http-nio-8080-exec-7] JspEngine --> /WEB-INF/views/master/page.jsp 
2022-06-03 12:00:07.353 DEBUG [org.apache.jasper.servlet.JspServlet@http-nio-8080-exec-7] ServletPath: /WEB-INF/views/master/page.jsp 
2022-06-03 12:00:07.353 DEBUG [org.apache.jasper.servlet.JspServlet@http-nio-8080-exec-7] PathInfo: null 
2022-06-03 12:00:07.354 DEBUG [org.apache.jasper.servlet.JspServlet@http-nio-8080-exec-7] RealPath: D:\windows10_folders\Proyecto\Projects\DP2-control-check\target\classes\WEB-INF\views\master\page.jsp 
2022-06-03 12:00:07.355 DEBUG [org.apache.jasper.servlet.JspServlet@http-nio-8080-exec-7] RequestURI: /acme-toolkit-22.1/WEB-INF/views/master/page.jsp 
2022-06-03 12:00:07.355 DEBUG [org.apache.jasper.servlet.JspServlet@http-nio-8080-exec-7] QueryString: id=64 
2022-06-03 12:00:07.470 DEBUG [org.apache.jasper.servlet.JspServlet@http-nio-8080-exec-7] JspEngine --> /WEB-INF/views/inventor/xomemi/form.jsp 
2022-06-03 12:00:07.470 DEBUG [org.apache.jasper.servlet.JspServlet@http-nio-8080-exec-7] ServletPath: /WEB-INF/views/master/page.jsp 
2022-06-03 12:00:07.471 DEBUG [org.apache.jasper.servlet.JspServlet@http-nio-8080-exec-7] PathInfo: null 
2022-06-03 12:00:07.471 DEBUG [org.apache.jasper.servlet.JspServlet@http-nio-8080-exec-7] RealPath: D:\windows10_folders\Proyecto\Projects\DP2-control-check\target\classes\WEB-INF\views\inventor\xomemi\form.jsp 
2022-06-03 12:00:07.472 DEBUG [org.apache.jasper.servlet.JspServlet@http-nio-8080-exec-7] RequestURI: /acme-toolkit-22.1/WEB-INF/views/master/page.jsp 
2022-06-03 12:00:07.472 DEBUG [org.apache.jasper.servlet.JspServlet@http-nio-8080-exec-7] QueryString: id=64 
