2022-06-03 12:09:52.652 INFO  [acme.Launcher@main] Starting Launcher using Java 1.8.0_202 on DESKTOP-S5P03EC with PID 1660 (D:\windows10_folders\Proyecto\Frameworks\Acme-Framework-22.7\target\classes started by danie in D:\windows10_folders\Proyecto\Projects\DP2-control-check) 
2022-06-03 12:09:52.653 DEBUG [acme.Launcher@main] Running with Spring Boot v2.4.2, Spring v5.3.3 
2022-06-03 12:09:52.655 INFO  [acme.Launcher@main] The following profiles are active: development,default 
2022-06-03 12:09:55.996 DEBUG [org.apache.jasper.servlet.JasperInitializer@main] Initializing Jasper for context [application] 
2022-06-03 12:10:02.560 DEBUG [org.apache.jasper.servlet.JspServlet@main] Scratch dir for the JSP engine is: [C:\Users\danie\AppData\Local\Temp\tomcat.8080.1709742106449396617\work\Tomcat\localhost\acme-toolkit-22.1] 
2022-06-03 12:10:02.562 DEBUG [org.apache.jasper.servlet.JspServlet@main] IMPORTANT: Do not modify the generated servlets 
2022-06-03 12:10:02.581 INFO  [acme.Launcher@main] Started Launcher in 10.546 seconds (JVM running for 11.066) 
2022-06-03 12:10:02.589 DEBUG [acme.Launcher@main] Found classpath entry '/D:/windows10_folders/Proyecto/Projects/DP2-control-check/target/test-classes/' 
2022-06-03 12:10:02.590 DEBUG [acme.Launcher@main] Found classpath entry '/D:/windows10_folders/Proyecto/Projects/DP2-control-check/target/classes/' 
2022-06-03 12:10:02.590 DEBUG [acme.Launcher@main] Found classpath entry '/D:/windows10_folders/Proyecto/Frameworks/Acme-Framework-22.7/target/classes/' 
2022-06-03 12:10:02.590 DEBUG [acme.Launcher@main] Found classpath entry '/D:/windows10_folders/Proyecto/Frameworks/Acme-Framework-22.7/target/test-classes/' 
2022-06-03 12:10:02.590 DEBUG [acme.Launcher@main] Found classpath entry '/C:/Users/danie/.m2/repository/org/springframework/boot/spring-boot-starter-tomcat/2.4.2/spring-boot-starter-tomcat-2.4.2.jar' 
2022-06-03 12:10:02.591 DEBUG [acme.Launcher@main] Found classpath entry '/C:/Users/danie/.m2/repository/jakarta/annotation/jakarta.annotation-api/1.3.5/jakarta.annotation-api-1.3.5.jar' 
2022-06-03 12:10:02.591 DEBUG [acme.Launcher@main] Found classpath entry '/C:/Users/danie/.m2/repository/org/apache/tomcat/embed/tomcat-embed-core/9.0.41/tomcat-embed-core-9.0.41.jar' 
2022-06-03 12:10:02.591 DEBUG [acme.Launcher@main] Found classpath entry '/C:/Users/danie/.m2/repository/org/glassfish/jakarta.el/3.0.3/jakarta.el-3.0.3.jar' 
2022-06-03 12:10:02.591 DEBUG [acme.Launcher@main] Found classpath entry '/C:/Users/danie/.m2/repository/org/apache/tomcat/embed/tomcat-embed-websocket/9.0.41/tomcat-embed-websocket-9.0.41.jar' 
2022-06-03 12:10:02.591 DEBUG [acme.Launcher@main] Found classpath entry '/C:/Users/danie/.m2/repository/org/apache/tomcat/embed/tomcat-embed-jasper/9.0.41/tomcat-embed-jasper-9.0.41.jar' 
2022-06-03 12:10:02.592 DEBUG [acme.Launcher@main] Found classpath entry '/C:/Users/danie/.m2/repository/org/apache/tomcat/embed/tomcat-embed-el/9.0.41/tomcat-embed-el-9.0.41.jar' 
2022-06-03 12:10:02.592 DEBUG [acme.Launcher@main] Found classpath entry '/C:/Users/danie/.m2/repository/org/eclipse/jdt/ecj/3.18.0/ecj-3.18.0.jar' 
2022-06-03 12:10:02.592 DEBUG [acme.Launcher@main] Found classpath entry '/C:/Users/danie/.m2/repository/javax/servlet/jstl/1.2/jstl-1.2.jar' 
2022-06-03 12:10:02.592 DEBUG [acme.Launcher@main] Found classpath entry '/C:/Users/danie/.m2/repository/org/springframework/boot/spring-boot-starter-security/2.4.2/spring-boot-starter-security-2.4.2.jar' 
2022-06-03 12:10:02.592 DEBUG [acme.Launcher@main] Found classpath entry '/C:/Users/danie/.m2/repository/org/springframework/boot/spring-boot-starter/2.4.2/spring-boot-starter-2.4.2.jar' 
2022-06-03 12:10:02.593 DEBUG [acme.Launcher@main] Found classpath entry '/C:/Users/danie/.m2/repository/org/springframework/boot/spring-boot/2.4.2/spring-boot-2.4.2.jar' 
2022-06-03 12:10:02.593 DEBUG [acme.Launcher@main] Found classpath entry '/C:/Users/danie/.m2/repository/org/springframework/boot/spring-boot-autoconfigure/2.4.2/spring-boot-autoconfigure-2.4.2.jar' 
2022-06-03 12:10:02.593 DEBUG [acme.Launcher@main] Found classpath entry '/C:/Users/danie/.m2/repository/org/springframework/boot/spring-boot-starter-logging/2.4.2/spring-boot-starter-logging-2.4.2.jar' 
2022-06-03 12:10:02.594 DEBUG [acme.Launcher@main] Found classpath entry '/C:/Users/danie/.m2/repository/ch/qos/logback/logback-classic/1.2.3/logback-classic-1.2.3.jar' 
2022-06-03 12:10:02.594 DEBUG [acme.Launcher@main] Found classpath entry '/C:/Users/danie/.m2/repository/ch/qos/logback/logback-core/1.2.3/logback-core-1.2.3.jar' 
2022-06-03 12:10:02.594 DEBUG [acme.Launcher@main] Found classpath entry '/C:/Users/danie/.m2/repository/org/apache/logging/log4j/log4j-to-slf4j/2.13.3/log4j-to-slf4j-2.13.3.jar' 
2022-06-03 12:10:02.594 DEBUG [acme.Launcher@main] Found classpath entry '/C:/Users/danie/.m2/repository/org/apache/logging/log4j/log4j-api/2.13.3/log4j-api-2.13.3.jar' 
2022-06-03 12:10:02.595 DEBUG [acme.Launcher@main] Found classpath entry '/C:/Users/danie/.m2/repository/org/slf4j/jul-to-slf4j/1.7.30/jul-to-slf4j-1.7.30.jar' 
2022-06-03 12:10:02.595 DEBUG [acme.Launcher@main] Found classpath entry '/C:/Users/danie/.m2/repository/org/yaml/snakeyaml/1.27/snakeyaml-1.27.jar' 
2022-06-03 12:10:02.595 DEBUG [acme.Launcher@main] Found classpath entry '/C:/Users/danie/.m2/repository/org/springframework/spring-aop/5.3.3/spring-aop-5.3.3.jar' 
2022-06-03 12:10:02.595 DEBUG [acme.Launcher@main] Found classpath entry '/C:/Users/danie/.m2/repository/org/springframework/security/spring-security-web/5.4.2/spring-security-web-5.4.2.jar' 
2022-06-03 12:10:02.595 DEBUG [acme.Launcher@main] Found classpath entry '/C:/Users/danie/.m2/repository/org/springframework/security/spring-security-core/5.4.2/spring-security-core-5.4.2.jar' 
2022-06-03 12:10:02.596 DEBUG [acme.Launcher@main] Found classpath entry '/C:/Users/danie/.m2/repository/org/springframework/spring-beans/5.3.3/spring-beans-5.3.3.jar' 
2022-06-03 12:10:02.596 DEBUG [acme.Launcher@main] Found classpath entry '/C:/Users/danie/.m2/repository/org/springframework/spring-context/5.3.3/spring-context-5.3.3.jar' 
2022-06-03 12:10:02.596 DEBUG [acme.Launcher@main] Found classpath entry '/C:/Users/danie/.m2/repository/org/springframework/spring-core/5.3.3/spring-core-5.3.3.jar' 
2022-06-03 12:10:02.596 DEBUG [acme.Launcher@main] Found classpath entry '/C:/Users/danie/.m2/repository/org/springframework/spring-jcl/5.3.3/spring-jcl-5.3.3.jar' 
2022-06-03 12:10:02.597 DEBUG [acme.Launcher@main] Found classpath entry '/C:/Users/danie/.m2/repository/org/springframework/spring-expression/5.3.3/spring-expression-5.3.3.jar' 
2022-06-03 12:10:02.597 DEBUG [acme.Launcher@main] Found classpath entry '/C:/Users/danie/.m2/repository/org/springframework/spring-web/5.3.3/spring-web-5.3.3.jar' 
2022-06-03 12:10:02.597 DEBUG [acme.Launcher@main] Found classpath entry '/C:/Users/danie/.m2/repository/org/springframework/security/spring-security-config/5.4.2/spring-security-config-5.4.2.jar' 
2022-06-03 12:10:02.597 DEBUG [acme.Launcher@main] Found classpath entry '/C:/Users/danie/.m2/repository/org/springframework/security/spring-security-taglibs/5.4.2/spring-security-taglibs-5.4.2.jar' 
2022-06-03 12:10:02.597 DEBUG [acme.Launcher@main] Found classpath entry '/C:/Users/danie/.m2/repository/org/springframework/security/spring-security-acl/5.4.2/spring-security-acl-5.4.2.jar' 
2022-06-03 12:10:02.598 DEBUG [acme.Launcher@main] Found classpath entry '/C:/Users/danie/.m2/repository/org/springframework/spring-jdbc/5.3.3/spring-jdbc-5.3.3.jar' 
2022-06-03 12:10:02.598 DEBUG [acme.Launcher@main] Found classpath entry '/C:/Users/danie/.m2/repository/org/springframework/spring-tx/5.3.3/spring-tx-5.3.3.jar' 
2022-06-03 12:10:02.598 DEBUG [acme.Launcher@main] Found classpath entry '/C:/Users/danie/.m2/repository/org/springframework/boot/spring-boot-starter-web/2.4.2/spring-boot-starter-web-2.4.2.jar' 
2022-06-03 12:10:02.598 DEBUG [acme.Launcher@main] Found classpath entry '/C:/Users/danie/.m2/repository/org/springframework/boot/spring-boot-starter-json/2.4.2/spring-boot-starter-json-2.4.2.jar' 
2022-06-03 12:10:02.598 DEBUG [acme.Launcher@main] Found classpath entry '/C:/Users/danie/.m2/repository/com/fasterxml/jackson/core/jackson-databind/2.11.4/jackson-databind-2.11.4.jar' 
2022-06-03 12:10:02.599 DEBUG [acme.Launcher@main] Found classpath entry '/C:/Users/danie/.m2/repository/com/fasterxml/jackson/core/jackson-annotations/2.11.4/jackson-annotations-2.11.4.jar' 
2022-06-03 12:10:02.599 DEBUG [acme.Launcher@main] Found classpath entry '/C:/Users/danie/.m2/repository/com/fasterxml/jackson/core/jackson-core/2.11.4/jackson-core-2.11.4.jar' 
2022-06-03 12:10:02.599 DEBUG [acme.Launcher@main] Found classpath entry '/C:/Users/danie/.m2/repository/com/fasterxml/jackson/datatype/jackson-datatype-jdk8/2.11.4/jackson-datatype-jdk8-2.11.4.jar' 
2022-06-03 12:10:02.599 DEBUG [acme.Launcher@main] Found classpath entry '/C:/Users/danie/.m2/repository/com/fasterxml/jackson/datatype/jackson-datatype-jsr310/2.11.4/jackson-datatype-jsr310-2.11.4.jar' 
2022-06-03 12:10:02.599 DEBUG [acme.Launcher@main] Found classpath entry '/C:/Users/danie/.m2/repository/com/fasterxml/jackson/module/jackson-module-parameter-names/2.11.4/jackson-module-parameter-names-2.11.4.jar' 
2022-06-03 12:10:02.600 DEBUG [acme.Launcher@main] Found classpath entry '/C:/Users/danie/.m2/repository/org/springframework/spring-webmvc/5.3.3/spring-webmvc-5.3.3.jar' 
2022-06-03 12:10:02.600 DEBUG [acme.Launcher@main] Found classpath entry '/C:/Users/danie/.m2/repository/org/apache/tiles/tiles-jsp/3.0.8/tiles-jsp-3.0.8.jar' 
2022-06-03 12:10:02.600 DEBUG [acme.Launcher@main] Found classpath entry '/C:/Users/danie/.m2/repository/org/apache/tiles/tiles-servlet/3.0.8/tiles-servlet-3.0.8.jar' 
2022-06-03 12:10:02.600 DEBUG [acme.Launcher@main] Found classpath entry '/C:/Users/danie/.m2/repository/org/apache/tiles/tiles-core/3.0.8/tiles-core-3.0.8.jar' 
2022-06-03 12:10:02.600 DEBUG [acme.Launcher@main] Found classpath entry '/C:/Users/danie/.m2/repository/commons-digester/commons-digester/2.0/commons-digester-2.0.jar' 
2022-06-03 12:10:02.600 DEBUG [acme.Launcher@main] Found classpath entry '/C:/Users/danie/.m2/repository/org/slf4j/jcl-over-slf4j/1.7.30/jcl-over-slf4j-1.7.30.jar' 
2022-06-03 12:10:02.601 DEBUG [acme.Launcher@main] Found classpath entry '/C:/Users/danie/.m2/repository/org/apache/tiles/tiles-request-servlet/1.0.7/tiles-request-servlet-1.0.7.jar' 
2022-06-03 12:10:02.601 DEBUG [acme.Launcher@main] Found classpath entry '/C:/Users/danie/.m2/repository/org/apache/tiles/tiles-template/3.0.8/tiles-template-3.0.8.jar' 
2022-06-03 12:10:02.601 DEBUG [acme.Launcher@main] Found classpath entry '/C:/Users/danie/.m2/repository/org/apache/tiles/tiles-api/3.0.8/tiles-api-3.0.8.jar' 
2022-06-03 12:10:02.601 DEBUG [acme.Launcher@main] Found classpath entry '/C:/Users/danie/.m2/repository/org/apache/tiles/tiles-autotag-core-runtime/1.2/tiles-autotag-core-runtime-1.2.jar' 
2022-06-03 12:10:02.601 DEBUG [acme.Launcher@main] Found classpath entry '/C:/Users/danie/.m2/repository/org/slf4j/slf4j-api/1.7.30/slf4j-api-1.7.30.jar' 
2022-06-03 12:10:02.602 DEBUG [acme.Launcher@main] Found classpath entry '/C:/Users/danie/.m2/repository/org/apache/tiles/tiles-request-jsp/1.0.7/tiles-request-jsp-1.0.7.jar' 
2022-06-03 12:10:02.602 DEBUG [acme.Launcher@main] Found classpath entry '/C:/Users/danie/.m2/repository/org/apache/tiles/tiles-request-api/1.0.7/tiles-request-api-1.0.7.jar' 
2022-06-03 12:10:02.602 DEBUG [acme.Launcher@main] Found classpath entry '/C:/Users/danie/.m2/repository/org/springframework/boot/spring-boot-starter-data-jpa/2.4.2/spring-boot-starter-data-jpa-2.4.2.jar' 
2022-06-03 12:10:02.602 DEBUG [acme.Launcher@main] Found classpath entry '/C:/Users/danie/.m2/repository/org/springframework/boot/spring-boot-starter-aop/2.4.2/spring-boot-starter-aop-2.4.2.jar' 
2022-06-03 12:10:02.602 DEBUG [acme.Launcher@main] Found classpath entry '/C:/Users/danie/.m2/repository/org/aspectj/aspectjweaver/1.9.6/aspectjweaver-1.9.6.jar' 
2022-06-03 12:10:02.602 DEBUG [acme.Launcher@main] Found classpath entry '/C:/Users/danie/.m2/repository/org/springframework/boot/spring-boot-starter-jdbc/2.4.2/spring-boot-starter-jdbc-2.4.2.jar' 
2022-06-03 12:10:02.603 DEBUG [acme.Launcher@main] Found classpath entry '/C:/Users/danie/.m2/repository/jakarta/transaction/jakarta.transaction-api/1.3.3/jakarta.transaction-api-1.3.3.jar' 
2022-06-03 12:10:02.603 DEBUG [acme.Launcher@main] Found classpath entry '/C:/Users/danie/.m2/repository/jakarta/persistence/jakarta.persistence-api/2.2.3/jakarta.persistence-api-2.2.3.jar' 
2022-06-03 12:10:02.603 DEBUG [acme.Launcher@main] Found classpath entry '/C:/Users/danie/.m2/repository/org/hibernate/hibernate-core/5.4.27.Final/hibernate-core-5.4.27.Final.jar' 
2022-06-03 12:10:02.603 DEBUG [acme.Launcher@main] Found classpath entry '/C:/Users/danie/.m2/repository/org/jboss/logging/jboss-logging/3.4.1.Final/jboss-logging-3.4.1.Final.jar' 
2022-06-03 12:10:02.603 DEBUG [acme.Launcher@main] Found classpath entry '/C:/Users/danie/.m2/repository/org/javassist/javassist/3.27.0-GA/javassist-3.27.0-GA.jar' 
2022-06-03 12:10:02.604 DEBUG [acme.Launcher@main] Found classpath entry '/C:/Users/danie/.m2/repository/antlr/antlr/2.7.7/antlr-2.7.7.jar' 
2022-06-03 12:10:02.604 DEBUG [acme.Launcher@main] Found classpath entry '/C:/Users/danie/.m2/repository/org/jboss/jandex/2.1.3.Final/jandex-2.1.3.Final.jar' 
2022-06-03 12:10:02.604 DEBUG [acme.Launcher@main] Found classpath entry '/C:/Users/danie/.m2/repository/com/fasterxml/classmate/1.5.1/classmate-1.5.1.jar' 
2022-06-03 12:10:02.604 DEBUG [acme.Launcher@main] Found classpath entry '/C:/Users/danie/.m2/repository/org/dom4j/dom4j/2.1.3/dom4j-2.1.3.jar' 
2022-06-03 12:10:02.605 DEBUG [acme.Launcher@main] Found classpath entry '/C:/Users/danie/.m2/repository/org/hibernate/common/hibernate-commons-annotations/5.1.2.Final/hibernate-commons-annotations-5.1.2.Final.jar' 
2022-06-03 12:10:02.605 DEBUG [acme.Launcher@main] Found classpath entry '/C:/Users/danie/.m2/repository/org/glassfish/jaxb/jaxb-runtime/2.3.3/jaxb-runtime-2.3.3.jar' 
2022-06-03 12:10:02.605 DEBUG [acme.Launcher@main] Found classpath entry '/C:/Users/danie/.m2/repository/org/glassfish/jaxb/txw2/2.3.3/txw2-2.3.3.jar' 
2022-06-03 12:10:02.605 DEBUG [acme.Launcher@main] Found classpath entry '/C:/Users/danie/.m2/repository/com/sun/istack/istack-commons-runtime/3.0.11/istack-commons-runtime-3.0.11.jar' 
2022-06-03 12:10:02.606 DEBUG [acme.Launcher@main] Found classpath entry '/C:/Users/danie/.m2/repository/com/sun/activation/jakarta.activation/1.2.2/jakarta.activation-1.2.2.jar' 
2022-06-03 12:10:02.606 DEBUG [acme.Launcher@main] Found classpath entry '/C:/Users/danie/.m2/repository/org/springframework/data/spring-data-jpa/2.4.3/spring-data-jpa-2.4.3.jar' 
2022-06-03 12:10:02.606 DEBUG [acme.Launcher@main] Found classpath entry '/C:/Users/danie/.m2/repository/org/springframework/data/spring-data-commons/2.4.3/spring-data-commons-2.4.3.jar' 
2022-06-03 12:10:02.606 DEBUG [acme.Launcher@main] Found classpath entry '/C:/Users/danie/.m2/repository/org/springframework/spring-orm/5.3.3/spring-orm-5.3.3.jar' 
2022-06-03 12:10:02.606 DEBUG [acme.Launcher@main] Found classpath entry '/C:/Users/danie/.m2/repository/org/springframework/spring-aspects/5.3.3/spring-aspects-5.3.3.jar' 
2022-06-03 12:10:02.606 DEBUG [acme.Launcher@main] Found classpath entry '/C:/Users/danie/.m2/repository/org/springframework/boot/spring-boot-starter-validation/2.4.2/spring-boot-starter-validation-2.4.2.jar' 
2022-06-03 12:10:02.607 DEBUG [acme.Launcher@main] Found classpath entry '/C:/Users/danie/.m2/repository/org/hibernate/validator/hibernate-validator/6.1.7.Final/hibernate-validator-6.1.7.Final.jar' 
2022-06-03 12:10:02.607 DEBUG [acme.Launcher@main] Found classpath entry '/C:/Users/danie/.m2/repository/jakarta/validation/jakarta.validation-api/2.0.2/jakarta.validation-api-2.0.2.jar' 
2022-06-03 12:10:02.607 DEBUG [acme.Launcher@main] Found classpath entry '/C:/Users/danie/.m2/repository/mysql/mysql-connector-java/8.0.22/mysql-connector-java-8.0.22.jar' 
2022-06-03 12:10:02.607 DEBUG [acme.Launcher@main] Found classpath entry '/C:/Users/danie/.m2/repository/com/zaxxer/HikariCP/3.4.5/HikariCP-3.4.5.jar' 
2022-06-03 12:10:02.607 DEBUG [acme.Launcher@main] Found classpath entry '/C:/Users/danie/.m2/repository/org/springframework/boot/spring-boot-starter-test/2.4.2/spring-boot-starter-test-2.4.2.jar' 
2022-06-03 12:10:02.607 DEBUG [acme.Launcher@main] Found classpath entry '/C:/Users/danie/.m2/repository/org/springframework/boot/spring-boot-test/2.4.2/spring-boot-test-2.4.2.jar' 
2022-06-03 12:10:02.607 DEBUG [acme.Launcher@main] Found classpath entry '/C:/Users/danie/.m2/repository/org/springframework/boot/spring-boot-test-autoconfigure/2.4.2/spring-boot-test-autoconfigure-2.4.2.jar' 
2022-06-03 12:10:02.607 DEBUG [acme.Launcher@main] Found classpath entry '/C:/Users/danie/.m2/repository/com/jayway/jsonpath/json-path/2.4.0/json-path-2.4.0.jar' 
2022-06-03 12:10:02.608 DEBUG [acme.Launcher@main] Found classpath entry '/C:/Users/danie/.m2/repository/net/minidev/json-smart/2.3/json-smart-2.3.jar' 
2022-06-03 12:10:02.608 DEBUG [acme.Launcher@main] Found classpath entry '/C:/Users/danie/.m2/repository/net/minidev/accessors-smart/1.2/accessors-smart-1.2.jar' 
2022-06-03 12:10:02.608 DEBUG [acme.Launcher@main] Found classpath entry '/C:/Users/danie/.m2/repository/org/ow2/asm/asm/5.0.4/asm-5.0.4.jar' 
2022-06-03 12:10:02.608 DEBUG [acme.Launcher@main] Found classpath entry '/C:/Users/danie/.m2/repository/jakarta/xml/bind/jakarta.xml.bind-api/2.3.3/jakarta.xml.bind-api-2.3.3.jar' 
2022-06-03 12:10:02.608 DEBUG [acme.Launcher@main] Found classpath entry '/C:/Users/danie/.m2/repository/jakarta/activation/jakarta.activation-api/1.2.2/jakarta.activation-api-1.2.2.jar' 
2022-06-03 12:10:02.608 DEBUG [acme.Launcher@main] Found classpath entry '/C:/Users/danie/.m2/repository/org/assertj/assertj-core/3.18.1/assertj-core-3.18.1.jar' 
2022-06-03 12:10:02.608 DEBUG [acme.Launcher@main] Found classpath entry '/C:/Users/danie/.m2/repository/org/hamcrest/hamcrest/2.2/hamcrest-2.2.jar' 
2022-06-03 12:10:02.608 DEBUG [acme.Launcher@main] Found classpath entry '/C:/Users/danie/.m2/repository/org/junit/jupiter/junit-jupiter/5.7.0/junit-jupiter-5.7.0.jar' 
2022-06-03 12:10:02.608 DEBUG [acme.Launcher@main] Found classpath entry '/C:/Users/danie/.m2/repository/org/mockito/mockito-core/3.6.28/mockito-core-3.6.28.jar' 
2022-06-03 12:10:02.609 DEBUG [acme.Launcher@main] Found classpath entry '/C:/Users/danie/.m2/repository/net/bytebuddy/byte-buddy-agent/1.10.19/byte-buddy-agent-1.10.19.jar' 
2022-06-03 12:10:02.609 DEBUG [acme.Launcher@main] Found classpath entry '/C:/Users/danie/.m2/repository/org/objenesis/objenesis/3.1/objenesis-3.1.jar' 
2022-06-03 12:10:02.609 DEBUG [acme.Launcher@main] Found classpath entry '/C:/Users/danie/.m2/repository/org/mockito/mockito-junit-jupiter/3.6.28/mockito-junit-jupiter-3.6.28.jar' 
2022-06-03 12:10:02.609 DEBUG [acme.Launcher@main] Found classpath entry '/C:/Users/danie/.m2/repository/org/skyscreamer/jsonassert/1.5.0/jsonassert-1.5.0.jar' 
2022-06-03 12:10:02.609 DEBUG [acme.Launcher@main] Found classpath entry '/C:/Users/danie/.m2/repository/com/vaadin/external/google/android-json/0.0.20131108.vaadin1/android-json-0.0.20131108.vaadin1.jar' 
2022-06-03 12:10:02.609 DEBUG [acme.Launcher@main] Found classpath entry '/C:/Users/danie/.m2/repository/org/springframework/spring-test/5.3.3/spring-test-5.3.3.jar' 
2022-06-03 12:10:02.609 DEBUG [acme.Launcher@main] Found classpath entry '/C:/Users/danie/.m2/repository/org/xmlunit/xmlunit-core/2.7.0/xmlunit-core-2.7.0.jar' 
2022-06-03 12:10:02.609 DEBUG [acme.Launcher@main] Found classpath entry '/C:/Users/danie/.m2/repository/org/junit/jupiter/junit-jupiter-engine/5.7.0/junit-jupiter-engine-5.7.0.jar' 
2022-06-03 12:10:02.609 DEBUG [acme.Launcher@main] Found classpath entry '/C:/Users/danie/.m2/repository/org/apiguardian/apiguardian-api/1.1.0/apiguardian-api-1.1.0.jar' 
2022-06-03 12:10:02.610 DEBUG [acme.Launcher@main] Found classpath entry '/C:/Users/danie/.m2/repository/org/junit/platform/junit-platform-engine/1.7.0/junit-platform-engine-1.7.0.jar' 
2022-06-03 12:10:02.610 DEBUG [acme.Launcher@main] Found classpath entry '/C:/Users/danie/.m2/repository/org/junit/jupiter/junit-jupiter-api/5.7.0/junit-jupiter-api-5.7.0.jar' 
2022-06-03 12:10:02.610 DEBUG [acme.Launcher@main] Found classpath entry '/C:/Users/danie/.m2/repository/org/opentest4j/opentest4j/1.2.0/opentest4j-1.2.0.jar' 
2022-06-03 12:10:02.610 DEBUG [acme.Launcher@main] Found classpath entry '/C:/Users/danie/.m2/repository/org/junit/platform/junit-platform-commons/1.7.0/junit-platform-commons-1.7.0.jar' 
2022-06-03 12:10:02.610 DEBUG [acme.Launcher@main] Found classpath entry '/C:/Users/danie/.m2/repository/org/junit/jupiter/junit-jupiter-params/5.7.0/junit-jupiter-params-5.7.0.jar' 
2022-06-03 12:10:02.610 DEBUG [acme.Launcher@main] Found classpath entry '/C:/Users/danie/.m2/repository/org/junit/platform/junit-platform-launcher/1.7.0/junit-platform-launcher-1.7.0.jar' 
2022-06-03 12:10:02.610 DEBUG [acme.Launcher@main] Found classpath entry '/C:/Users/danie/.m2/repository/org/seleniumhq/selenium/selenium-java/3.141.59/selenium-java-3.141.59.jar' 
2022-06-03 12:10:02.610 DEBUG [acme.Launcher@main] Found classpath entry '/C:/Users/danie/.m2/repository/org/seleniumhq/selenium/selenium-api/3.141.59/selenium-api-3.141.59.jar' 
2022-06-03 12:10:02.611 DEBUG [acme.Launcher@main] Found classpath entry '/C:/Users/danie/.m2/repository/org/seleniumhq/selenium/selenium-chrome-driver/3.141.59/selenium-chrome-driver-3.141.59.jar' 
2022-06-03 12:10:02.611 DEBUG [acme.Launcher@main] Found classpath entry '/C:/Users/danie/.m2/repository/org/seleniumhq/selenium/selenium-edge-driver/3.141.59/selenium-edge-driver-3.141.59.jar' 
2022-06-03 12:10:02.611 DEBUG [acme.Launcher@main] Found classpath entry '/C:/Users/danie/.m2/repository/org/seleniumhq/selenium/selenium-firefox-driver/3.141.59/selenium-firefox-driver-3.141.59.jar' 
2022-06-03 12:10:02.611 DEBUG [acme.Launcher@main] Found classpath entry '/C:/Users/danie/.m2/repository/org/seleniumhq/selenium/selenium-ie-driver/3.141.59/selenium-ie-driver-3.141.59.jar' 
2022-06-03 12:10:02.611 DEBUG [acme.Launcher@main] Found classpath entry '/C:/Users/danie/.m2/repository/org/seleniumhq/selenium/selenium-opera-driver/3.141.59/selenium-opera-driver-3.141.59.jar' 
2022-06-03 12:10:02.611 DEBUG [acme.Launcher@main] Found classpath entry '/C:/Users/danie/.m2/repository/org/seleniumhq/selenium/selenium-remote-driver/3.141.59/selenium-remote-driver-3.141.59.jar' 
2022-06-03 12:10:02.611 DEBUG [acme.Launcher@main] Found classpath entry '/C:/Users/danie/.m2/repository/org/seleniumhq/selenium/selenium-safari-driver/3.141.59/selenium-safari-driver-3.141.59.jar' 
2022-06-03 12:10:02.611 DEBUG [acme.Launcher@main] Found classpath entry '/C:/Users/danie/.m2/repository/org/seleniumhq/selenium/selenium-support/3.141.59/selenium-support-3.141.59.jar' 
2022-06-03 12:10:02.612 DEBUG [acme.Launcher@main] Found classpath entry '/C:/Users/danie/.m2/repository/net/bytebuddy/byte-buddy/1.10.19/byte-buddy-1.10.19.jar' 
2022-06-03 12:10:02.612 DEBUG [acme.Launcher@main] Found classpath entry '/C:/Users/danie/.m2/repository/org/apache/commons/commons-exec/1.3/commons-exec-1.3.jar' 
2022-06-03 12:10:02.612 DEBUG [acme.Launcher@main] Found classpath entry '/C:/Users/danie/.m2/repository/com/google/guava/guava/25.0-jre/guava-25.0-jre.jar' 
2022-06-03 12:10:02.612 DEBUG [acme.Launcher@main] Found classpath entry '/C:/Users/danie/.m2/repository/com/google/code/findbugs/jsr305/1.3.9/jsr305-1.3.9.jar' 
2022-06-03 12:10:02.612 DEBUG [acme.Launcher@main] Found classpath entry '/C:/Users/danie/.m2/repository/org/checkerframework/checker-compat-qual/2.0.0/checker-compat-qual-2.0.0.jar' 
2022-06-03 12:10:02.612 DEBUG [acme.Launcher@main] Found classpath entry '/C:/Users/danie/.m2/repository/com/google/errorprone/error_prone_annotations/2.1.3/error_prone_annotations-2.1.3.jar' 
2022-06-03 12:10:02.612 DEBUG [acme.Launcher@main] Found classpath entry '/C:/Users/danie/.m2/repository/com/google/j2objc/j2objc-annotations/1.1/j2objc-annotations-1.1.jar' 
2022-06-03 12:10:02.612 DEBUG [acme.Launcher@main] Found classpath entry '/C:/Users/danie/.m2/repository/org/codehaus/mojo/animal-sniffer-annotations/1.14/animal-sniffer-annotations-1.14.jar' 
2022-06-03 12:10:02.612 DEBUG [acme.Launcher@main] Found classpath entry '/C:/Users/danie/.m2/repository/com/squareup/okhttp3/okhttp/3.14.9/okhttp-3.14.9.jar' 
2022-06-03 12:10:02.612 DEBUG [acme.Launcher@main] Found classpath entry '/C:/Users/danie/.m2/repository/com/squareup/okio/okio/1.14.0/okio-1.14.0.jar' 
2022-06-03 12:10:02.613 DEBUG [acme.Launcher@main] Found classpath entry '/C:/Users/danie/.m2/repository/org/apache/commons/commons-lang3/3.11/commons-lang3-3.11.jar' 
2022-06-03 12:10:02.613 DEBUG [acme.Launcher@main] Found classpath entry '/C:/Users/danie/.m2/repository/org/apache/commons/commons-text/1.8/commons-text-1.8.jar' 
2022-06-03 12:10:02.613 DEBUG [acme.Launcher@main] Found classpath entry '/C:/Users/danie/.m2/repository/commons-io/commons-io/2.6/commons-io-2.6.jar' 
2022-06-03 12:10:02.613 DEBUG [acme.Launcher@main] Found classpath entry '/C:/Users/danie/.m2/repository/commons-cli/commons-cli/1.4/commons-cli-1.4.jar' 
2022-06-03 12:10:02.613 DEBUG [acme.Launcher@main] Found classpath entry '/C:/Users/danie/.m2/repository/org/projectlombok/lombok/1.18.16/lombok-1.18.16.jar' 
2022-06-03 12:10:02.613 DEBUG [acme.Launcher@main] Found classpath entry '/C:/Users/danie/.m2/repository/com/opencsv/opencsv/5.4/opencsv-5.4.jar' 
2022-06-03 12:10:02.613 DEBUG [acme.Launcher@main] Found classpath entry '/C:/Users/danie/.m2/repository/commons-beanutils/commons-beanutils/1.9.4/commons-beanutils-1.9.4.jar' 
2022-06-03 12:10:02.613 DEBUG [acme.Launcher@main] Found classpath entry '/C:/Users/danie/.m2/repository/commons-logging/commons-logging/1.2/commons-logging-1.2.jar' 
2022-06-03 12:10:02.614 DEBUG [acme.Launcher@main] Found classpath entry '/C:/Users/danie/.m2/repository/commons-collections/commons-collections/3.2.2/commons-collections-3.2.2.jar' 
2022-06-03 12:10:02.614 DEBUG [acme.Launcher@main] Found classpath entry '/C:/Users/danie/.m2/repository/org/apache/commons/commons-collections4/4.4/commons-collections4-4.4.jar' 
2022-06-03 12:10:02.614 DEBUG [acme.Launcher@main] Found classpath entry '/D:/windows10_folders/Proyecto/Projects/DP2-control-check/spamlib.jar' 
2022-06-03 12:10:02.718 DEBUG [acme.Launcher@main] Found entity class 'acme.entities.announcement.Announcement 
2022-06-03 12:10:02.718 DEBUG [acme.Launcher@main] Found entity class 'acme.entities.chirp.Chirp 
2022-06-03 12:10:02.719 DEBUG [acme.Launcher@main] Found entity class 'acme.entities.configuration.Configuration 
2022-06-03 12:10:02.719 DEBUG [acme.Launcher@main] Found entity class 'acme.entities.item.Item 
2022-06-03 12:10:02.719 DEBUG [acme.Launcher@main] Found entity class 'acme.entities.patronage.Patronage 
2022-06-03 12:10:02.719 DEBUG [acme.Launcher@main] Found entity class 'acme.entities.patronagereport.PatronageReport 
2022-06-03 12:10:02.719 DEBUG [acme.Launcher@main] Found entity class 'acme.entities.quantity.Quantity 
2022-06-03 12:10:02.719 DEBUG [acme.Launcher@main] Found entity class 'acme.entities.toolkit.Toolkit 
2022-06-03 12:10:02.720 DEBUG [acme.Launcher@main] Found entity class 'acme.entities.xomemi.Xomemi 
2022-06-03 12:10:02.720 DEBUG [acme.Launcher@main] Found entity class 'acme.roles.Consumer 
2022-06-03 12:10:02.720 DEBUG [acme.Launcher@main] Found entity class 'acme.roles.Inventor 
2022-06-03 12:10:02.720 DEBUG [acme.Launcher@main] Found entity class 'acme.roles.Patron 
2022-06-03 12:10:02.721 DEBUG [acme.Launcher@main] Found entity class 'acme.roles.Provider 
2022-06-03 12:10:02.722 DEBUG [acme.Launcher@main] Found entity class 'acme.framework.entities.UserAccount 
2022-06-03 12:10:02.723 DEBUG [acme.Launcher@main] Found entity class 'acme.framework.roles.Administrator 
2022-06-03 12:10:02.723 DEBUG [acme.Launcher@main] Found entity class 'acme.framework.roles.Anonymous 
2022-06-03 12:10:02.724 DEBUG [acme.Launcher@main] Found entity class 'acme.framework.roles.Any 
2022-06-03 12:10:02.724 DEBUG [acme.Launcher@main] Found entity class 'acme.framework.roles.Authenticated 
2022-06-03 12:10:02.729 INFO  [acme.Launcher@main] Running application (Standalone) 
2022-06-03 12:10:02.760 DEBUG [acme.framework.components.tiles.DynamicTilesView@http-nio-8080-exec-1] View name 'fragments/welcome', model {} 
2022-06-03 12:10:02.780 DEBUG [org.apache.tiles.definition.dao.BaseLocaleUrlDefinitionDAO@http-nio-8080-exec-1] File Resource file:/D:/windows10_folders/Proyecto/Projects/DP2-control-check/target/classes/WEB-INF/views/master/tiles_es.xml at file:/D:/windows10_folders/Proyecto/Projects/DP2-control-check/target/classes/WEB-INF/views/master/tiles_es.xml not found, continue 
2022-06-03 12:10:02.789 DEBUG [org.apache.jasper.servlet.JspServlet@http-nio-8080-exec-1] JspEngine --> /WEB-INF/views/master/page.jsp 
2022-06-03 12:10:02.790 DEBUG [org.apache.jasper.servlet.JspServlet@http-nio-8080-exec-1] ServletPath: /WEB-INF/views/master/page.jsp 
2022-06-03 12:10:02.791 DEBUG [org.apache.jasper.servlet.JspServlet@http-nio-8080-exec-1] PathInfo: null 
2022-06-03 12:10:02.793 DEBUG [org.apache.jasper.servlet.JspServlet@http-nio-8080-exec-1] RealPath: D:\windows10_folders\Proyecto\Projects\DP2-control-check\target\classes\WEB-INF\views\master\page.jsp 
2022-06-03 12:10:02.794 DEBUG [org.apache.jasper.servlet.JspServlet@http-nio-8080-exec-1] RequestURI: /acme-toolkit-22.1/WEB-INF/views/master/page.jsp 
2022-06-03 12:10:02.794 DEBUG [org.apache.jasper.servlet.JspServlet@http-nio-8080-exec-1] QueryString: null 
2022-06-03 12:10:07.049 DEBUG [acme.framework.configuration.ExtendedMessageSource@http-nio-8080-exec-1] Loading properties [D:\windows10_folders\Proyecto\Projects\DP2-control-check\target\classes\WEB-INF\views\administrator\announcement\messages-en.i18n] with encoding 'utf-8' 
2022-06-03 12:10:07.050 DEBUG [acme.framework.configuration.ExtendedMessageSource@http-nio-8080-exec-1] Loading properties [D:\windows10_folders\Proyecto\Projects\DP2-control-check\target\classes\WEB-INF\views\administrator\configuration\messages-en.i18n] with encoding 'utf-8' 
2022-06-03 12:10:07.051 DEBUG [acme.framework.configuration.ExtendedMessageSource@http-nio-8080-exec-1] Loading properties [D:\windows10_folders\Proyecto\Projects\DP2-control-check\target\classes\WEB-INF\views\administrator\dashboard\messages-en.i18n] with encoding 'utf-8' 
2022-06-03 12:10:07.052 DEBUG [acme.framework.configuration.ExtendedMessageSource@http-nio-8080-exec-1] Loading properties [D:\windows10_folders\Proyecto\Projects\DP2-control-check\target\classes\WEB-INF\views\administrator\user-account\messages-en.i18n] with encoding 'utf-8' 
2022-06-03 12:10:07.052 DEBUG [acme.framework.configuration.ExtendedMessageSource@http-nio-8080-exec-1] Loading properties [D:\windows10_folders\Proyecto\Projects\DP2-control-check\target\classes\WEB-INF\views\anonymous\user-account\messages-en.i18n] with encoding 'utf-8' 
2022-06-03 12:10:07.053 DEBUG [acme.framework.configuration.ExtendedMessageSource@http-nio-8080-exec-1] Loading properties [D:\windows10_folders\Proyecto\Projects\DP2-control-check\target\classes\WEB-INF\views\any\chirp\messages-en.i18n] with encoding 'utf-8' 
2022-06-03 12:10:07.053 DEBUG [acme.framework.configuration.ExtendedMessageSource@http-nio-8080-exec-1] Loading properties [D:\windows10_folders\Proyecto\Projects\DP2-control-check\target\classes\WEB-INF\views\any\item\messages-en.i18n] with encoding 'utf-8' 
2022-06-03 12:10:07.054 DEBUG [acme.framework.configuration.ExtendedMessageSource@http-nio-8080-exec-1] Loading properties [D:\windows10_folders\Proyecto\Projects\DP2-control-check\target\classes\WEB-INF\views\any\toolkit\messages-en.i18n] with encoding 'utf-8' 
2022-06-03 12:10:07.054 DEBUG [acme.framework.configuration.ExtendedMessageSource@http-nio-8080-exec-1] Loading properties [D:\windows10_folders\Proyecto\Projects\DP2-control-check\target\classes\WEB-INF\views\any\user-account\messages-en.i18n] with encoding 'utf-8' 
2022-06-03 12:10:07.055 DEBUG [acme.framework.configuration.ExtendedMessageSource@http-nio-8080-exec-1] Loading properties [D:\windows10_folders\Proyecto\Projects\DP2-control-check\target\classes\WEB-INF\views\authenticated\announcement\messages-en.i18n] with encoding 'utf-8' 
2022-06-03 12:10:07.055 DEBUG [acme.framework.configuration.ExtendedMessageSource@http-nio-8080-exec-1] Loading properties [D:\windows10_folders\Proyecto\Projects\DP2-control-check\target\classes\WEB-INF\views\authenticated\configuration\messages-en.i18n] with encoding 'utf-8' 
2022-06-03 12:10:07.056 DEBUG [acme.framework.configuration.ExtendedMessageSource@http-nio-8080-exec-1] Loading properties [D:\windows10_folders\Proyecto\Projects\DP2-control-check\target\classes\WEB-INF\views\authenticated\consumer\messsages-en.i18n] with encoding 'utf-8' 
2022-06-03 12:10:07.056 DEBUG [acme.framework.configuration.ExtendedMessageSource@http-nio-8080-exec-1] Loading properties [D:\windows10_folders\Proyecto\Projects\DP2-control-check\target\classes\WEB-INF\views\authenticated\inventor\messages-en.i18n] with encoding 'utf-8' 
2022-06-03 12:10:07.057 DEBUG [acme.framework.configuration.ExtendedMessageSource@http-nio-8080-exec-1] Loading properties [D:\windows10_folders\Proyecto\Projects\DP2-control-check\target\classes\WEB-INF\views\authenticated\patron\messages-en.i18n] with encoding 'utf-8' 
2022-06-03 12:10:07.057 DEBUG [acme.framework.configuration.ExtendedMessageSource@http-nio-8080-exec-1] Loading properties [D:\windows10_folders\Proyecto\Projects\DP2-control-check\target\classes\WEB-INF\views\authenticated\provider\messsages-en.i18n] with encoding 'utf-8' 
2022-06-03 12:10:07.057 DEBUG [acme.framework.configuration.ExtendedMessageSource@http-nio-8080-exec-1] Loading properties [D:\windows10_folders\Proyecto\Projects\DP2-control-check\target\classes\WEB-INF\views\authenticated\user-account\messages-en.i18n] with encoding 'utf-8' 
2022-06-03 12:10:07.058 DEBUG [acme.framework.configuration.ExtendedMessageSource@http-nio-8080-exec-1] Loading properties [D:\windows10_folders\Proyecto\Projects\DP2-control-check\target\classes\WEB-INF\views\fragments\banner-en.i18n] with encoding 'utf-8' 
2022-06-03 12:10:07.058 DEBUG [acme.framework.configuration.ExtendedMessageSource@http-nio-8080-exec-1] Loading properties [D:\windows10_folders\Proyecto\Projects\DP2-control-check\target\classes\WEB-INF\views\fragments\company-en.i18n] with encoding 'utf-8' 
2022-06-03 12:10:07.059 DEBUG [acme.framework.configuration.ExtendedMessageSource@http-nio-8080-exec-1] Loading properties [D:\windows10_folders\Proyecto\Projects\DP2-control-check\target\classes\WEB-INF\views\fragments\footer-en.i18n] with encoding 'utf-8' 
2022-06-03 12:10:07.059 DEBUG [acme.framework.configuration.ExtendedMessageSource@http-nio-8080-exec-1] Loading properties [D:\windows10_folders\Proyecto\Projects\DP2-control-check\target\classes\WEB-INF\views\fragments\license-en.i18n] with encoding 'utf-8' 
2022-06-03 12:10:07.060 DEBUG [acme.framework.configuration.ExtendedMessageSource@http-nio-8080-exec-1] Loading properties [D:\windows10_folders\Proyecto\Projects\DP2-control-check\target\classes\WEB-INF\views\fragments\menu-en.i18n] with encoding 'utf-8' 
2022-06-03 12:10:07.060 DEBUG [acme.framework.configuration.ExtendedMessageSource@http-nio-8080-exec-1] Loading properties [D:\windows10_folders\Proyecto\Projects\DP2-control-check\target\classes\WEB-INF\views\fragments\messages-en.i18n] with encoding 'utf-8' 
2022-06-03 12:10:07.061 DEBUG [acme.framework.configuration.ExtendedMessageSource@http-nio-8080-exec-1] Loading properties [D:\windows10_folders\Proyecto\Projects\DP2-control-check\target\classes\WEB-INF\views\fragments\messsages-en.i18n] with encoding 'utf-8' 
2022-06-03 12:10:07.061 DEBUG [acme.framework.configuration.ExtendedMessageSource@http-nio-8080-exec-1] Loading properties [D:\windows10_folders\Proyecto\Projects\DP2-control-check\target\classes\WEB-INF\views\fragments\title-en.i18n] with encoding 'utf-8' 
2022-06-03 12:10:07.062 DEBUG [acme.framework.configuration.ExtendedMessageSource@http-nio-8080-exec-1] Loading properties [D:\windows10_folders\Proyecto\Projects\DP2-control-check\target\classes\WEB-INF\views\fragments\welcome-en.i18n] with encoding 'utf-8' 
2022-06-03 12:10:07.062 DEBUG [acme.framework.configuration.ExtendedMessageSource@http-nio-8080-exec-1] Loading properties [D:\windows10_folders\Proyecto\Projects\DP2-control-check\target\classes\WEB-INF\views\inventor\item\messages-en.i18n] with encoding 'utf-8' 
2022-06-03 12:10:07.063 DEBUG [acme.framework.configuration.ExtendedMessageSource@http-nio-8080-exec-1] Loading properties [D:\windows10_folders\Proyecto\Projects\DP2-control-check\target\classes\WEB-INF\views\inventor\patronage\messages-en.i18n] with encoding 'utf-8' 
2022-06-03 12:10:07.064 DEBUG [acme.framework.configuration.ExtendedMessageSource@http-nio-8080-exec-1] Loading properties [D:\windows10_folders\Proyecto\Projects\DP2-control-check\target\classes\WEB-INF\views\inventor\patronage-report\messages-en.i18n] with encoding 'utf-8' 
2022-06-03 12:10:07.065 DEBUG [acme.framework.configuration.ExtendedMessageSource@http-nio-8080-exec-1] Loading properties [D:\windows10_folders\Proyecto\Projects\DP2-control-check\target\classes\WEB-INF\views\inventor\quantity\messages-en.i18n] with encoding 'utf-8' 
2022-06-03 12:10:07.066 DEBUG [acme.framework.configuration.ExtendedMessageSource@http-nio-8080-exec-1] Loading properties [D:\windows10_folders\Proyecto\Projects\DP2-control-check\target\classes\WEB-INF\views\inventor\toolkit\messages-en.i18n] with encoding 'utf-8' 
2022-06-03 12:10:07.066 DEBUG [acme.framework.configuration.ExtendedMessageSource@http-nio-8080-exec-1] Loading properties [D:\windows10_folders\Proyecto\Projects\DP2-control-check\target\classes\WEB-INF\views\inventor\xomemi\messages-en.i18n] with encoding 'utf-8' 
2022-06-03 12:10:07.067 DEBUG [acme.framework.configuration.ExtendedMessageSource@http-nio-8080-exec-1] Loading properties [D:\windows10_folders\Proyecto\Projects\DP2-control-check\target\classes\WEB-INF\views\master\defaults-en.i18n] with encoding 'utf-8' 
2022-06-03 12:10:07.068 DEBUG [acme.framework.configuration.ExtendedMessageSource@http-nio-8080-exec-1] Loading properties [D:\windows10_folders\Proyecto\Projects\DP2-control-check\target\classes\WEB-INF\views\master\master-en.i18n] with encoding 'utf-8' 
2022-06-03 12:10:07.068 DEBUG [acme.framework.configuration.ExtendedMessageSource@http-nio-8080-exec-1] Loading properties [D:\windows10_folders\Proyecto\Projects\DP2-control-check\target\classes\WEB-INF\views\master\throwables-en.i18n] with encoding 'utf-8' 
2022-06-03 12:10:07.069 DEBUG [acme.framework.configuration.ExtendedMessageSource@http-nio-8080-exec-1] Loading properties [D:\windows10_folders\Proyecto\Projects\DP2-control-check\target\classes\WEB-INF\views\master\validation-en.i18n] with encoding 'utf-8' 
2022-06-03 12:10:07.070 DEBUG [acme.framework.configuration.ExtendedMessageSource@http-nio-8080-exec-1] Loading properties [D:\windows10_folders\Proyecto\Projects\DP2-control-check\target\classes\WEB-INF\views\patron\patron-dashboard\messages-en.i18n] with encoding 'utf-8' 
2022-06-03 12:10:07.070 DEBUG [acme.framework.configuration.ExtendedMessageSource@http-nio-8080-exec-1] Loading properties [D:\windows10_folders\Proyecto\Projects\DP2-control-check\target\classes\WEB-INF\views\patron\patronage\messages-en.i18n] with encoding 'utf-8' 
2022-06-03 12:10:07.071 DEBUG [acme.framework.configuration.ExtendedMessageSource@http-nio-8080-exec-1] Loading properties [D:\windows10_folders\Proyecto\Projects\DP2-control-check\target\classes\WEB-INF\views\patron\patronage-report\messages-en.i18n] with encoding 'utf-8' 
2022-06-03 12:10:07.081 DEBUG [acme.framework.configuration.ExtendedMessageSource@http-nio-8080-exec-1] Loading properties [D:\windows10_folders\Proyecto\Projects\DP2-control-check\target\classes\WEB-INF\views\administrator\announcement\messages-es.i18n] with encoding 'utf-8' 
2022-06-03 12:10:07.082 DEBUG [acme.framework.configuration.ExtendedMessageSource@http-nio-8080-exec-1] Loading properties [D:\windows10_folders\Proyecto\Projects\DP2-control-check\target\classes\WEB-INF\views\administrator\configuration\messages-es.i18n] with encoding 'utf-8' 
2022-06-03 12:10:07.082 DEBUG [acme.framework.configuration.ExtendedMessageSource@http-nio-8080-exec-1] Loading properties [D:\windows10_folders\Proyecto\Projects\DP2-control-check\target\classes\WEB-INF\views\administrator\dashboard\messages-es.i18n] with encoding 'utf-8' 
2022-06-03 12:10:07.083 DEBUG [acme.framework.configuration.ExtendedMessageSource@http-nio-8080-exec-1] Loading properties [D:\windows10_folders\Proyecto\Projects\DP2-control-check\target\classes\WEB-INF\views\administrator\user-account\messages-es.i18n] with encoding 'utf-8' 
2022-06-03 12:10:07.083 DEBUG [acme.framework.configuration.ExtendedMessageSource@http-nio-8080-exec-1] Loading properties [D:\windows10_folders\Proyecto\Projects\DP2-control-check\target\classes\WEB-INF\views\anonymous\user-account\messages-es.i18n] with encoding 'utf-8' 
2022-06-03 12:10:07.084 DEBUG [acme.framework.configuration.ExtendedMessageSource@http-nio-8080-exec-1] Loading properties [D:\windows10_folders\Proyecto\Projects\DP2-control-check\target\classes\WEB-INF\views\any\chirp\messages-es.i18n] with encoding 'utf-8' 
2022-06-03 12:10:07.084 DEBUG [acme.framework.configuration.ExtendedMessageSource@http-nio-8080-exec-1] Loading properties [D:\windows10_folders\Proyecto\Projects\DP2-control-check\target\classes\WEB-INF\views\any\item\messages-es.i18n] with encoding 'utf-8' 
2022-06-03 12:10:07.085 DEBUG [acme.framework.configuration.ExtendedMessageSource@http-nio-8080-exec-1] Loading properties [D:\windows10_folders\Proyecto\Projects\DP2-control-check\target\classes\WEB-INF\views\any\toolkit\messages-es.i18n] with encoding 'utf-8' 
2022-06-03 12:10:07.086 DEBUG [acme.framework.configuration.ExtendedMessageSource@http-nio-8080-exec-1] Loading properties [D:\windows10_folders\Proyecto\Projects\DP2-control-check\target\classes\WEB-INF\views\authenticated\announcement\messages-es.i18n] with encoding 'utf-8' 
2022-06-03 12:10:07.087 DEBUG [acme.framework.configuration.ExtendedMessageSource@http-nio-8080-exec-1] Loading properties [D:\windows10_folders\Proyecto\Projects\DP2-control-check\target\classes\WEB-INF\views\authenticated\configuration\messages-es.i18n] with encoding 'utf-8' 
2022-06-03 12:10:07.087 DEBUG [acme.framework.configuration.ExtendedMessageSource@http-nio-8080-exec-1] Loading properties [D:\windows10_folders\Proyecto\Projects\DP2-control-check\target\classes\WEB-INF\views\authenticated\consumer\messsages-es.i18n] with encoding 'utf-8' 
2022-06-03 12:10:07.088 DEBUG [acme.framework.configuration.ExtendedMessageSource@http-nio-8080-exec-1] Loading properties [D:\windows10_folders\Proyecto\Projects\DP2-control-check\target\classes\WEB-INF\views\authenticated\inventor\messages-es.i18n] with encoding 'utf-8' 
2022-06-03 12:10:07.088 DEBUG [acme.framework.configuration.ExtendedMessageSource@http-nio-8080-exec-1] Loading properties [D:\windows10_folders\Proyecto\Projects\DP2-control-check\target\classes\WEB-INF\views\authenticated\patron\messages-es.i18n] with encoding 'utf-8' 
2022-06-03 12:10:07.089 DEBUG [acme.framework.configuration.ExtendedMessageSource@http-nio-8080-exec-1] Loading properties [D:\windows10_folders\Proyecto\Projects\DP2-control-check\target\classes\WEB-INF\views\authenticated\provider\messsages-es.i18n] with encoding 'utf-8' 
2022-06-03 12:10:07.089 DEBUG [acme.framework.configuration.ExtendedMessageSource@http-nio-8080-exec-1] Loading properties [D:\windows10_folders\Proyecto\Projects\DP2-control-check\target\classes\WEB-INF\views\authenticated\user-account\messages-es.i18n] with encoding 'utf-8' 
2022-06-03 12:10:07.090 DEBUG [acme.framework.configuration.ExtendedMessageSource@http-nio-8080-exec-1] Loading properties [D:\windows10_folders\Proyecto\Projects\DP2-control-check\target\classes\WEB-INF\views\fragments\banner-es.i18n] with encoding 'utf-8' 
2022-06-03 12:10:07.090 DEBUG [acme.framework.configuration.ExtendedMessageSource@http-nio-8080-exec-1] Loading properties [D:\windows10_folders\Proyecto\Projects\DP2-control-check\target\classes\WEB-INF\views\fragments\company-es.i18n] with encoding 'utf-8' 
2022-06-03 12:10:07.090 DEBUG [acme.framework.configuration.ExtendedMessageSource@http-nio-8080-exec-1] Loading properties [D:\windows10_folders\Proyecto\Projects\DP2-control-check\target\classes\WEB-INF\views\fragments\footer-es.i18n] with encoding 'utf-8' 
2022-06-03 12:10:07.091 DEBUG [acme.framework.configuration.ExtendedMessageSource@http-nio-8080-exec-1] Loading properties [D:\windows10_folders\Proyecto\Projects\DP2-control-check\target\classes\WEB-INF\views\fragments\license-es.i18n] with encoding 'utf-8' 
2022-06-03 12:10:07.091 DEBUG [acme.framework.configuration.ExtendedMessageSource@http-nio-8080-exec-1] Loading properties [D:\windows10_folders\Proyecto\Projects\DP2-control-check\target\classes\WEB-INF\views\fragments\menu-es.i18n] with encoding 'utf-8' 
2022-06-03 12:10:07.092 DEBUG [acme.framework.configuration.ExtendedMessageSource@http-nio-8080-exec-1] Loading properties [D:\windows10_folders\Proyecto\Projects\DP2-control-check\target\classes\WEB-INF\views\fragments\messages-es.i18n] with encoding 'utf-8' 
2022-06-03 12:10:07.092 DEBUG [acme.framework.configuration.ExtendedMessageSource@http-nio-8080-exec-1] Loading properties [D:\windows10_folders\Proyecto\Projects\DP2-control-check\target\classes\WEB-INF\views\fragments\messsages-es.i18n] with encoding 'utf-8' 
2022-06-03 12:10:07.093 DEBUG [acme.framework.configuration.ExtendedMessageSource@http-nio-8080-exec-1] Loading properties [D:\windows10_folders\Proyecto\Projects\DP2-control-check\target\classes\WEB-INF\views\fragments\title-es.i18n] with encoding 'utf-8' 
2022-06-03 12:10:07.093 DEBUG [acme.framework.configuration.ExtendedMessageSource@http-nio-8080-exec-1] Loading properties [D:\windows10_folders\Proyecto\Projects\DP2-control-check\target\classes\WEB-INF\views\fragments\welcome-es.i18n] with encoding 'utf-8' 
2022-06-03 12:10:07.094 DEBUG [acme.framework.configuration.ExtendedMessageSource@http-nio-8080-exec-1] Loading properties [D:\windows10_folders\Proyecto\Projects\DP2-control-check\target\classes\WEB-INF\views\inventor\item\messages-es.i18n] with encoding 'utf-8' 
2022-06-03 12:10:07.094 DEBUG [acme.framework.configuration.ExtendedMessageSource@http-nio-8080-exec-1] Loading properties [D:\windows10_folders\Proyecto\Projects\DP2-control-check\target\classes\WEB-INF\views\inventor\patronage\messages-es.i18n] with encoding 'utf-8' 
2022-06-03 12:10:07.095 DEBUG [acme.framework.configuration.ExtendedMessageSource@http-nio-8080-exec-1] Loading properties [D:\windows10_folders\Proyecto\Projects\DP2-control-check\target\classes\WEB-INF\views\inventor\patronage-report\messages-es.i18n] with encoding 'utf-8' 
2022-06-03 12:10:07.095 DEBUG [acme.framework.configuration.ExtendedMessageSource@http-nio-8080-exec-1] Loading properties [D:\windows10_folders\Proyecto\Projects\DP2-control-check\target\classes\WEB-INF\views\inventor\quantity\messages-es.i18n] with encoding 'utf-8' 
2022-06-03 12:10:07.096 DEBUG [acme.framework.configuration.ExtendedMessageSource@http-nio-8080-exec-1] Loading properties [D:\windows10_folders\Proyecto\Projects\DP2-control-check\target\classes\WEB-INF\views\inventor\toolkit\messages-es.i18n] with encoding 'utf-8' 
2022-06-03 12:10:07.097 DEBUG [acme.framework.configuration.ExtendedMessageSource@http-nio-8080-exec-1] Loading properties [D:\windows10_folders\Proyecto\Projects\DP2-control-check\target\classes\WEB-INF\views\inventor\xomemi\messages-es.i18n] with encoding 'utf-8' 
2022-06-03 12:10:07.097 DEBUG [acme.framework.configuration.ExtendedMessageSource@http-nio-8080-exec-1] Loading properties [D:\windows10_folders\Proyecto\Projects\DP2-control-check\target\classes\WEB-INF\views\master\defaults-es.i18n] with encoding 'utf-8' 
2022-06-03 12:10:07.098 DEBUG [acme.framework.configuration.ExtendedMessageSource@http-nio-8080-exec-1] Loading properties [D:\windows10_folders\Proyecto\Projects\DP2-control-check\target\classes\WEB-INF\views\master\master-es.i18n] with encoding 'utf-8' 
2022-06-03 12:10:07.099 DEBUG [acme.framework.configuration.ExtendedMessageSource@http-nio-8080-exec-1] Loading properties [D:\windows10_folders\Proyecto\Projects\DP2-control-check\target\classes\WEB-INF\views\master\throwables-es.i18n] with encoding 'utf-8' 
2022-06-03 12:10:07.100 DEBUG [acme.framework.configuration.ExtendedMessageSource@http-nio-8080-exec-1] Loading properties [D:\windows10_folders\Proyecto\Projects\DP2-control-check\target\classes\WEB-INF\views\master\validation-es.i18n] with encoding 'utf-8' 
2022-06-03 12:10:07.100 DEBUG [acme.framework.configuration.ExtendedMessageSource@http-nio-8080-exec-1] Loading properties [D:\windows10_folders\Proyecto\Projects\DP2-control-check\target\classes\WEB-INF\views\patron\patron-dashboard\messages-es.i18n] with encoding 'utf-8' 
2022-06-03 12:10:07.101 DEBUG [acme.framework.configuration.ExtendedMessageSource@http-nio-8080-exec-1] Loading properties [D:\windows10_folders\Proyecto\Projects\DP2-control-check\target\classes\WEB-INF\views\patron\patronage\messages-es.i18n] with encoding 'utf-8' 
2022-06-03 12:10:07.102 DEBUG [acme.framework.configuration.ExtendedMessageSource@http-nio-8080-exec-1] Loading properties [D:\windows10_folders\Proyecto\Projects\DP2-control-check\target\classes\WEB-INF\views\patron\patronage-report\messages-es.i18n] with encoding 'utf-8' 
2022-06-03 12:10:07.277 DEBUG [org.apache.jasper.servlet.JspServlet@http-nio-8080-exec-1] JspEngine --> /WEB-INF/views/fragments/welcome.jsp 
2022-06-03 12:10:07.278 DEBUG [org.apache.jasper.servlet.JspServlet@http-nio-8080-exec-1] ServletPath: /WEB-INF/views/master/page.jsp 
2022-06-03 12:10:07.278 DEBUG [org.apache.jasper.servlet.JspServlet@http-nio-8080-exec-1] PathInfo: null 
2022-06-03 12:10:07.280 DEBUG [org.apache.jasper.servlet.JspServlet@http-nio-8080-exec-1] RealPath: D:\windows10_folders\Proyecto\Projects\DP2-control-check\target\classes\WEB-INF\views\fragments\welcome.jsp 
2022-06-03 12:10:07.280 DEBUG [org.apache.jasper.servlet.JspServlet@http-nio-8080-exec-1] RequestURI: /acme-toolkit-22.1/WEB-INF/views/master/page.jsp 
2022-06-03 12:10:07.281 DEBUG [org.apache.jasper.servlet.JspServlet@http-nio-8080-exec-1] QueryString: null 
2022-06-03 12:10:07.569 DEBUG [org.hibernate.SQL@http-nio-8080-exec-1] select useraccoun0_.id as id1_0_, useraccoun0_.version as version2_0_, useraccoun0_.enabled as enabled1_17_, useraccoun0_.identity as identity2_17_, useraccoun0_.password as password3_17_, useraccoun0_.username as username4_17_ from user_account useraccoun0_ where useraccoun0_.username=? 
2022-06-03 12:10:07.594 TRACE [org.hibernate.type.descriptor.sql.BasicBinder@http-nio-8080-exec-1] binding parameter [1] as [VARCHAR] - [anonymous] 
2022-06-03 12:10:07.646 DEBUG [org.hibernate.SQL@http-nio-8080-exec-1] select roles0_.user_account_id as user_acc1_18_0_, roles0_.id as id1_18_0_, roles0_.id as id1_0_1_, roles0_.version as version2_0_1_, roles0_.user_account_id as user_acc1_18_1_, roles0_.company as company1_8_1_, roles0_.sector as sector2_8_1_, roles0_.company as company1_9_1_, roles0_.link as link2_9_1_, roles0_.statement as statemen3_9_1_, roles0_.company as company1_11_1_, roles0_.link as link2_11_1_, roles0_.statement as statemen3_11_1_, roles0_.company as company1_14_1_, roles0_.sector as sector2_14_1_, roles0_.clazz_ as clazz_1_ from ( select id, version, user_account_id, company, sector, null as link, null as statement, 11 as clazz_ from consumer union all select id, version, user_account_id, company, null as sector, link, statement, 12 as clazz_ from inventor union all select id, version, user_account_id, company, null as sector, link, statement, 13 as clazz_ from patron union all select id, version, user_account_id, company, sector, null as link, null as statement, 14 as clazz_ from provider union all select id, version, user_account_id, null as company, null as sector, null as link, null as statement, 16 as clazz_ from administrator union all select id, version, user_account_id, null as company, null as sector, null as link, null as statement, 17 as clazz_ from anonymous union all select id, version, user_account_id, null as company, null as sector, null as link, null as statement, 18 as clazz_ from any union all select id, version, user_account_id, null as company, null as sector, null as link, null as statement, 19 as clazz_ from authenticated ) roles0_ where roles0_.user_account_id=? 
2022-06-03 12:10:07.647 TRACE [org.hibernate.type.descriptor.sql.BasicBinder@http-nio-8080-exec-1] binding parameter [1] as [INTEGER] - [1] 
2022-06-03 12:10:09.431 DEBUG [acme.framework.components.tiles.DynamicTilesView@http-nio-8080-exec-3] View name 'master/sign-in', model {username=, password=, remember=false} 
2022-06-03 12:10:09.433 DEBUG [org.apache.jasper.servlet.JspServlet@http-nio-8080-exec-3] JspEngine --> /WEB-INF/views/master/page.jsp 
2022-06-03 12:10:09.433 DEBUG [org.apache.jasper.servlet.JspServlet@http-nio-8080-exec-3] ServletPath: /WEB-INF/views/master/page.jsp 
2022-06-03 12:10:09.433 DEBUG [org.apache.jasper.servlet.JspServlet@http-nio-8080-exec-3] PathInfo: null 
2022-06-03 12:10:09.434 DEBUG [org.apache.jasper.servlet.JspServlet@http-nio-8080-exec-3] RealPath: D:\windows10_folders\Proyecto\Projects\DP2-control-check\target\classes\WEB-INF\views\master\page.jsp 
2022-06-03 12:10:09.435 DEBUG [org.apache.jasper.servlet.JspServlet@http-nio-8080-exec-3] RequestURI: /acme-toolkit-22.1/WEB-INF/views/master/page.jsp 
2022-06-03 12:10:09.435 DEBUG [org.apache.jasper.servlet.JspServlet@http-nio-8080-exec-3] QueryString: null 
2022-06-03 12:10:09.548 DEBUG [org.apache.jasper.servlet.JspServlet@http-nio-8080-exec-3] JspEngine --> /WEB-INF/views/master/sign-in.jsp 
2022-06-03 12:10:09.548 DEBUG [org.apache.jasper.servlet.JspServlet@http-nio-8080-exec-3] ServletPath: /WEB-INF/views/master/page.jsp 
2022-06-03 12:10:09.549 DEBUG [org.apache.jasper.servlet.JspServlet@http-nio-8080-exec-3] PathInfo: null 
2022-06-03 12:10:09.550 DEBUG [org.apache.jasper.servlet.JspServlet@http-nio-8080-exec-3] RealPath: D:\windows10_folders\Proyecto\Projects\DP2-control-check\target\classes\WEB-INF\views\master\sign-in.jsp 
2022-06-03 12:10:09.550 DEBUG [org.apache.jasper.servlet.JspServlet@http-nio-8080-exec-3] RequestURI: /acme-toolkit-22.1/WEB-INF/views/master/page.jsp 
2022-06-03 12:10:09.551 DEBUG [org.apache.jasper.servlet.JspServlet@http-nio-8080-exec-3] QueryString: null 
2022-06-03 12:10:11.241 DEBUG [org.hibernate.SQL@http-nio-8080-exec-3] select useraccoun0_.id as id1_0_, useraccoun0_.version as version2_0_, useraccoun0_.enabled as enabled1_17_, useraccoun0_.identity as identity2_17_, useraccoun0_.password as password3_17_, useraccoun0_.username as username4_17_ from user_account useraccoun0_ where useraccoun0_.username=? 
2022-06-03 12:10:11.242 TRACE [org.hibernate.type.descriptor.sql.BasicBinder@http-nio-8080-exec-3] binding parameter [1] as [VARCHAR] - [anonymous] 
2022-06-03 12:10:11.244 DEBUG [org.hibernate.SQL@http-nio-8080-exec-3] select roles0_.user_account_id as user_acc1_18_0_, roles0_.id as id1_18_0_, roles0_.id as id1_0_1_, roles0_.version as version2_0_1_, roles0_.user_account_id as user_acc1_18_1_, roles0_.company as company1_8_1_, roles0_.sector as sector2_8_1_, roles0_.company as company1_9_1_, roles0_.link as link2_9_1_, roles0_.statement as statemen3_9_1_, roles0_.company as company1_11_1_, roles0_.link as link2_11_1_, roles0_.statement as statemen3_11_1_, roles0_.company as company1_14_1_, roles0_.sector as sector2_14_1_, roles0_.clazz_ as clazz_1_ from ( select id, version, user_account_id, company, sector, null as link, null as statement, 11 as clazz_ from consumer union all select id, version, user_account_id, company, null as sector, link, statement, 12 as clazz_ from inventor union all select id, version, user_account_id, company, null as sector, link, statement, 13 as clazz_ from patron union all select id, version, user_account_id, company, sector, null as link, null as statement, 14 as clazz_ from provider union all select id, version, user_account_id, null as company, null as sector, null as link, null as statement, 16 as clazz_ from administrator union all select id, version, user_account_id, null as company, null as sector, null as link, null as statement, 17 as clazz_ from anonymous union all select id, version, user_account_id, null as company, null as sector, null as link, null as statement, 18 as clazz_ from any union all select id, version, user_account_id, null as company, null as sector, null as link, null as statement, 19 as clazz_ from authenticated ) roles0_ where roles0_.user_account_id=? 
2022-06-03 12:10:11.244 TRACE [org.hibernate.type.descriptor.sql.BasicBinder@http-nio-8080-exec-3] binding parameter [1] as [INTEGER] - [1] 
2022-06-03 12:10:13.661 DEBUG [org.hibernate.SQL@http-nio-8080-exec-1] select useraccoun0_.id as id1_0_, useraccoun0_.version as version2_0_, useraccoun0_.enabled as enabled1_17_, useraccoun0_.identity as identity2_17_, useraccoun0_.password as password3_17_, useraccoun0_.username as username4_17_ from user_account useraccoun0_ where useraccoun0_.username=? 
2022-06-03 12:10:13.662 TRACE [org.hibernate.type.descriptor.sql.BasicBinder@http-nio-8080-exec-1] binding parameter [1] as [VARCHAR] - [administrator] 
2022-06-03 12:10:13.664 DEBUG [org.hibernate.SQL@http-nio-8080-exec-1] select roles0_.user_account_id as user_acc1_18_0_, roles0_.id as id1_18_0_, roles0_.id as id1_0_1_, roles0_.version as version2_0_1_, roles0_.user_account_id as user_acc1_18_1_, roles0_.company as company1_8_1_, roles0_.sector as sector2_8_1_, roles0_.company as company1_9_1_, roles0_.link as link2_9_1_, roles0_.statement as statemen3_9_1_, roles0_.company as company1_11_1_, roles0_.link as link2_11_1_, roles0_.statement as statemen3_11_1_, roles0_.company as company1_14_1_, roles0_.sector as sector2_14_1_, roles0_.clazz_ as clazz_1_ from ( select id, version, user_account_id, company, sector, null as link, null as statement, 11 as clazz_ from consumer union all select id, version, user_account_id, company, null as sector, link, statement, 12 as clazz_ from inventor union all select id, version, user_account_id, company, null as sector, link, statement, 13 as clazz_ from patron union all select id, version, user_account_id, company, sector, null as link, null as statement, 14 as clazz_ from provider union all select id, version, user_account_id, null as company, null as sector, null as link, null as statement, 16 as clazz_ from administrator union all select id, version, user_account_id, null as company, null as sector, null as link, null as statement, 17 as clazz_ from anonymous union all select id, version, user_account_id, null as company, null as sector, null as link, null as statement, 18 as clazz_ from any union all select id, version, user_account_id, null as company, null as sector, null as link, null as statement, 19 as clazz_ from authenticated ) roles0_ where roles0_.user_account_id=? 
2022-06-03 12:10:13.664 TRACE [org.hibernate.type.descriptor.sql.BasicBinder@http-nio-8080-exec-1] binding parameter [1] as [INTEGER] - [2] 
2022-06-03 12:10:13.695 DEBUG [acme.framework.components.tiles.DynamicTilesView@http-nio-8080-exec-2] View name 'fragments/welcome', model {} 
2022-06-03 12:10:13.696 DEBUG [org.apache.jasper.servlet.JspServlet@http-nio-8080-exec-2] JspEngine --> /WEB-INF/views/master/page.jsp 
2022-06-03 12:10:13.696 DEBUG [org.apache.jasper.servlet.JspServlet@http-nio-8080-exec-2] ServletPath: /WEB-INF/views/master/page.jsp 
2022-06-03 12:10:13.697 DEBUG [org.apache.jasper.servlet.JspServlet@http-nio-8080-exec-2] PathInfo: null 
2022-06-03 12:10:13.697 DEBUG [org.apache.jasper.servlet.JspServlet@http-nio-8080-exec-2] RealPath: D:\windows10_folders\Proyecto\Projects\DP2-control-check\target\classes\WEB-INF\views\master\page.jsp 
2022-06-03 12:10:13.698 DEBUG [org.apache.jasper.servlet.JspServlet@http-nio-8080-exec-2] RequestURI: /acme-toolkit-22.1/WEB-INF/views/master/page.jsp 
2022-06-03 12:10:13.698 DEBUG [org.apache.jasper.servlet.JspServlet@http-nio-8080-exec-2] QueryString: null 
2022-06-03 12:10:13.873 DEBUG [org.apache.jasper.servlet.JspServlet@http-nio-8080-exec-2] JspEngine --> /WEB-INF/views/fragments/welcome.jsp 
2022-06-03 12:10:13.874 DEBUG [org.apache.jasper.servlet.JspServlet@http-nio-8080-exec-2] ServletPath: /WEB-INF/views/master/page.jsp 
2022-06-03 12:10:13.874 DEBUG [org.apache.jasper.servlet.JspServlet@http-nio-8080-exec-2] PathInfo: null 
2022-06-03 12:10:13.875 DEBUG [org.apache.jasper.servlet.JspServlet@http-nio-8080-exec-2] RealPath: D:\windows10_folders\Proyecto\Projects\DP2-control-check\target\classes\WEB-INF\views\fragments\welcome.jsp 
2022-06-03 12:10:13.876 DEBUG [org.apache.jasper.servlet.JspServlet@http-nio-8080-exec-2] RequestURI: /acme-toolkit-22.1/WEB-INF/views/master/page.jsp 
2022-06-03 12:10:13.876 DEBUG [org.apache.jasper.servlet.JspServlet@http-nio-8080-exec-2] QueryString: null 
2022-06-03 12:10:22.121 DEBUG [acme.framework.controllers.AbstractController@http-nio-8080-exec-7] DISPATCHING GET /acme-toolkit-22.1/inventor/xomemi/list-by-item 
2022-06-03 12:10:22.121 DEBUG [acme.framework.controllers.AbstractController@http-nio-8080-exec-7] Command: list-by-item 
2022-06-03 12:10:22.121 DEBUG [acme.framework.controllers.AbstractController@http-nio-8080-exec-7] Model:   {id=64} 
2022-06-03 12:10:22.121 DEBUG [acme.framework.controllers.AbstractController@http-nio-8080-exec-7] Locale:  es 
2022-06-03 12:10:22.121 DEBUG [acme.framework.controllers.AbstractController@http-nio-8080-exec-7] Starting transaction 45623880-85ec-4c37-8541-c69bcea24fd0 
2022-06-03 12:10:22.130 DEBUG [org.hibernate.SQL@http-nio-8080-exec-7] select xomemi0_.id as id1_0_, xomemi0_.version as version2_0_, xomemi0_.artefact_id as artefac10_19_, xomemi0_.code as code1_19_, xomemi0_.creation_moment as creation2_19_, xomemi0_.finish_date as finish_d3_19_, xomemi0_.further_info as further_4_19_, xomemi0_.name as name5_19_, xomemi0_.ration_amount as ration_a6_19_, xomemi0_.ration_currency as ration_c7_19_, xomemi0_.start_date as start_da8_19_, xomemi0_.statement as statemen9_19_ from xomemi xomemi0_ where xomemi0_.artefact_id=? 
2022-06-03 12:10:22.131 TRACE [org.hibernate.type.descriptor.sql.BasicBinder@http-nio-8080-exec-7] binding parameter [1] as [INTEGER] - [64] 
2022-06-03 12:10:22.133 DEBUG [org.hibernate.SQL@http-nio-8080-exec-7] select item0_.id as id1_0_0_, item0_.version as version2_0_0_, item0_.code as code1_10_0_, item0_.description as descript2_10_0_, item0_.inventor_id as invento10_10_0_, item0_.link as link3_10_0_, item0_.name as name4_10_0_, item0_.retail_price_amount as retail_p5_10_0_, item0_.retail_price_currency as retail_p6_10_0_, item0_.status as status7_10_0_, item0_.technology as technolo8_10_0_, item0_.type as type9_10_0_, inventor1_.id as id1_0_1_, inventor1_.version as version2_0_1_, inventor1_.user_account_id as user_acc1_18_1_, inventor1_.company as company1_9_1_, inventor1_.link as link2_9_1_, inventor1_.statement as statemen3_9_1_, useraccoun2_.id as id1_0_2_, useraccoun2_.version as version2_0_2_, useraccoun2_.enabled as enabled1_17_2_, useraccoun2_.identity as identity2_17_2_, useraccoun2_.password as password3_17_2_, useraccoun2_.username as username4_17_2_ from item item0_ left outer join inventor inventor1_ on item0_.inventor_id=inventor1_.id left outer join user_account useraccoun2_ on inventor1_.user_account_id=useraccoun2_.id where item0_.id=? 
2022-06-03 12:10:22.134 TRACE [org.hibernate.type.descriptor.sql.BasicBinder@http-nio-8080-exec-7] binding parameter [1] as [INTEGER] - [64] 
2022-06-03 12:10:22.156 DEBUG [acme.framework.controllers.AbstractController@http-nio-8080-exec-7] Committing transaction 45623880-85ec-4c37-8541-c69bcea24fd0 
2022-06-03 12:10:22.157 DEBUG [acme.framework.controllers.AbstractController@http-nio-8080-exec-7] Starting transaction f7ceb57f-3dec-40e6-a439-a820d3576465 
2022-06-03 12:10:22.157 DEBUG [acme.framework.controllers.AbstractController@http-nio-8080-exec-7] Committing transaction f7ceb57f-3dec-40e6-a439-a820d3576465 
2022-06-03 12:10:22.158 DEBUG [acme.framework.controllers.AbstractController@http-nio-8080-exec-7] SERVING GET /acme-toolkit-22.1/inventor/xomemi/list-by-item 
2022-06-03 12:10:22.159 DEBUG [acme.framework.controllers.AbstractController@http-nio-8080-exec-7] Result: ModelAndView [view="inventor/xomemi/list"; model={code[0]=220503#PCD, version[0]=0, creationMoment[0]=2022-06-03 12:09:15.0, statement[0]=asdasdasdsad, finishDate[0]=2022-08-26 12:30:00.0, id[0]=65, startDate[0]=2022-07-26 12:30:00.0, list$size=1, ration[0]=<<EUR 20.00>>, name[0]=asdasdsd, command=list-by-item, principal=acme.framework.entities.Principal@7d19ccae}] 
2022-06-03 12:10:22.162 DEBUG [acme.framework.components.tiles.DynamicTilesView@http-nio-8080-exec-7] View name 'inventor/xomemi/list', model {code[0]=220503#PCD, version[0]=0, creationMoment[0]=2022-06-03 12:09:15.0, statement[0]=asdasdasdsad, finishDate[0]=2022-08-26 12:30:00.0, id[0]=65, startDate[0]=2022-07-26 12:30:00.0, list$size=1, ration[0]=<<EUR 20.00>>, name[0]=asdasdsd, command=list-by-item, principal=acme.framework.entities.Principal@7d19ccae, org.springframework.validation.BindingResult.ration[0]=org.springframework.validation.BeanPropertyBindingResult: 0 errors, org.springframework.validation.BindingResult.principal=org.springframework.validation.BeanPropertyBindingResult: 0 errors} 
2022-06-03 12:10:22.163 DEBUG [org.apache.jasper.servlet.JspServlet@http-nio-8080-exec-7] JspEngine --> /WEB-INF/views/master/page.jsp 
2022-06-03 12:10:22.163 DEBUG [org.apache.jasper.servlet.JspServlet@http-nio-8080-exec-7] ServletPath: /WEB-INF/views/master/page.jsp 
2022-06-03 12:10:22.163 DEBUG [org.apache.jasper.servlet.JspServlet@http-nio-8080-exec-7] PathInfo: null 
2022-06-03 12:10:22.163 DEBUG [org.apache.jasper.servlet.JspServlet@http-nio-8080-exec-7] RealPath: D:\windows10_folders\Proyecto\Projects\DP2-control-check\target\classes\WEB-INF\views\master\page.jsp 
2022-06-03 12:10:22.164 DEBUG [org.apache.jasper.servlet.JspServlet@http-nio-8080-exec-7] RequestURI: /acme-toolkit-22.1/WEB-INF/views/master/page.jsp 
2022-06-03 12:10:22.164 DEBUG [org.apache.jasper.servlet.JspServlet@http-nio-8080-exec-7] QueryString: id=64 
2022-06-03 12:10:22.292 DEBUG [org.apache.jasper.servlet.JspServlet@http-nio-8080-exec-7] JspEngine --> /WEB-INF/views/inventor/xomemi/list.jsp 
2022-06-03 12:10:22.293 DEBUG [org.apache.jasper.servlet.JspServlet@http-nio-8080-exec-7] ServletPath: /WEB-INF/views/master/page.jsp 
2022-06-03 12:10:22.293 DEBUG [org.apache.jasper.servlet.JspServlet@http-nio-8080-exec-7] PathInfo: null 
2022-06-03 12:10:22.294 DEBUG [org.apache.jasper.servlet.JspServlet@http-nio-8080-exec-7] RealPath: D:\windows10_folders\Proyecto\Projects\DP2-control-check\target\classes\WEB-INF\views\inventor\xomemi\list.jsp 
2022-06-03 12:10:22.294 DEBUG [org.apache.jasper.servlet.JspServlet@http-nio-8080-exec-7] RequestURI: /acme-toolkit-22.1/WEB-INF/views/master/page.jsp 
2022-06-03 12:10:22.294 DEBUG [org.apache.jasper.servlet.JspServlet@http-nio-8080-exec-7] QueryString: id=64 
2022-06-03 12:10:25.599 DEBUG [acme.framework.controllers.AbstractController@http-nio-8080-exec-1] DISPATCHING GET /acme-toolkit-22.1/inventor/xomemi/show 
2022-06-03 12:10:25.600 DEBUG [acme.framework.controllers.AbstractController@http-nio-8080-exec-1] Command: show 
2022-06-03 12:10:25.600 DEBUG [acme.framework.controllers.AbstractController@http-nio-8080-exec-1] Model:   {id=65} 
2022-06-03 12:10:25.600 DEBUG [acme.framework.controllers.AbstractController@http-nio-8080-exec-1] Locale:  es 
2022-06-03 12:10:25.600 DEBUG [acme.framework.controllers.AbstractController@http-nio-8080-exec-1] Starting transaction 61c3884a-b62e-4b13-8654-7b4441df13da 
2022-06-03 12:10:25.602 DEBUG [org.hibernate.SQL@http-nio-8080-exec-1] select xomemi0_.id as id1_0_, xomemi0_.version as version2_0_, xomemi0_.artefact_id as artefac10_19_, xomemi0_.code as code1_19_, xomemi0_.creation_moment as creation2_19_, xomemi0_.finish_date as finish_d3_19_, xomemi0_.further_info as further_4_19_, xomemi0_.name as name5_19_, xomemi0_.ration_amount as ration_a6_19_, xomemi0_.ration_currency as ration_c7_19_, xomemi0_.start_date as start_da8_19_, xomemi0_.statement as statemen9_19_ from xomemi xomemi0_ where xomemi0_.id=? 
2022-06-03 12:10:25.603 TRACE [org.hibernate.type.descriptor.sql.BasicBinder@http-nio-8080-exec-1] binding parameter [1] as [INTEGER] - [65] 
2022-06-03 12:10:25.605 DEBUG [org.hibernate.SQL@http-nio-8080-exec-1] select item0_.id as id1_0_0_, item0_.version as version2_0_0_, item0_.code as code1_10_0_, item0_.description as descript2_10_0_, item0_.inventor_id as invento10_10_0_, item0_.link as link3_10_0_, item0_.name as name4_10_0_, item0_.retail_price_amount as retail_p5_10_0_, item0_.retail_price_currency as retail_p6_10_0_, item0_.status as status7_10_0_, item0_.technology as technolo8_10_0_, item0_.type as type9_10_0_, inventor1_.id as id1_0_1_, inventor1_.version as version2_0_1_, inventor1_.user_account_id as user_acc1_18_1_, inventor1_.company as company1_9_1_, inventor1_.link as link2_9_1_, inventor1_.statement as statemen3_9_1_, useraccoun2_.id as id1_0_2_, useraccoun2_.version as version2_0_2_, useraccoun2_.enabled as enabled1_17_2_, useraccoun2_.identity as identity2_17_2_, useraccoun2_.password as password3_17_2_, useraccoun2_.username as username4_17_2_ from item item0_ left outer join inventor inventor1_ on item0_.inventor_id=inventor1_.id left outer join user_account useraccoun2_ on inventor1_.user_account_id=useraccoun2_.id where item0_.id=? 
2022-06-03 12:10:25.605 TRACE [org.hibernate.type.descriptor.sql.BasicBinder@http-nio-8080-exec-1] binding parameter [1] as [INTEGER] - [64] 
2022-06-03 12:10:25.624 DEBUG [org.hibernate.SQL@http-nio-8080-exec-1] select inventor0_.id as id1_0_, inventor0_.version as version2_0_, inventor0_.user_account_id as user_acc1_18_, inventor0_.company as company1_9_, inventor0_.link as link2_9_, inventor0_.statement as statemen3_9_ from inventor inventor0_ where inventor0_.user_account_id=? 
2022-06-03 12:10:25.624 TRACE [org.hibernate.type.descriptor.sql.BasicBinder@http-nio-8080-exec-1] binding parameter [1] as [INTEGER] - [2] 
2022-06-03 12:10:25.627 DEBUG [org.hibernate.SQL@http-nio-8080-exec-1] select xomemi0_.id as id1_0_, xomemi0_.version as version2_0_, xomemi0_.artefact_id as artefac10_19_, xomemi0_.code as code1_19_, xomemi0_.creation_moment as creation2_19_, xomemi0_.finish_date as finish_d3_19_, xomemi0_.further_info as further_4_19_, xomemi0_.name as name5_19_, xomemi0_.ration_amount as ration_a6_19_, xomemi0_.ration_currency as ration_c7_19_, xomemi0_.start_date as start_da8_19_, xomemi0_.statement as statemen9_19_ from xomemi xomemi0_ where xomemi0_.id=? 
2022-06-03 12:10:25.627 TRACE [org.hibernate.type.descriptor.sql.BasicBinder@http-nio-8080-exec-1] binding parameter [1] as [INTEGER] - [65] 
2022-06-03 12:10:25.630 DEBUG [acme.framework.controllers.AbstractController@http-nio-8080-exec-1] Rolling transaction 61c3884a-b62e-4b13-8654-7b4441df13da back 
2022-06-03 12:10:25.633 DEBUG [acme.framework.controllers.AbstractController@http-nio-8080-exec-1] Starting transaction de9d6b0c-a2f2-445c-b3f4-498dd8691aa2 
2022-06-03 12:10:25.634 DEBUG [acme.framework.controllers.AbstractController@http-nio-8080-exec-1] Committing transaction de9d6b0c-a2f2-445c-b3f4-498dd8691aa2 
2022-06-03 12:10:25.635 DEBUG [acme.framework.controllers.AbstractController@http-nio-8080-exec-1] SERVING GET /acme-toolkit-22.1/inventor/xomemi/show 
2022-06-03 12:10:25.635 DEBUG [acme.framework.controllers.AbstractController@http-nio-8080-exec-1] Result: ModelAndView [view="master/panic"; model={oops=java.lang.AssertionError: Cannot unbind property 'title'}] 
2022-06-03 12:10:25.636 DEBUG [acme.framework.components.tiles.DynamicTilesView@http-nio-8080-exec-1] View name 'master/panic', model {oops=java.lang.AssertionError: Cannot unbind property 'title', org.springframework.validation.BindingResult.oops=org.springframework.validation.BeanPropertyBindingResult: 0 errors} 
2022-06-03 12:10:25.637 DEBUG [org.apache.jasper.servlet.JspServlet@http-nio-8080-exec-1] JspEngine --> /WEB-INF/views/master/page.jsp 
2022-06-03 12:10:25.637 DEBUG [org.apache.jasper.servlet.JspServlet@http-nio-8080-exec-1] ServletPath: /WEB-INF/views/master/page.jsp 
2022-06-03 12:10:25.638 DEBUG [org.apache.jasper.servlet.JspServlet@http-nio-8080-exec-1] PathInfo: null 
2022-06-03 12:10:25.639 DEBUG [org.apache.jasper.servlet.JspServlet@http-nio-8080-exec-1] RealPath: D:\windows10_folders\Proyecto\Projects\DP2-control-check\target\classes\WEB-INF\views\master\page.jsp 
2022-06-03 12:10:25.639 DEBUG [org.apache.jasper.servlet.JspServlet@http-nio-8080-exec-1] RequestURI: /acme-toolkit-22.1/WEB-INF/views/master/page.jsp 
2022-06-03 12:10:25.640 DEBUG [org.apache.jasper.servlet.JspServlet@http-nio-8080-exec-1] QueryString: id=65 
2022-06-03 12:10:25.816 DEBUG [org.apache.jasper.servlet.JspServlet@http-nio-8080-exec-1] JspEngine --> /WEB-INF/views/master/panic.jsp 
2022-06-03 12:10:25.817 DEBUG [org.apache.jasper.servlet.JspServlet@http-nio-8080-exec-1] ServletPath: /WEB-INF/views/master/page.jsp 
2022-06-03 12:10:25.817 DEBUG [org.apache.jasper.servlet.JspServlet@http-nio-8080-exec-1] PathInfo: null 
2022-06-03 12:10:25.818 DEBUG [org.apache.jasper.servlet.JspServlet@http-nio-8080-exec-1] RealPath: D:\windows10_folders\Proyecto\Projects\DP2-control-check\target\classes\WEB-INF\views\master\panic.jsp 
2022-06-03 12:10:25.818 DEBUG [org.apache.jasper.servlet.JspServlet@http-nio-8080-exec-1] RequestURI: /acme-toolkit-22.1/WEB-INF/views/master/page.jsp 
2022-06-03 12:10:25.818 DEBUG [org.apache.jasper.servlet.JspServlet@http-nio-8080-exec-1] QueryString: id=65 
2022-06-03 12:10:26.009 ERROR [org.apache.jsp.WEB_002dINF.views.master.panic_jsp@http-nio-8080-exec-1] HTTP GET /acme-toolkit-22.1/WEB-INF/views/master/page.jsp HTTP/1.1 
2022-06-03 12:10:26.009 ERROR [org.apache.jsp.WEB_002dINF.views.master.panic_jsp@http-nio-8080-exec-1] Status: 500 
2022-06-03 12:10:26.010 ERROR [org.apache.jsp.WEB_002dINF.views.master.panic_jsp@http-nio-8080-exec-1] Exception: acme.framework.helpers.ReflectionHelper.unbind(ReflectionHelper.java:150): Cannot unbind property 'title' 
