2022-04-25 21:43:43.230 INFO  [acme.Launcher@main] Starting Launcher using Java 1.8.0_312 on luismi-GL62-6QF with PID 12394 (/home/luismi/Workspace-22.0/Frameworks/Acme-Framework-22.3/target/classes started by luismi in /home/luismi/Workspace-22.0/Projects/D03-Acme-Toolkit) 
2022-04-25 21:43:43.233 DEBUG [acme.Launcher@main] Running with Spring Boot v2.4.2, Spring v5.3.3 
2022-04-25 21:43:43.237 INFO  [acme.Launcher@main] The following profiles are active: development,default 
2022-04-25 21:43:45.752 DEBUG [org.apache.jasper.servlet.JasperInitializer@main] Initializing Jasper for context [application] 
2022-04-25 21:43:51.020 DEBUG [org.apache.jasper.servlet.JspServlet@main] Scratch dir for the JSP engine is: [/tmp/tomcat.8080.5037909737348389940/work/Tomcat/localhost/acme-toolkit-22.1] 
2022-04-25 21:43:51.021 DEBUG [org.apache.jasper.servlet.JspServlet@main] IMPORTANT: Do not modify the generated servlets 
2022-04-25 21:43:51.032 INFO  [acme.Launcher@main] Started Launcher in 8.454 seconds (JVM running for 8.875) 
2022-04-25 21:43:51.040 DEBUG [acme.Launcher@main] Found classpath entry '/home/luismi/Workspace-22.0/Projects/D03-Acme-Toolkit/target/test-classes/' 
2022-04-25 21:43:51.041 DEBUG [acme.Launcher@main] Found classpath entry '/home/luismi/Workspace-22.0/Projects/D03-Acme-Toolkit/target/classes/' 
2022-04-25 21:43:51.041 DEBUG [acme.Launcher@main] Found classpath entry '/home/luismi/Workspace-22.0/Frameworks/Acme-Framework-22.3/target/classes/' 
2022-04-25 21:43:51.041 DEBUG [acme.Launcher@main] Found classpath entry '/home/luismi/Workspace-22.0/Frameworks/Acme-Framework-22.3/target/test-classes/' 
2022-04-25 21:43:51.042 DEBUG [acme.Launcher@main] Found classpath entry '/home/luismi/.m2/repository/org/springframework/boot/spring-boot-starter-tomcat/2.4.2/spring-boot-starter-tomcat-2.4.2.jar' 
2022-04-25 21:43:51.042 DEBUG [acme.Launcher@main] Found classpath entry '/home/luismi/.m2/repository/jakarta/annotation/jakarta.annotation-api/1.3.5/jakarta.annotation-api-1.3.5.jar' 
2022-04-25 21:43:51.042 DEBUG [acme.Launcher@main] Found classpath entry '/home/luismi/.m2/repository/org/apache/tomcat/embed/tomcat-embed-core/9.0.41/tomcat-embed-core-9.0.41.jar' 
2022-04-25 21:43:51.042 DEBUG [acme.Launcher@main] Found classpath entry '/home/luismi/.m2/repository/org/glassfish/jakarta.el/3.0.3/jakarta.el-3.0.3.jar' 
2022-04-25 21:43:51.043 DEBUG [acme.Launcher@main] Found classpath entry '/home/luismi/.m2/repository/org/apache/tomcat/embed/tomcat-embed-websocket/9.0.41/tomcat-embed-websocket-9.0.41.jar' 
2022-04-25 21:43:51.043 DEBUG [acme.Launcher@main] Found classpath entry '/home/luismi/.m2/repository/org/apache/tomcat/embed/tomcat-embed-jasper/9.0.41/tomcat-embed-jasper-9.0.41.jar' 
2022-04-25 21:43:51.043 DEBUG [acme.Launcher@main] Found classpath entry '/home/luismi/.m2/repository/org/apache/tomcat/embed/tomcat-embed-el/9.0.41/tomcat-embed-el-9.0.41.jar' 
2022-04-25 21:43:51.043 DEBUG [acme.Launcher@main] Found classpath entry '/home/luismi/.m2/repository/org/eclipse/jdt/ecj/3.18.0/ecj-3.18.0.jar' 
2022-04-25 21:43:51.043 DEBUG [acme.Launcher@main] Found classpath entry '/home/luismi/.m2/repository/javax/servlet/jstl/1.2/jstl-1.2.jar' 
2022-04-25 21:43:51.044 DEBUG [acme.Launcher@main] Found classpath entry '/home/luismi/.m2/repository/org/springframework/boot/spring-boot-starter-test/2.4.2/spring-boot-starter-test-2.4.2.jar' 
2022-04-25 21:43:51.044 DEBUG [acme.Launcher@main] Found classpath entry '/home/luismi/.m2/repository/org/springframework/boot/spring-boot-starter/2.4.2/spring-boot-starter-2.4.2.jar' 
2022-04-25 21:43:51.044 DEBUG [acme.Launcher@main] Found classpath entry '/home/luismi/.m2/repository/org/springframework/boot/spring-boot/2.4.2/spring-boot-2.4.2.jar' 
2022-04-25 21:43:51.044 DEBUG [acme.Launcher@main] Found classpath entry '/home/luismi/.m2/repository/org/springframework/boot/spring-boot-autoconfigure/2.4.2/spring-boot-autoconfigure-2.4.2.jar' 
2022-04-25 21:43:51.044 DEBUG [acme.Launcher@main] Found classpath entry '/home/luismi/.m2/repository/org/springframework/boot/spring-boot-starter-logging/2.4.2/spring-boot-starter-logging-2.4.2.jar' 
2022-04-25 21:43:51.045 DEBUG [acme.Launcher@main] Found classpath entry '/home/luismi/.m2/repository/ch/qos/logback/logback-classic/1.2.3/logback-classic-1.2.3.jar' 
2022-04-25 21:43:51.045 DEBUG [acme.Launcher@main] Found classpath entry '/home/luismi/.m2/repository/ch/qos/logback/logback-core/1.2.3/logback-core-1.2.3.jar' 
2022-04-25 21:43:51.045 DEBUG [acme.Launcher@main] Found classpath entry '/home/luismi/.m2/repository/org/apache/logging/log4j/log4j-to-slf4j/2.13.3/log4j-to-slf4j-2.13.3.jar' 
2022-04-25 21:43:51.045 DEBUG [acme.Launcher@main] Found classpath entry '/home/luismi/.m2/repository/org/apache/logging/log4j/log4j-api/2.13.3/log4j-api-2.13.3.jar' 
2022-04-25 21:43:51.045 DEBUG [acme.Launcher@main] Found classpath entry '/home/luismi/.m2/repository/org/slf4j/jul-to-slf4j/1.7.30/jul-to-slf4j-1.7.30.jar' 
2022-04-25 21:43:51.045 DEBUG [acme.Launcher@main] Found classpath entry '/home/luismi/.m2/repository/org/yaml/snakeyaml/1.27/snakeyaml-1.27.jar' 
2022-04-25 21:43:51.045 DEBUG [acme.Launcher@main] Found classpath entry '/home/luismi/.m2/repository/org/springframework/boot/spring-boot-test/2.4.2/spring-boot-test-2.4.2.jar' 
2022-04-25 21:43:51.046 DEBUG [acme.Launcher@main] Found classpath entry '/home/luismi/.m2/repository/org/springframework/boot/spring-boot-test-autoconfigure/2.4.2/spring-boot-test-autoconfigure-2.4.2.jar' 
2022-04-25 21:43:51.046 DEBUG [acme.Launcher@main] Found classpath entry '/home/luismi/.m2/repository/com/jayway/jsonpath/json-path/2.4.0/json-path-2.4.0.jar' 
2022-04-25 21:43:51.046 DEBUG [acme.Launcher@main] Found classpath entry '/home/luismi/.m2/repository/net/minidev/json-smart/2.3/json-smart-2.3.jar' 
2022-04-25 21:43:51.046 DEBUG [acme.Launcher@main] Found classpath entry '/home/luismi/.m2/repository/net/minidev/accessors-smart/1.2/accessors-smart-1.2.jar' 
2022-04-25 21:43:51.046 DEBUG [acme.Launcher@main] Found classpath entry '/home/luismi/.m2/repository/org/ow2/asm/asm/5.0.4/asm-5.0.4.jar' 
2022-04-25 21:43:51.047 DEBUG [acme.Launcher@main] Found classpath entry '/home/luismi/.m2/repository/jakarta/xml/bind/jakarta.xml.bind-api/2.3.3/jakarta.xml.bind-api-2.3.3.jar' 
2022-04-25 21:43:51.047 DEBUG [acme.Launcher@main] Found classpath entry '/home/luismi/.m2/repository/jakarta/activation/jakarta.activation-api/1.2.2/jakarta.activation-api-1.2.2.jar' 
2022-04-25 21:43:51.047 DEBUG [acme.Launcher@main] Found classpath entry '/home/luismi/.m2/repository/org/assertj/assertj-core/3.18.1/assertj-core-3.18.1.jar' 
2022-04-25 21:43:51.047 DEBUG [acme.Launcher@main] Found classpath entry '/home/luismi/.m2/repository/org/hamcrest/hamcrest/2.2/hamcrest-2.2.jar' 
2022-04-25 21:43:51.047 DEBUG [acme.Launcher@main] Found classpath entry '/home/luismi/.m2/repository/org/junit/jupiter/junit-jupiter/5.7.0/junit-jupiter-5.7.0.jar' 
2022-04-25 21:43:51.048 DEBUG [acme.Launcher@main] Found classpath entry '/home/luismi/.m2/repository/org/mockito/mockito-core/3.6.28/mockito-core-3.6.28.jar' 
2022-04-25 21:43:51.048 DEBUG [acme.Launcher@main] Found classpath entry '/home/luismi/.m2/repository/net/bytebuddy/byte-buddy-agent/1.10.19/byte-buddy-agent-1.10.19.jar' 
2022-04-25 21:43:51.048 DEBUG [acme.Launcher@main] Found classpath entry '/home/luismi/.m2/repository/org/objenesis/objenesis/3.1/objenesis-3.1.jar' 
2022-04-25 21:43:51.048 DEBUG [acme.Launcher@main] Found classpath entry '/home/luismi/.m2/repository/org/mockito/mockito-junit-jupiter/3.6.28/mockito-junit-jupiter-3.6.28.jar' 
2022-04-25 21:43:51.048 DEBUG [acme.Launcher@main] Found classpath entry '/home/luismi/.m2/repository/org/skyscreamer/jsonassert/1.5.0/jsonassert-1.5.0.jar' 
2022-04-25 21:43:51.049 DEBUG [acme.Launcher@main] Found classpath entry '/home/luismi/.m2/repository/com/vaadin/external/google/android-json/0.0.20131108.vaadin1/android-json-0.0.20131108.vaadin1.jar' 
2022-04-25 21:43:51.049 DEBUG [acme.Launcher@main] Found classpath entry '/home/luismi/.m2/repository/org/springframework/spring-core/5.3.3/spring-core-5.3.3.jar' 
2022-04-25 21:43:51.049 DEBUG [acme.Launcher@main] Found classpath entry '/home/luismi/.m2/repository/org/springframework/spring-jcl/5.3.3/spring-jcl-5.3.3.jar' 
2022-04-25 21:43:51.049 DEBUG [acme.Launcher@main] Found classpath entry '/home/luismi/.m2/repository/org/springframework/spring-test/5.3.3/spring-test-5.3.3.jar' 
2022-04-25 21:43:51.049 DEBUG [acme.Launcher@main] Found classpath entry '/home/luismi/.m2/repository/org/xmlunit/xmlunit-core/2.7.0/xmlunit-core-2.7.0.jar' 
2022-04-25 21:43:51.049 DEBUG [acme.Launcher@main] Found classpath entry '/home/luismi/.m2/repository/org/springframework/boot/spring-boot-starter-security/2.4.2/spring-boot-starter-security-2.4.2.jar' 
2022-04-25 21:43:51.050 DEBUG [acme.Launcher@main] Found classpath entry '/home/luismi/.m2/repository/org/springframework/spring-aop/5.3.3/spring-aop-5.3.3.jar' 
2022-04-25 21:43:51.050 DEBUG [acme.Launcher@main] Found classpath entry '/home/luismi/.m2/repository/org/springframework/security/spring-security-web/5.4.2/spring-security-web-5.4.2.jar' 
2022-04-25 21:43:51.050 DEBUG [acme.Launcher@main] Found classpath entry '/home/luismi/.m2/repository/org/springframework/security/spring-security-core/5.4.2/spring-security-core-5.4.2.jar' 
2022-04-25 21:43:51.051 DEBUG [acme.Launcher@main] Found classpath entry '/home/luismi/.m2/repository/org/springframework/spring-beans/5.3.3/spring-beans-5.3.3.jar' 
2022-04-25 21:43:51.051 DEBUG [acme.Launcher@main] Found classpath entry '/home/luismi/.m2/repository/org/springframework/spring-context/5.3.3/spring-context-5.3.3.jar' 
2022-04-25 21:43:51.051 DEBUG [acme.Launcher@main] Found classpath entry '/home/luismi/.m2/repository/org/springframework/spring-expression/5.3.3/spring-expression-5.3.3.jar' 
2022-04-25 21:43:51.051 DEBUG [acme.Launcher@main] Found classpath entry '/home/luismi/.m2/repository/org/springframework/spring-web/5.3.3/spring-web-5.3.3.jar' 
2022-04-25 21:43:51.051 DEBUG [acme.Launcher@main] Found classpath entry '/home/luismi/.m2/repository/org/springframework/security/spring-security-config/5.4.2/spring-security-config-5.4.2.jar' 
2022-04-25 21:43:51.051 DEBUG [acme.Launcher@main] Found classpath entry '/home/luismi/.m2/repository/org/springframework/security/spring-security-taglibs/5.4.2/spring-security-taglibs-5.4.2.jar' 
2022-04-25 21:43:51.052 DEBUG [acme.Launcher@main] Found classpath entry '/home/luismi/.m2/repository/org/springframework/security/spring-security-acl/5.4.2/spring-security-acl-5.4.2.jar' 
2022-04-25 21:43:51.052 DEBUG [acme.Launcher@main] Found classpath entry '/home/luismi/.m2/repository/org/springframework/spring-jdbc/5.3.3/spring-jdbc-5.3.3.jar' 
2022-04-25 21:43:51.052 DEBUG [acme.Launcher@main] Found classpath entry '/home/luismi/.m2/repository/org/springframework/spring-tx/5.3.3/spring-tx-5.3.3.jar' 
2022-04-25 21:43:51.052 DEBUG [acme.Launcher@main] Found classpath entry '/home/luismi/.m2/repository/org/springframework/boot/spring-boot-starter-web/2.4.2/spring-boot-starter-web-2.4.2.jar' 
2022-04-25 21:43:51.052 DEBUG [acme.Launcher@main] Found classpath entry '/home/luismi/.m2/repository/org/springframework/boot/spring-boot-starter-json/2.4.2/spring-boot-starter-json-2.4.2.jar' 
2022-04-25 21:43:51.052 DEBUG [acme.Launcher@main] Found classpath entry '/home/luismi/.m2/repository/com/fasterxml/jackson/core/jackson-databind/2.11.4/jackson-databind-2.11.4.jar' 
2022-04-25 21:43:51.052 DEBUG [acme.Launcher@main] Found classpath entry '/home/luismi/.m2/repository/com/fasterxml/jackson/core/jackson-annotations/2.11.4/jackson-annotations-2.11.4.jar' 
2022-04-25 21:43:51.053 DEBUG [acme.Launcher@main] Found classpath entry '/home/luismi/.m2/repository/com/fasterxml/jackson/core/jackson-core/2.11.4/jackson-core-2.11.4.jar' 
2022-04-25 21:43:51.053 DEBUG [acme.Launcher@main] Found classpath entry '/home/luismi/.m2/repository/com/fasterxml/jackson/datatype/jackson-datatype-jdk8/2.11.4/jackson-datatype-jdk8-2.11.4.jar' 
2022-04-25 21:43:51.053 DEBUG [acme.Launcher@main] Found classpath entry '/home/luismi/.m2/repository/com/fasterxml/jackson/datatype/jackson-datatype-jsr310/2.11.4/jackson-datatype-jsr310-2.11.4.jar' 
2022-04-25 21:43:51.053 DEBUG [acme.Launcher@main] Found classpath entry '/home/luismi/.m2/repository/com/fasterxml/jackson/module/jackson-module-parameter-names/2.11.4/jackson-module-parameter-names-2.11.4.jar' 
2022-04-25 21:43:51.054 DEBUG [acme.Launcher@main] Found classpath entry '/home/luismi/.m2/repository/org/springframework/spring-webmvc/5.3.3/spring-webmvc-5.3.3.jar' 
2022-04-25 21:43:51.054 DEBUG [acme.Launcher@main] Found classpath entry '/home/luismi/.m2/repository/org/apache/tiles/tiles-jsp/3.0.8/tiles-jsp-3.0.8.jar' 
2022-04-25 21:43:51.054 DEBUG [acme.Launcher@main] Found classpath entry '/home/luismi/.m2/repository/org/apache/tiles/tiles-servlet/3.0.8/tiles-servlet-3.0.8.jar' 
2022-04-25 21:43:51.054 DEBUG [acme.Launcher@main] Found classpath entry '/home/luismi/.m2/repository/org/apache/tiles/tiles-core/3.0.8/tiles-core-3.0.8.jar' 
2022-04-25 21:43:51.055 DEBUG [acme.Launcher@main] Found classpath entry '/home/luismi/.m2/repository/commons-digester/commons-digester/2.0/commons-digester-2.0.jar' 
2022-04-25 21:43:51.055 DEBUG [acme.Launcher@main] Found classpath entry '/home/luismi/.m2/repository/org/slf4j/jcl-over-slf4j/1.7.30/jcl-over-slf4j-1.7.30.jar' 
2022-04-25 21:43:51.055 DEBUG [acme.Launcher@main] Found classpath entry '/home/luismi/.m2/repository/org/apache/tiles/tiles-request-servlet/1.0.7/tiles-request-servlet-1.0.7.jar' 
2022-04-25 21:43:51.055 DEBUG [acme.Launcher@main] Found classpath entry '/home/luismi/.m2/repository/org/apache/tiles/tiles-template/3.0.8/tiles-template-3.0.8.jar' 
2022-04-25 21:43:51.055 DEBUG [acme.Launcher@main] Found classpath entry '/home/luismi/.m2/repository/org/apache/tiles/tiles-api/3.0.8/tiles-api-3.0.8.jar' 
2022-04-25 21:43:51.055 DEBUG [acme.Launcher@main] Found classpath entry '/home/luismi/.m2/repository/org/apache/tiles/tiles-autotag-core-runtime/1.2/tiles-autotag-core-runtime-1.2.jar' 
2022-04-25 21:43:51.055 DEBUG [acme.Launcher@main] Found classpath entry '/home/luismi/.m2/repository/org/slf4j/slf4j-api/1.7.30/slf4j-api-1.7.30.jar' 
2022-04-25 21:43:51.055 DEBUG [acme.Launcher@main] Found classpath entry '/home/luismi/.m2/repository/org/apache/tiles/tiles-request-jsp/1.0.7/tiles-request-jsp-1.0.7.jar' 
2022-04-25 21:43:51.056 DEBUG [acme.Launcher@main] Found classpath entry '/home/luismi/.m2/repository/org/apache/tiles/tiles-request-api/1.0.7/tiles-request-api-1.0.7.jar' 
2022-04-25 21:43:51.056 DEBUG [acme.Launcher@main] Found classpath entry '/home/luismi/.m2/repository/org/springframework/boot/spring-boot-starter-data-jpa/2.4.2/spring-boot-starter-data-jpa-2.4.2.jar' 
2022-04-25 21:43:51.056 DEBUG [acme.Launcher@main] Found classpath entry '/home/luismi/.m2/repository/org/springframework/boot/spring-boot-starter-aop/2.4.2/spring-boot-starter-aop-2.4.2.jar' 
2022-04-25 21:43:51.056 DEBUG [acme.Launcher@main] Found classpath entry '/home/luismi/.m2/repository/org/aspectj/aspectjweaver/1.9.6/aspectjweaver-1.9.6.jar' 
2022-04-25 21:43:51.056 DEBUG [acme.Launcher@main] Found classpath entry '/home/luismi/.m2/repository/org/springframework/boot/spring-boot-starter-jdbc/2.4.2/spring-boot-starter-jdbc-2.4.2.jar' 
2022-04-25 21:43:51.056 DEBUG [acme.Launcher@main] Found classpath entry '/home/luismi/.m2/repository/jakarta/transaction/jakarta.transaction-api/1.3.3/jakarta.transaction-api-1.3.3.jar' 
2022-04-25 21:43:51.057 DEBUG [acme.Launcher@main] Found classpath entry '/home/luismi/.m2/repository/jakarta/persistence/jakarta.persistence-api/2.2.3/jakarta.persistence-api-2.2.3.jar' 
2022-04-25 21:43:51.057 DEBUG [acme.Launcher@main] Found classpath entry '/home/luismi/.m2/repository/org/hibernate/hibernate-core/5.4.27.Final/hibernate-core-5.4.27.Final.jar' 
2022-04-25 21:43:51.057 DEBUG [acme.Launcher@main] Found classpath entry '/home/luismi/.m2/repository/org/jboss/logging/jboss-logging/3.4.1.Final/jboss-logging-3.4.1.Final.jar' 
2022-04-25 21:43:51.057 DEBUG [acme.Launcher@main] Found classpath entry '/home/luismi/.m2/repository/org/javassist/javassist/3.27.0-GA/javassist-3.27.0-GA.jar' 
2022-04-25 21:43:51.057 DEBUG [acme.Launcher@main] Found classpath entry '/home/luismi/.m2/repository/antlr/antlr/2.7.7/antlr-2.7.7.jar' 
2022-04-25 21:43:51.057 DEBUG [acme.Launcher@main] Found classpath entry '/home/luismi/.m2/repository/org/jboss/jandex/2.1.3.Final/jandex-2.1.3.Final.jar' 
2022-04-25 21:43:51.057 DEBUG [acme.Launcher@main] Found classpath entry '/home/luismi/.m2/repository/com/fasterxml/classmate/1.5.1/classmate-1.5.1.jar' 
2022-04-25 21:43:51.058 DEBUG [acme.Launcher@main] Found classpath entry '/home/luismi/.m2/repository/org/dom4j/dom4j/2.1.3/dom4j-2.1.3.jar' 
2022-04-25 21:43:51.058 DEBUG [acme.Launcher@main] Found classpath entry '/home/luismi/.m2/repository/org/hibernate/common/hibernate-commons-annotations/5.1.2.Final/hibernate-commons-annotations-5.1.2.Final.jar' 
2022-04-25 21:43:51.058 DEBUG [acme.Launcher@main] Found classpath entry '/home/luismi/.m2/repository/org/glassfish/jaxb/jaxb-runtime/2.3.3/jaxb-runtime-2.3.3.jar' 
2022-04-25 21:43:51.058 DEBUG [acme.Launcher@main] Found classpath entry '/home/luismi/.m2/repository/org/glassfish/jaxb/txw2/2.3.3/txw2-2.3.3.jar' 
2022-04-25 21:43:51.058 DEBUG [acme.Launcher@main] Found classpath entry '/home/luismi/.m2/repository/com/sun/istack/istack-commons-runtime/3.0.11/istack-commons-runtime-3.0.11.jar' 
2022-04-25 21:43:51.058 DEBUG [acme.Launcher@main] Found classpath entry '/home/luismi/.m2/repository/com/sun/activation/jakarta.activation/1.2.2/jakarta.activation-1.2.2.jar' 
2022-04-25 21:43:51.058 DEBUG [acme.Launcher@main] Found classpath entry '/home/luismi/.m2/repository/org/springframework/data/spring-data-jpa/2.4.3/spring-data-jpa-2.4.3.jar' 
2022-04-25 21:43:51.058 DEBUG [acme.Launcher@main] Found classpath entry '/home/luismi/.m2/repository/org/springframework/data/spring-data-commons/2.4.3/spring-data-commons-2.4.3.jar' 
2022-04-25 21:43:51.059 DEBUG [acme.Launcher@main] Found classpath entry '/home/luismi/.m2/repository/org/springframework/spring-orm/5.3.3/spring-orm-5.3.3.jar' 
2022-04-25 21:43:51.059 DEBUG [acme.Launcher@main] Found classpath entry '/home/luismi/.m2/repository/org/springframework/spring-aspects/5.3.3/spring-aspects-5.3.3.jar' 
2022-04-25 21:43:51.059 DEBUG [acme.Launcher@main] Found classpath entry '/home/luismi/.m2/repository/org/springframework/boot/spring-boot-starter-validation/2.4.2/spring-boot-starter-validation-2.4.2.jar' 
2022-04-25 21:43:51.059 DEBUG [acme.Launcher@main] Found classpath entry '/home/luismi/.m2/repository/org/hibernate/validator/hibernate-validator/6.1.7.Final/hibernate-validator-6.1.7.Final.jar' 
2022-04-25 21:43:51.059 DEBUG [acme.Launcher@main] Found classpath entry '/home/luismi/.m2/repository/jakarta/validation/jakarta.validation-api/2.0.2/jakarta.validation-api-2.0.2.jar' 
2022-04-25 21:43:51.059 DEBUG [acme.Launcher@main] Found classpath entry '/home/luismi/.m2/repository/mysql/mysql-connector-java/8.0.22/mysql-connector-java-8.0.22.jar' 
2022-04-25 21:43:51.059 DEBUG [acme.Launcher@main] Found classpath entry '/home/luismi/.m2/repository/com/zaxxer/HikariCP/3.4.5/HikariCP-3.4.5.jar' 
2022-04-25 21:43:51.060 DEBUG [acme.Launcher@main] Found classpath entry '/home/luismi/.m2/repository/org/junit/jupiter/junit-jupiter-engine/5.7.0/junit-jupiter-engine-5.7.0.jar' 
2022-04-25 21:43:51.060 DEBUG [acme.Launcher@main] Found classpath entry '/home/luismi/.m2/repository/org/apiguardian/apiguardian-api/1.1.0/apiguardian-api-1.1.0.jar' 
2022-04-25 21:43:51.060 DEBUG [acme.Launcher@main] Found classpath entry '/home/luismi/.m2/repository/org/junit/platform/junit-platform-engine/1.7.0/junit-platform-engine-1.7.0.jar' 
2022-04-25 21:43:51.060 DEBUG [acme.Launcher@main] Found classpath entry '/home/luismi/.m2/repository/org/junit/jupiter/junit-jupiter-api/5.7.0/junit-jupiter-api-5.7.0.jar' 
2022-04-25 21:43:51.060 DEBUG [acme.Launcher@main] Found classpath entry '/home/luismi/.m2/repository/org/opentest4j/opentest4j/1.2.0/opentest4j-1.2.0.jar' 
2022-04-25 21:43:51.060 DEBUG [acme.Launcher@main] Found classpath entry '/home/luismi/.m2/repository/org/junit/platform/junit-platform-commons/1.7.0/junit-platform-commons-1.7.0.jar' 
2022-04-25 21:43:51.061 DEBUG [acme.Launcher@main] Found classpath entry '/home/luismi/.m2/repository/org/junit/jupiter/junit-jupiter-params/5.7.0/junit-jupiter-params-5.7.0.jar' 
2022-04-25 21:43:51.061 DEBUG [acme.Launcher@main] Found classpath entry '/home/luismi/.m2/repository/org/junit/platform/junit-platform-launcher/1.7.0/junit-platform-launcher-1.7.0.jar' 
2022-04-25 21:43:51.061 DEBUG [acme.Launcher@main] Found classpath entry '/home/luismi/.m2/repository/org/seleniumhq/selenium/selenium-java/3.141.59/selenium-java-3.141.59.jar' 
2022-04-25 21:43:51.061 DEBUG [acme.Launcher@main] Found classpath entry '/home/luismi/.m2/repository/org/seleniumhq/selenium/selenium-api/3.141.59/selenium-api-3.141.59.jar' 
2022-04-25 21:43:51.061 DEBUG [acme.Launcher@main] Found classpath entry '/home/luismi/.m2/repository/org/seleniumhq/selenium/selenium-chrome-driver/3.141.59/selenium-chrome-driver-3.141.59.jar' 
2022-04-25 21:43:51.061 DEBUG [acme.Launcher@main] Found classpath entry '/home/luismi/.m2/repository/org/seleniumhq/selenium/selenium-edge-driver/3.141.59/selenium-edge-driver-3.141.59.jar' 
2022-04-25 21:43:51.061 DEBUG [acme.Launcher@main] Found classpath entry '/home/luismi/.m2/repository/org/seleniumhq/selenium/selenium-firefox-driver/3.141.59/selenium-firefox-driver-3.141.59.jar' 
2022-04-25 21:43:51.062 DEBUG [acme.Launcher@main] Found classpath entry '/home/luismi/.m2/repository/org/seleniumhq/selenium/selenium-ie-driver/3.141.59/selenium-ie-driver-3.141.59.jar' 
2022-04-25 21:43:51.062 DEBUG [acme.Launcher@main] Found classpath entry '/home/luismi/.m2/repository/org/seleniumhq/selenium/selenium-opera-driver/3.141.59/selenium-opera-driver-3.141.59.jar' 
2022-04-25 21:43:51.062 DEBUG [acme.Launcher@main] Found classpath entry '/home/luismi/.m2/repository/org/seleniumhq/selenium/selenium-remote-driver/3.141.59/selenium-remote-driver-3.141.59.jar' 
2022-04-25 21:43:51.062 DEBUG [acme.Launcher@main] Found classpath entry '/home/luismi/.m2/repository/org/seleniumhq/selenium/selenium-safari-driver/3.141.59/selenium-safari-driver-3.141.59.jar' 
2022-04-25 21:43:51.062 DEBUG [acme.Launcher@main] Found classpath entry '/home/luismi/.m2/repository/org/seleniumhq/selenium/selenium-support/3.141.59/selenium-support-3.141.59.jar' 
2022-04-25 21:43:51.063 DEBUG [acme.Launcher@main] Found classpath entry '/home/luismi/.m2/repository/net/bytebuddy/byte-buddy/1.10.19/byte-buddy-1.10.19.jar' 
2022-04-25 21:43:51.063 DEBUG [acme.Launcher@main] Found classpath entry '/home/luismi/.m2/repository/org/apache/commons/commons-exec/1.3/commons-exec-1.3.jar' 
2022-04-25 21:43:51.063 DEBUG [acme.Launcher@main] Found classpath entry '/home/luismi/.m2/repository/com/google/guava/guava/25.0-jre/guava-25.0-jre.jar' 
2022-04-25 21:43:51.063 DEBUG [acme.Launcher@main] Found classpath entry '/home/luismi/.m2/repository/com/google/code/findbugs/jsr305/1.3.9/jsr305-1.3.9.jar' 
2022-04-25 21:43:51.063 DEBUG [acme.Launcher@main] Found classpath entry '/home/luismi/.m2/repository/org/checkerframework/checker-compat-qual/2.0.0/checker-compat-qual-2.0.0.jar' 
2022-04-25 21:43:51.063 DEBUG [acme.Launcher@main] Found classpath entry '/home/luismi/.m2/repository/com/google/errorprone/error_prone_annotations/2.1.3/error_prone_annotations-2.1.3.jar' 
2022-04-25 21:43:51.063 DEBUG [acme.Launcher@main] Found classpath entry '/home/luismi/.m2/repository/com/google/j2objc/j2objc-annotations/1.1/j2objc-annotations-1.1.jar' 
2022-04-25 21:43:51.063 DEBUG [acme.Launcher@main] Found classpath entry '/home/luismi/.m2/repository/org/codehaus/mojo/animal-sniffer-annotations/1.14/animal-sniffer-annotations-1.14.jar' 
2022-04-25 21:43:51.063 DEBUG [acme.Launcher@main] Found classpath entry '/home/luismi/.m2/repository/com/squareup/okhttp3/okhttp/3.14.9/okhttp-3.14.9.jar' 
2022-04-25 21:43:51.063 DEBUG [acme.Launcher@main] Found classpath entry '/home/luismi/.m2/repository/com/squareup/okio/okio/1.14.0/okio-1.14.0.jar' 
2022-04-25 21:43:51.064 DEBUG [acme.Launcher@main] Found classpath entry '/home/luismi/.m2/repository/org/apache/commons/commons-lang3/3.11/commons-lang3-3.11.jar' 
2022-04-25 21:43:51.064 DEBUG [acme.Launcher@main] Found classpath entry '/home/luismi/.m2/repository/org/apache/commons/commons-text/1.8/commons-text-1.8.jar' 
2022-04-25 21:43:51.064 DEBUG [acme.Launcher@main] Found classpath entry '/home/luismi/.m2/repository/commons-io/commons-io/2.6/commons-io-2.6.jar' 
2022-04-25 21:43:51.064 DEBUG [acme.Launcher@main] Found classpath entry '/home/luismi/.m2/repository/commons-cli/commons-cli/1.4/commons-cli-1.4.jar' 
2022-04-25 21:43:51.064 DEBUG [acme.Launcher@main] Found classpath entry '/home/luismi/.m2/repository/org/projectlombok/lombok/1.18.16/lombok-1.18.16.jar' 
2022-04-25 21:43:51.064 DEBUG [acme.Launcher@main] Found classpath entry '/home/luismi/.m2/repository/com/opencsv/opencsv/5.4/opencsv-5.4.jar' 
2022-04-25 21:43:51.064 DEBUG [acme.Launcher@main] Found classpath entry '/home/luismi/.m2/repository/commons-beanutils/commons-beanutils/1.9.4/commons-beanutils-1.9.4.jar' 
2022-04-25 21:43:51.064 DEBUG [acme.Launcher@main] Found classpath entry '/home/luismi/.m2/repository/commons-logging/commons-logging/1.2/commons-logging-1.2.jar' 
2022-04-25 21:43:51.064 DEBUG [acme.Launcher@main] Found classpath entry '/home/luismi/.m2/repository/commons-collections/commons-collections/3.2.2/commons-collections-3.2.2.jar' 
2022-04-25 21:43:51.065 DEBUG [acme.Launcher@main] Found classpath entry '/home/luismi/.m2/repository/org/apache/commons/commons-collections4/4.4/commons-collections4-4.4.jar' 
2022-04-25 21:43:51.130 DEBUG [acme.Launcher@main] Found entity class 'acme.entities.announcement.Announcement 
2022-04-25 21:43:51.130 DEBUG [acme.Launcher@main] Found entity class 'acme.entities.chirp.Chirp 
2022-04-25 21:43:51.130 DEBUG [acme.Launcher@main] Found entity class 'acme.entities.configuration.Configuration 
2022-04-25 21:43:51.130 DEBUG [acme.Launcher@main] Found entity class 'acme.entities.item.Item 
2022-04-25 21:43:51.131 DEBUG [acme.Launcher@main] Found entity class 'acme.entities.patronage.Patronage 
2022-04-25 21:43:51.131 DEBUG [acme.Launcher@main] Found entity class 'acme.entities.patronagereport.PatronageReport 
2022-04-25 21:43:51.131 DEBUG [acme.Launcher@main] Found entity class 'acme.entities.quantity.Quantity 
2022-04-25 21:43:51.131 DEBUG [acme.Launcher@main] Found entity class 'acme.entities.toolkit.Toolkit 
2022-04-25 21:43:51.131 DEBUG [acme.Launcher@main] Found entity class 'acme.roles.Consumer 
2022-04-25 21:43:51.131 DEBUG [acme.Launcher@main] Found entity class 'acme.roles.Inventor 
2022-04-25 21:43:51.131 DEBUG [acme.Launcher@main] Found entity class 'acme.roles.Patron 
2022-04-25 21:43:51.131 DEBUG [acme.Launcher@main] Found entity class 'acme.roles.Provider 
2022-04-25 21:43:51.131 DEBUG [acme.Launcher@main] Found entity class 'acme.framework.entities.UserAccount 
2022-04-25 21:43:51.131 DEBUG [acme.Launcher@main] Found entity class 'acme.framework.roles.Administrator 
2022-04-25 21:43:51.132 DEBUG [acme.Launcher@main] Found entity class 'acme.framework.roles.Anonymous 
2022-04-25 21:43:51.132 DEBUG [acme.Launcher@main] Found entity class 'acme.framework.roles.Any 
2022-04-25 21:43:51.132 DEBUG [acme.Launcher@main] Found entity class 'acme.framework.roles.Authenticated 
2022-04-25 21:43:51.136 INFO  [acme.Launcher@main] Running application (Standalone) 
2022-04-25 21:43:54.933 DEBUG [acme.framework.controllers.AbstractController@http-nio-8080-exec-1] DISPATCHING GET /acme-toolkit-22.1/inventor/item/show 
2022-04-25 21:43:54.933 DEBUG [acme.framework.controllers.AbstractController@http-nio-8080-exec-1] Command: show 
2022-04-25 21:43:54.934 DEBUG [acme.framework.controllers.AbstractController@http-nio-8080-exec-1] Model:   {id=14} 
2022-04-25 21:43:54.934 DEBUG [acme.framework.controllers.AbstractController@http-nio-8080-exec-1] Locale:  en 
2022-04-25 21:43:55.020 DEBUG [org.hibernate.SQL@http-nio-8080-exec-1] select useraccoun0_.id as id1_0_, useraccoun0_.version as version2_0_, useraccoun0_.enabled as enabled1_17_, useraccoun0_.identity as identity2_17_, useraccoun0_.password as password3_17_, useraccoun0_.username as username4_17_ from user_account useraccoun0_ where useraccoun0_.username=? 
2022-04-25 21:43:55.076 TRACE [org.hibernate.type.descriptor.sql.BasicBinder@http-nio-8080-exec-1] binding parameter [1] as [VARCHAR] - [anonymous] 
2022-04-25 21:43:55.178 DEBUG [org.hibernate.SQL@http-nio-8080-exec-1] select roles0_.user_account_id as user_acc1_18_0_, roles0_.id as id1_18_0_, roles0_.id as id1_0_1_, roles0_.version as version2_0_1_, roles0_.user_account_id as user_acc1_18_1_, roles0_.company as company1_8_1_, roles0_.sector as sector2_8_1_, roles0_.company as company1_9_1_, roles0_.link as link2_9_1_, roles0_.statement as statemen3_9_1_, roles0_.company as company1_11_1_, roles0_.link as link2_11_1_, roles0_.statement as statemen3_11_1_, roles0_.company as company1_14_1_, roles0_.sector as sector2_14_1_, roles0_.clazz_ as clazz_1_ from ( select id, version, user_account_id, company, sector, null as link, null as statement, 10 as clazz_ from consumer union all select id, version, user_account_id, company, null as sector, link, statement, 11 as clazz_ from inventor union all select id, version, user_account_id, company, null as sector, link, statement, 12 as clazz_ from patron union all select id, version, user_account_id, company, sector, null as link, null as statement, 13 as clazz_ from provider union all select id, version, user_account_id, null as company, null as sector, null as link, null as statement, 15 as clazz_ from administrator union all select id, version, user_account_id, null as company, null as sector, null as link, null as statement, 16 as clazz_ from anonymous union all select id, version, user_account_id, null as company, null as sector, null as link, null as statement, 17 as clazz_ from any union all select id, version, user_account_id, null as company, null as sector, null as link, null as statement, 18 as clazz_ from authenticated ) roles0_ where roles0_.user_account_id=? 
2022-04-25 21:43:55.180 TRACE [org.hibernate.type.descriptor.sql.BasicBinder@http-nio-8080-exec-1] binding parameter [1] as [INTEGER] - [1] 
2022-04-25 21:43:55.211 DEBUG [acme.framework.configuration.ExtendedMessageSource@http-nio-8080-exec-1] Loading properties [/home/luismi/Workspace-22.0/Projects/D03-Acme-Toolkit/target/classes/WEB-INF/views/administrator/configuration/messages-en.i18n] with encoding 'utf-8' 
2022-04-25 21:43:55.212 DEBUG [acme.framework.configuration.ExtendedMessageSource@http-nio-8080-exec-1] Loading properties [/home/luismi/Workspace-22.0/Projects/D03-Acme-Toolkit/target/classes/WEB-INF/views/administrator/dashboard/messages-en.i18n] with encoding 'utf-8' 
2022-04-25 21:43:55.214 DEBUG [acme.framework.configuration.ExtendedMessageSource@http-nio-8080-exec-1] Loading properties [/home/luismi/Workspace-22.0/Projects/D03-Acme-Toolkit/target/classes/WEB-INF/views/administrator/user-account/messages-en.i18n] with encoding 'utf-8' 
2022-04-25 21:43:55.214 DEBUG [acme.framework.configuration.ExtendedMessageSource@http-nio-8080-exec-1] Loading properties [/home/luismi/Workspace-22.0/Projects/D03-Acme-Toolkit/target/classes/WEB-INF/views/anonymous/user-account/messages-en.i18n] with encoding 'utf-8' 
2022-04-25 21:43:55.216 DEBUG [acme.framework.configuration.ExtendedMessageSource@http-nio-8080-exec-1] Loading properties [/home/luismi/Workspace-22.0/Projects/D03-Acme-Toolkit/target/classes/WEB-INF/views/any/chirp/messages-en.i18n] with encoding 'utf-8' 
2022-04-25 21:43:55.218 DEBUG [acme.framework.configuration.ExtendedMessageSource@http-nio-8080-exec-1] Loading properties [/home/luismi/Workspace-22.0/Projects/D03-Acme-Toolkit/target/classes/WEB-INF/views/any/item/messages-en.i18n] with encoding 'utf-8' 
2022-04-25 21:43:55.219 DEBUG [acme.framework.configuration.ExtendedMessageSource@http-nio-8080-exec-1] Loading properties [/home/luismi/Workspace-22.0/Projects/D03-Acme-Toolkit/target/classes/WEB-INF/views/any/tool/messages-en.i18n] with encoding 'utf-8' 
2022-04-25 21:43:55.220 DEBUG [acme.framework.configuration.ExtendedMessageSource@http-nio-8080-exec-1] Loading properties [/home/luismi/Workspace-22.0/Projects/D03-Acme-Toolkit/target/classes/WEB-INF/views/any/toolkit/messages-en.i18n] with encoding 'utf-8' 
2022-04-25 21:43:55.220 DEBUG [acme.framework.configuration.ExtendedMessageSource@http-nio-8080-exec-1] Loading properties [/home/luismi/Workspace-22.0/Projects/D03-Acme-Toolkit/target/classes/WEB-INF/views/any/user-account/messages-en.i18n] with encoding 'utf-8' 
2022-04-25 21:43:55.222 DEBUG [acme.framework.configuration.ExtendedMessageSource@http-nio-8080-exec-1] Loading properties [/home/luismi/Workspace-22.0/Projects/D03-Acme-Toolkit/target/classes/WEB-INF/views/authenticated/announcement/messages-en.i18n] with encoding 'utf-8' 
2022-04-25 21:43:55.223 DEBUG [acme.framework.configuration.ExtendedMessageSource@http-nio-8080-exec-1] Loading properties [/home/luismi/Workspace-22.0/Projects/D03-Acme-Toolkit/target/classes/WEB-INF/views/authenticated/configuration/messages-en.i18n] with encoding 'utf-8' 
2022-04-25 21:43:55.224 DEBUG [acme.framework.configuration.ExtendedMessageSource@http-nio-8080-exec-1] Loading properties [/home/luismi/Workspace-22.0/Projects/D03-Acme-Toolkit/target/classes/WEB-INF/views/authenticated/consumer/messsages-en.i18n] with encoding 'utf-8' 
2022-04-25 21:43:55.225 DEBUG [acme.framework.configuration.ExtendedMessageSource@http-nio-8080-exec-1] Loading properties [/home/luismi/Workspace-22.0/Projects/D03-Acme-Toolkit/target/classes/WEB-INF/views/authenticated/inventor/messages-en.i18n] with encoding 'utf-8' 
2022-04-25 21:43:55.226 DEBUG [acme.framework.configuration.ExtendedMessageSource@http-nio-8080-exec-1] Loading properties [/home/luismi/Workspace-22.0/Projects/D03-Acme-Toolkit/target/classes/WEB-INF/views/authenticated/patron/messages-en.i18n] with encoding 'utf-8' 
2022-04-25 21:43:55.227 DEBUG [acme.framework.configuration.ExtendedMessageSource@http-nio-8080-exec-1] Loading properties [/home/luismi/Workspace-22.0/Projects/D03-Acme-Toolkit/target/classes/WEB-INF/views/authenticated/provider/messsages-en.i18n] with encoding 'utf-8' 
2022-04-25 21:43:55.228 DEBUG [acme.framework.configuration.ExtendedMessageSource@http-nio-8080-exec-1] Loading properties [/home/luismi/Workspace-22.0/Projects/D03-Acme-Toolkit/target/classes/WEB-INF/views/authenticated/user-account/messages-en.i18n] with encoding 'utf-8' 
2022-04-25 21:43:55.228 DEBUG [acme.framework.configuration.ExtendedMessageSource@http-nio-8080-exec-1] Loading properties [/home/luismi/Workspace-22.0/Projects/D03-Acme-Toolkit/target/classes/WEB-INF/views/fragments/banner-en.i18n] with encoding 'utf-8' 
2022-04-25 21:43:55.229 DEBUG [acme.framework.configuration.ExtendedMessageSource@http-nio-8080-exec-1] Loading properties [/home/luismi/Workspace-22.0/Projects/D03-Acme-Toolkit/target/classes/WEB-INF/views/fragments/company-en.i18n] with encoding 'utf-8' 
2022-04-25 21:43:55.229 DEBUG [acme.framework.configuration.ExtendedMessageSource@http-nio-8080-exec-1] Loading properties [/home/luismi/Workspace-22.0/Projects/D03-Acme-Toolkit/target/classes/WEB-INF/views/fragments/footer-en.i18n] with encoding 'utf-8' 
2022-04-25 21:43:55.230 DEBUG [acme.framework.configuration.ExtendedMessageSource@http-nio-8080-exec-1] Loading properties [/home/luismi/Workspace-22.0/Projects/D03-Acme-Toolkit/target/classes/WEB-INF/views/fragments/license-en.i18n] with encoding 'utf-8' 
2022-04-25 21:43:55.230 DEBUG [acme.framework.configuration.ExtendedMessageSource@http-nio-8080-exec-1] Loading properties [/home/luismi/Workspace-22.0/Projects/D03-Acme-Toolkit/target/classes/WEB-INF/views/fragments/menu-en.i18n] with encoding 'utf-8' 
2022-04-25 21:43:55.231 DEBUG [acme.framework.configuration.ExtendedMessageSource@http-nio-8080-exec-1] Loading properties [/home/luismi/Workspace-22.0/Projects/D03-Acme-Toolkit/target/classes/WEB-INF/views/fragments/messages-en.i18n] with encoding 'utf-8' 
2022-04-25 21:43:55.232 DEBUG [acme.framework.configuration.ExtendedMessageSource@http-nio-8080-exec-1] Loading properties [/home/luismi/Workspace-22.0/Projects/D03-Acme-Toolkit/target/classes/WEB-INF/views/fragments/messsages-en.i18n] with encoding 'utf-8' 
2022-04-25 21:43:55.232 DEBUG [acme.framework.configuration.ExtendedMessageSource@http-nio-8080-exec-1] Loading properties [/home/luismi/Workspace-22.0/Projects/D03-Acme-Toolkit/target/classes/WEB-INF/views/fragments/title-en.i18n] with encoding 'utf-8' 
2022-04-25 21:43:55.232 DEBUG [acme.framework.configuration.ExtendedMessageSource@http-nio-8080-exec-1] Loading properties [/home/luismi/Workspace-22.0/Projects/D03-Acme-Toolkit/target/classes/WEB-INF/views/fragments/welcome-en.i18n] with encoding 'utf-8' 
2022-04-25 21:43:55.233 DEBUG [acme.framework.configuration.ExtendedMessageSource@http-nio-8080-exec-1] Loading properties [/home/luismi/Workspace-22.0/Projects/D03-Acme-Toolkit/target/classes/WEB-INF/views/inventor/item/messages-en.i18n] with encoding 'utf-8' 
2022-04-25 21:43:55.233 DEBUG [acme.framework.configuration.ExtendedMessageSource@http-nio-8080-exec-1] Loading properties [/home/luismi/Workspace-22.0/Projects/D03-Acme-Toolkit/target/classes/WEB-INF/views/inventor/patronage/messages-en.i18n] with encoding 'utf-8' 
2022-04-25 21:43:55.234 DEBUG [acme.framework.configuration.ExtendedMessageSource@http-nio-8080-exec-1] Loading properties [/home/luismi/Workspace-22.0/Projects/D03-Acme-Toolkit/target/classes/WEB-INF/views/inventor/patronage-report/messages-en.i18n] with encoding 'utf-8' 
2022-04-25 21:43:55.234 DEBUG [acme.framework.configuration.ExtendedMessageSource@http-nio-8080-exec-1] Loading properties [/home/luismi/Workspace-22.0/Projects/D03-Acme-Toolkit/target/classes/WEB-INF/views/inventor/toolkit/messages-en.i18n] with encoding 'utf-8' 
2022-04-25 21:43:55.235 DEBUG [acme.framework.configuration.ExtendedMessageSource@http-nio-8080-exec-1] Loading properties [/home/luismi/Workspace-22.0/Projects/D03-Acme-Toolkit/target/classes/WEB-INF/views/master/defaults-en.i18n] with encoding 'utf-8' 
2022-04-25 21:43:55.235 DEBUG [acme.framework.configuration.ExtendedMessageSource@http-nio-8080-exec-1] Loading properties [/home/luismi/Workspace-22.0/Projects/D03-Acme-Toolkit/target/classes/WEB-INF/views/master/master-en.i18n] with encoding 'utf-8' 
2022-04-25 21:43:55.236 DEBUG [acme.framework.configuration.ExtendedMessageSource@http-nio-8080-exec-1] Loading properties [/home/luismi/Workspace-22.0/Projects/D03-Acme-Toolkit/target/classes/WEB-INF/views/master/throwables-en.i18n] with encoding 'utf-8' 
2022-04-25 21:43:55.236 DEBUG [acme.framework.configuration.ExtendedMessageSource@http-nio-8080-exec-1] Loading properties [/home/luismi/Workspace-22.0/Projects/D03-Acme-Toolkit/target/classes/WEB-INF/views/master/validation-en.i18n] with encoding 'utf-8' 
2022-04-25 21:43:55.237 DEBUG [acme.framework.configuration.ExtendedMessageSource@http-nio-8080-exec-1] Loading properties [/home/luismi/Workspace-22.0/Projects/D03-Acme-Toolkit/target/classes/WEB-INF/views/patron/patron-dashboard/messages-en.i18n] with encoding 'utf-8' 
2022-04-25 21:43:55.237 DEBUG [acme.framework.configuration.ExtendedMessageSource@http-nio-8080-exec-1] Loading properties [/home/luismi/Workspace-22.0/Projects/D03-Acme-Toolkit/target/classes/WEB-INF/views/patron/patronage/messages-en.i18n] with encoding 'utf-8' 
2022-04-25 21:43:55.238 DEBUG [acme.framework.configuration.ExtendedMessageSource@http-nio-8080-exec-1] Loading properties [/home/luismi/Workspace-22.0/Projects/D03-Acme-Toolkit/target/classes/WEB-INF/views/patron/patronage-report/messages-en.i18n] with encoding 'utf-8' 
2022-04-25 21:43:55.242 DEBUG [acme.framework.controllers.AbstractController@http-nio-8080-exec-1] SERVING GET /acme-toolkit-22.1/inventor/item/show 
2022-04-25 21:43:55.243 DEBUG [acme.framework.controllers.AbstractController@http-nio-8080-exec-1] Result: ModelAndView [view="master/panic"; model={oops=java.lang.IllegalStateException: Access is not authorised}] 
2022-04-25 21:43:55.256 DEBUG [acme.framework.components.tiles.DynamicTilesView@http-nio-8080-exec-1] View name 'master/panic', model {oops=java.lang.IllegalStateException: Access is not authorised, org.springframework.validation.BindingResult.oops=org.springframework.validation.BeanPropertyBindingResult: 0 errors} 
2022-04-25 21:43:55.280 DEBUG [org.apache.tiles.definition.dao.BaseLocaleUrlDefinitionDAO@http-nio-8080-exec-1] File Resource file:/home/luismi/Workspace-22.0/Projects/D03-Acme-Toolkit/target/classes/WEB-INF/views/master/tiles_en.xml at file:/home/luismi/Workspace-22.0/Projects/D03-Acme-Toolkit/target/classes/WEB-INF/views/master/tiles_en.xml not found, continue 
2022-04-25 21:43:55.297 DEBUG [org.apache.jasper.servlet.JspServlet@http-nio-8080-exec-1] JspEngine --> /WEB-INF/views/master/page.jsp 
2022-04-25 21:43:55.298 DEBUG [org.apache.jasper.servlet.JspServlet@http-nio-8080-exec-1] ServletPath: /WEB-INF/views/master/page.jsp 
2022-04-25 21:43:55.299 DEBUG [org.apache.jasper.servlet.JspServlet@http-nio-8080-exec-1] PathInfo: null 
2022-04-25 21:43:55.299 DEBUG [org.apache.jasper.servlet.JspServlet@http-nio-8080-exec-1] RealPath: /home/luismi/Workspace-22.0/Projects/D03-Acme-Toolkit/target/classes/WEB-INF/views/master/page.jsp 
2022-04-25 21:43:55.299 DEBUG [org.apache.jasper.servlet.JspServlet@http-nio-8080-exec-1] RequestURI: /acme-toolkit-22.1/WEB-INF/views/master/page.jsp 
2022-04-25 21:43:55.300 DEBUG [org.apache.jasper.servlet.JspServlet@http-nio-8080-exec-1] QueryString: id=14 
2022-04-25 21:43:55.362 DEBUG [acme.framework.components.tiles.DynamicTilesView@http-nio-8080-exec-3] View name 'fragments/welcome', model {} 
2022-04-25 21:43:55.364 DEBUG [org.apache.jasper.servlet.JspServlet@http-nio-8080-exec-3] JspEngine --> /WEB-INF/views/master/page.jsp 
2022-04-25 21:43:55.365 DEBUG [org.apache.jasper.servlet.JspServlet@http-nio-8080-exec-3] ServletPath: /WEB-INF/views/master/page.jsp 
2022-04-25 21:43:55.366 DEBUG [org.apache.jasper.servlet.JspServlet@http-nio-8080-exec-3] PathInfo: null 
2022-04-25 21:43:55.366 DEBUG [org.apache.jasper.servlet.JspServlet@http-nio-8080-exec-3] RealPath: /home/luismi/Workspace-22.0/Projects/D03-Acme-Toolkit/target/classes/WEB-INF/views/master/page.jsp 
2022-04-25 21:43:55.367 DEBUG [org.apache.jasper.servlet.JspServlet@http-nio-8080-exec-3] RequestURI: /acme-toolkit-22.1/WEB-INF/views/master/page.jsp 
2022-04-25 21:43:55.368 DEBUG [org.apache.jasper.servlet.JspServlet@http-nio-8080-exec-3] QueryString: null 
2022-04-25 21:43:59.350 DEBUG [org.apache.jasper.servlet.JspServlet@http-nio-8080-exec-1] JspEngine --> /WEB-INF/views/master/panic.jsp 
2022-04-25 21:43:59.350 DEBUG [org.apache.jasper.servlet.JspServlet@http-nio-8080-exec-3] JspEngine --> /WEB-INF/views/fragments/welcome.jsp 
2022-04-25 21:43:59.351 DEBUG [org.apache.jasper.servlet.JspServlet@http-nio-8080-exec-3] ServletPath: /WEB-INF/views/master/page.jsp 
2022-04-25 21:43:59.351 DEBUG [org.apache.jasper.servlet.JspServlet@http-nio-8080-exec-1] ServletPath: /WEB-INF/views/master/page.jsp 
2022-04-25 21:43:59.352 DEBUG [org.apache.jasper.servlet.JspServlet@http-nio-8080-exec-3] PathInfo: null 
2022-04-25 21:43:59.352 DEBUG [org.apache.jasper.servlet.JspServlet@http-nio-8080-exec-1] PathInfo: null 
2022-04-25 21:43:59.353 DEBUG [org.apache.jasper.servlet.JspServlet@http-nio-8080-exec-3] RealPath: /home/luismi/Workspace-22.0/Projects/D03-Acme-Toolkit/target/classes/WEB-INF/views/fragments/welcome.jsp 
2022-04-25 21:43:59.353 DEBUG [org.apache.jasper.servlet.JspServlet@http-nio-8080-exec-1] RealPath: /home/luismi/Workspace-22.0/Projects/D03-Acme-Toolkit/target/classes/WEB-INF/views/master/panic.jsp 
2022-04-25 21:43:59.353 DEBUG [org.apache.jasper.servlet.JspServlet@http-nio-8080-exec-3] RequestURI: /acme-toolkit-22.1/WEB-INF/views/master/page.jsp 
2022-04-25 21:43:59.353 DEBUG [org.apache.jasper.servlet.JspServlet@http-nio-8080-exec-1] RequestURI: /acme-toolkit-22.1/WEB-INF/views/master/page.jsp 
2022-04-25 21:43:59.354 DEBUG [org.apache.jasper.servlet.JspServlet@http-nio-8080-exec-3] QueryString: null 
2022-04-25 21:43:59.354 DEBUG [org.apache.jasper.servlet.JspServlet@http-nio-8080-exec-1] QueryString: id=14 
2022-04-25 21:43:59.546 ERROR [org.apache.jsp.WEB_002dINF.views.master.panic_jsp@http-nio-8080-exec-1] HTTP GET /acme-toolkit-22.1/WEB-INF/views/master/page.jsp HTTP/1.1 
2022-04-25 21:43:59.547 ERROR [org.apache.jsp.WEB_002dINF.views.master.panic_jsp@http-nio-8080-exec-1] Status: 500 
2022-04-25 21:43:59.547 ERROR [org.apache.jsp.WEB_002dINF.views.master.panic_jsp@http-nio-8080-exec-1] Exception: acme.framework.helpers.Assert.state(Assert.java:45): Access is not authorised 
2022-04-25 21:43:59.599 DEBUG [org.hibernate.SQL@http-nio-8080-exec-3] select useraccoun0_.id as id1_0_, useraccoun0_.version as version2_0_, useraccoun0_.enabled as enabled1_17_, useraccoun0_.identity as identity2_17_, useraccoun0_.password as password3_17_, useraccoun0_.username as username4_17_ from user_account useraccoun0_ where useraccoun0_.username=? 
2022-04-25 21:43:59.600 TRACE [org.hibernate.type.descriptor.sql.BasicBinder@http-nio-8080-exec-3] binding parameter [1] as [VARCHAR] - [anonymous] 
2022-04-25 21:43:59.606 DEBUG [org.hibernate.SQL@http-nio-8080-exec-3] select roles0_.user_account_id as user_acc1_18_0_, roles0_.id as id1_18_0_, roles0_.id as id1_0_1_, roles0_.version as version2_0_1_, roles0_.user_account_id as user_acc1_18_1_, roles0_.company as company1_8_1_, roles0_.sector as sector2_8_1_, roles0_.company as company1_9_1_, roles0_.link as link2_9_1_, roles0_.statement as statemen3_9_1_, roles0_.company as company1_11_1_, roles0_.link as link2_11_1_, roles0_.statement as statemen3_11_1_, roles0_.company as company1_14_1_, roles0_.sector as sector2_14_1_, roles0_.clazz_ as clazz_1_ from ( select id, version, user_account_id, company, sector, null as link, null as statement, 10 as clazz_ from consumer union all select id, version, user_account_id, company, null as sector, link, statement, 11 as clazz_ from inventor union all select id, version, user_account_id, company, null as sector, link, statement, 12 as clazz_ from patron union all select id, version, user_account_id, company, sector, null as link, null as statement, 13 as clazz_ from provider union all select id, version, user_account_id, null as company, null as sector, null as link, null as statement, 15 as clazz_ from administrator union all select id, version, user_account_id, null as company, null as sector, null as link, null as statement, 16 as clazz_ from anonymous union all select id, version, user_account_id, null as company, null as sector, null as link, null as statement, 17 as clazz_ from any union all select id, version, user_account_id, null as company, null as sector, null as link, null as statement, 18 as clazz_ from authenticated ) roles0_ where roles0_.user_account_id=? 
2022-04-25 21:43:59.619 TRACE [org.hibernate.type.descriptor.sql.BasicBinder@http-nio-8080-exec-3] binding parameter [1] as [INTEGER] - [1] 
2022-04-25 21:43:59.674 DEBUG [org.hibernate.SQL@http-nio-8080-exec-1] select useraccoun0_.id as id1_0_, useraccoun0_.version as version2_0_, useraccoun0_.enabled as enabled1_17_, useraccoun0_.identity as identity2_17_, useraccoun0_.password as password3_17_, useraccoun0_.username as username4_17_ from user_account useraccoun0_ where useraccoun0_.username=? 
2022-04-25 21:43:59.676 TRACE [org.hibernate.type.descriptor.sql.BasicBinder@http-nio-8080-exec-1] binding parameter [1] as [VARCHAR] - [anonymous] 
2022-04-25 21:43:59.680 DEBUG [org.hibernate.SQL@http-nio-8080-exec-1] select roles0_.user_account_id as user_acc1_18_0_, roles0_.id as id1_18_0_, roles0_.id as id1_0_1_, roles0_.version as version2_0_1_, roles0_.user_account_id as user_acc1_18_1_, roles0_.company as company1_8_1_, roles0_.sector as sector2_8_1_, roles0_.company as company1_9_1_, roles0_.link as link2_9_1_, roles0_.statement as statemen3_9_1_, roles0_.company as company1_11_1_, roles0_.link as link2_11_1_, roles0_.statement as statemen3_11_1_, roles0_.company as company1_14_1_, roles0_.sector as sector2_14_1_, roles0_.clazz_ as clazz_1_ from ( select id, version, user_account_id, company, sector, null as link, null as statement, 10 as clazz_ from consumer union all select id, version, user_account_id, company, null as sector, link, statement, 11 as clazz_ from inventor union all select id, version, user_account_id, company, null as sector, link, statement, 12 as clazz_ from patron union all select id, version, user_account_id, company, sector, null as link, null as statement, 13 as clazz_ from provider union all select id, version, user_account_id, null as company, null as sector, null as link, null as statement, 15 as clazz_ from administrator union all select id, version, user_account_id, null as company, null as sector, null as link, null as statement, 16 as clazz_ from anonymous union all select id, version, user_account_id, null as company, null as sector, null as link, null as statement, 17 as clazz_ from any union all select id, version, user_account_id, null as company, null as sector, null as link, null as statement, 18 as clazz_ from authenticated ) roles0_ where roles0_.user_account_id=? 
2022-04-25 21:43:59.681 TRACE [org.hibernate.type.descriptor.sql.BasicBinder@http-nio-8080-exec-1] binding parameter [1] as [INTEGER] - [1] 
2022-04-25 21:44:01.819 DEBUG [acme.framework.components.tiles.DynamicTilesView@http-nio-8080-exec-9] View name 'master/sign-in', model {username=, password=, remember=false} 
2022-04-25 21:44:01.822 DEBUG [org.apache.jasper.servlet.JspServlet@http-nio-8080-exec-9] JspEngine --> /WEB-INF/views/master/page.jsp 
2022-04-25 21:44:01.824 DEBUG [org.apache.jasper.servlet.JspServlet@http-nio-8080-exec-9] ServletPath: /WEB-INF/views/master/page.jsp 
2022-04-25 21:44:01.825 DEBUG [org.apache.jasper.servlet.JspServlet@http-nio-8080-exec-9] PathInfo: null 
2022-04-25 21:44:01.826 DEBUG [org.apache.jasper.servlet.JspServlet@http-nio-8080-exec-9] RealPath: /home/luismi/Workspace-22.0/Projects/D03-Acme-Toolkit/target/classes/WEB-INF/views/master/page.jsp 
2022-04-25 21:44:01.827 DEBUG [org.apache.jasper.servlet.JspServlet@http-nio-8080-exec-9] RequestURI: /acme-toolkit-22.1/WEB-INF/views/master/page.jsp 
2022-04-25 21:44:01.828 DEBUG [org.apache.jasper.servlet.JspServlet@http-nio-8080-exec-9] QueryString: null 
2022-04-25 21:44:01.965 DEBUG [org.apache.jasper.servlet.JspServlet@http-nio-8080-exec-9] JspEngine --> /WEB-INF/views/master/sign-in.jsp 
2022-04-25 21:44:01.966 DEBUG [org.apache.jasper.servlet.JspServlet@http-nio-8080-exec-9] ServletPath: /WEB-INF/views/master/page.jsp 
2022-04-25 21:44:01.967 DEBUG [org.apache.jasper.servlet.JspServlet@http-nio-8080-exec-9] PathInfo: null 
2022-04-25 21:44:01.968 DEBUG [org.apache.jasper.servlet.JspServlet@http-nio-8080-exec-9] RealPath: /home/luismi/Workspace-22.0/Projects/D03-Acme-Toolkit/target/classes/WEB-INF/views/master/sign-in.jsp 
2022-04-25 21:44:01.969 DEBUG [org.apache.jasper.servlet.JspServlet@http-nio-8080-exec-9] RequestURI: /acme-toolkit-22.1/WEB-INF/views/master/page.jsp 
2022-04-25 21:44:01.970 DEBUG [org.apache.jasper.servlet.JspServlet@http-nio-8080-exec-9] QueryString: null 
2022-04-25 21:44:03.171 DEBUG [org.hibernate.SQL@http-nio-8080-exec-9] select useraccoun0_.id as id1_0_, useraccoun0_.version as version2_0_, useraccoun0_.enabled as enabled1_17_, useraccoun0_.identity as identity2_17_, useraccoun0_.password as password3_17_, useraccoun0_.username as username4_17_ from user_account useraccoun0_ where useraccoun0_.username=? 
2022-04-25 21:44:03.172 TRACE [org.hibernate.type.descriptor.sql.BasicBinder@http-nio-8080-exec-9] binding parameter [1] as [VARCHAR] - [anonymous] 
2022-04-25 21:44:03.174 DEBUG [org.hibernate.SQL@http-nio-8080-exec-9] select roles0_.user_account_id as user_acc1_18_0_, roles0_.id as id1_18_0_, roles0_.id as id1_0_1_, roles0_.version as version2_0_1_, roles0_.user_account_id as user_acc1_18_1_, roles0_.company as company1_8_1_, roles0_.sector as sector2_8_1_, roles0_.company as company1_9_1_, roles0_.link as link2_9_1_, roles0_.statement as statemen3_9_1_, roles0_.company as company1_11_1_, roles0_.link as link2_11_1_, roles0_.statement as statemen3_11_1_, roles0_.company as company1_14_1_, roles0_.sector as sector2_14_1_, roles0_.clazz_ as clazz_1_ from ( select id, version, user_account_id, company, sector, null as link, null as statement, 10 as clazz_ from consumer union all select id, version, user_account_id, company, null as sector, link, statement, 11 as clazz_ from inventor union all select id, version, user_account_id, company, null as sector, link, statement, 12 as clazz_ from patron union all select id, version, user_account_id, company, sector, null as link, null as statement, 13 as clazz_ from provider union all select id, version, user_account_id, null as company, null as sector, null as link, null as statement, 15 as clazz_ from administrator union all select id, version, user_account_id, null as company, null as sector, null as link, null as statement, 16 as clazz_ from anonymous union all select id, version, user_account_id, null as company, null as sector, null as link, null as statement, 17 as clazz_ from any union all select id, version, user_account_id, null as company, null as sector, null as link, null as statement, 18 as clazz_ from authenticated ) roles0_ where roles0_.user_account_id=? 
2022-04-25 21:44:03.174 TRACE [org.hibernate.type.descriptor.sql.BasicBinder@http-nio-8080-exec-9] binding parameter [1] as [INTEGER] - [1] 
2022-04-25 21:44:15.491 DEBUG [org.hibernate.SQL@http-nio-8080-exec-1] select useraccoun0_.id as id1_0_, useraccoun0_.version as version2_0_, useraccoun0_.enabled as enabled1_17_, useraccoun0_.identity as identity2_17_, useraccoun0_.password as password3_17_, useraccoun0_.username as username4_17_ from user_account useraccoun0_ where useraccoun0_.username=? 
2022-04-25 21:44:15.491 TRACE [org.hibernate.type.descriptor.sql.BasicBinder@http-nio-8080-exec-1] binding parameter [1] as [VARCHAR] - [administrator] 
2022-04-25 21:44:15.495 DEBUG [org.hibernate.SQL@http-nio-8080-exec-1] select roles0_.user_account_id as user_acc1_18_0_, roles0_.id as id1_18_0_, roles0_.id as id1_0_1_, roles0_.version as version2_0_1_, roles0_.user_account_id as user_acc1_18_1_, roles0_.company as company1_8_1_, roles0_.sector as sector2_8_1_, roles0_.company as company1_9_1_, roles0_.link as link2_9_1_, roles0_.statement as statemen3_9_1_, roles0_.company as company1_11_1_, roles0_.link as link2_11_1_, roles0_.statement as statemen3_11_1_, roles0_.company as company1_14_1_, roles0_.sector as sector2_14_1_, roles0_.clazz_ as clazz_1_ from ( select id, version, user_account_id, company, sector, null as link, null as statement, 10 as clazz_ from consumer union all select id, version, user_account_id, company, null as sector, link, statement, 11 as clazz_ from inventor union all select id, version, user_account_id, company, null as sector, link, statement, 12 as clazz_ from patron union all select id, version, user_account_id, company, sector, null as link, null as statement, 13 as clazz_ from provider union all select id, version, user_account_id, null as company, null as sector, null as link, null as statement, 15 as clazz_ from administrator union all select id, version, user_account_id, null as company, null as sector, null as link, null as statement, 16 as clazz_ from anonymous union all select id, version, user_account_id, null as company, null as sector, null as link, null as statement, 17 as clazz_ from any union all select id, version, user_account_id, null as company, null as sector, null as link, null as statement, 18 as clazz_ from authenticated ) roles0_ where roles0_.user_account_id=? 
2022-04-25 21:44:15.495 TRACE [org.hibernate.type.descriptor.sql.BasicBinder@http-nio-8080-exec-1] binding parameter [1] as [INTEGER] - [2] 
2022-04-25 21:44:15.526 DEBUG [acme.framework.components.tiles.DynamicTilesView@http-nio-8080-exec-9] View name 'fragments/welcome', model {} 
2022-04-25 21:44:15.527 DEBUG [org.apache.jasper.servlet.JspServlet@http-nio-8080-exec-9] JspEngine --> /WEB-INF/views/master/page.jsp 
2022-04-25 21:44:15.528 DEBUG [org.apache.jasper.servlet.JspServlet@http-nio-8080-exec-9] ServletPath: /WEB-INF/views/master/page.jsp 
2022-04-25 21:44:15.530 DEBUG [org.apache.jasper.servlet.JspServlet@http-nio-8080-exec-9] PathInfo: null 
2022-04-25 21:44:15.533 DEBUG [org.apache.jasper.servlet.JspServlet@http-nio-8080-exec-9] RealPath: /home/luismi/Workspace-22.0/Projects/D03-Acme-Toolkit/target/classes/WEB-INF/views/master/page.jsp 
2022-04-25 21:44:15.533 DEBUG [org.apache.jasper.servlet.JspServlet@http-nio-8080-exec-9] RequestURI: /acme-toolkit-22.1/WEB-INF/views/master/page.jsp 
2022-04-25 21:44:15.534 DEBUG [org.apache.jasper.servlet.JspServlet@http-nio-8080-exec-9] QueryString: null 
2022-04-25 21:44:15.668 DEBUG [org.apache.jasper.servlet.JspServlet@http-nio-8080-exec-9] JspEngine --> /WEB-INF/views/fragments/welcome.jsp 
2022-04-25 21:44:15.668 DEBUG [org.apache.jasper.servlet.JspServlet@http-nio-8080-exec-9] ServletPath: /WEB-INF/views/master/page.jsp 
2022-04-25 21:44:15.669 DEBUG [org.apache.jasper.servlet.JspServlet@http-nio-8080-exec-9] PathInfo: null 
2022-04-25 21:44:15.669 DEBUG [org.apache.jasper.servlet.JspServlet@http-nio-8080-exec-9] RealPath: /home/luismi/Workspace-22.0/Projects/D03-Acme-Toolkit/target/classes/WEB-INF/views/fragments/welcome.jsp 
2022-04-25 21:44:15.669 DEBUG [org.apache.jasper.servlet.JspServlet@http-nio-8080-exec-9] RequestURI: /acme-toolkit-22.1/WEB-INF/views/master/page.jsp 
2022-04-25 21:44:15.670 DEBUG [org.apache.jasper.servlet.JspServlet@http-nio-8080-exec-9] QueryString: null 
2022-04-25 21:44:22.225 DEBUG [acme.framework.controllers.AbstractController@http-nio-8080-exec-5] DISPATCHING GET /acme-toolkit-22.1/inventor/item/list-tool 
2022-04-25 21:44:22.225 DEBUG [acme.framework.controllers.AbstractController@http-nio-8080-exec-5] Command: list-tool 
2022-04-25 21:44:22.226 DEBUG [acme.framework.controllers.AbstractController@http-nio-8080-exec-5] Model:   {} 
2022-04-25 21:44:22.226 DEBUG [acme.framework.controllers.AbstractController@http-nio-8080-exec-5] Locale:  en 
2022-04-25 21:44:22.245 DEBUG [org.hibernate.SQL@http-nio-8080-exec-5] select item0_.id as id1_0_, item0_.version as version2_0_, item0_.code as code1_10_, item0_.description as descript2_10_, item0_.info as info3_10_, item0_.inventor_id as invento10_10_, item0_.name as name4_10_, item0_.retail_price_amount as retail_p5_10_, item0_.retail_price_currency as retail_p6_10_, item0_.status as status7_10_, item0_.technology as technolo8_10_, item0_.type as type9_10_ from item item0_ where item0_.type=1 and item0_.inventor_id=? 
2022-04-25 21:44:22.246 TRACE [org.hibernate.type.descriptor.sql.BasicBinder@http-nio-8080-exec-5] binding parameter [1] as [INTEGER] - [9] 
2022-04-25 21:44:22.248 DEBUG [org.hibernate.SQL@http-nio-8080-exec-5] select inventor0_.id as id1_0_0_, inventor0_.version as version2_0_0_, inventor0_.user_account_id as user_acc1_18_0_, inventor0_.company as company1_9_0_, inventor0_.link as link2_9_0_, inventor0_.statement as statemen3_9_0_, useraccoun1_.id as id1_0_1_, useraccoun1_.version as version2_0_1_, useraccoun1_.enabled as enabled1_17_1_, useraccoun1_.identity as identity2_17_1_, useraccoun1_.password as password3_17_1_, useraccoun1_.username as username4_17_1_ from inventor inventor0_ inner join user_account useraccoun1_ on inventor0_.user_account_id=useraccoun1_.id where inventor0_.id=? 
2022-04-25 21:44:22.249 TRACE [org.hibernate.type.descriptor.sql.BasicBinder@http-nio-8080-exec-5] binding parameter [1] as [INTEGER] - [9] 
2022-04-25 21:44:22.297 DEBUG [org.hibernate.SQL@http-nio-8080-exec-5] select item0_.id as id1_0_, item0_.version as version2_0_, item0_.code as code1_10_, item0_.description as descript2_10_, item0_.info as info3_10_, item0_.inventor_id as invento10_10_, item0_.name as name4_10_, item0_.retail_price_amount as retail_p5_10_, item0_.retail_price_currency as retail_p6_10_, item0_.status as status7_10_, item0_.technology as technolo8_10_, item0_.type as type9_10_ from item item0_ where item0_.type=1 and item0_.inventor_id=? 
2022-04-25 21:44:22.298 TRACE [org.hibernate.type.descriptor.sql.BasicBinder@http-nio-8080-exec-5] binding parameter [1] as [INTEGER] - [9] 
2022-04-25 21:44:22.320 DEBUG [acme.framework.controllers.AbstractController@http-nio-8080-exec-5] SERVING GET /acme-toolkit-22.1/inventor/item/list-tool 
2022-04-25 21:44:22.322 DEBUG [acme.framework.controllers.AbstractController@http-nio-8080-exec-5] Result: ModelAndView [view="inventor/item/list"; model={description[1]=Cliente de bases de datos, description[2]=IDE para la programacin del sistema, version[2]=0, description[0]=Herramienta de gestin de cdigo, version[1]=0, retailPrice[1]=<<EUR 186.00>>, retailPrice[2]=<<USD 980.00>>, list$size=3, retailPrice[0]=<<EUR 100.00>>, version[0]=0, name[2]=Eclipse, id[1]=12, id[0]=11, id[2]=14, name[1]=Dbeaver, name[0]=GitHub, command=list-tool, principal=acme.framework.entities.Principal@5c583321}] 
2022-04-25 21:44:22.327 DEBUG [acme.framework.components.tiles.DynamicTilesView@http-nio-8080-exec-5] View name 'inventor/item/list', model {description[1]=Cliente de bases de datos, description[2]=IDE para la programacin del sistema, version[2]=0, description[0]=Herramienta de gestin de cdigo, version[1]=0, retailPrice[1]=<<EUR 186.00>>, retailPrice[2]=<<USD 980.00>>, list$size=3, retailPrice[0]=<<EUR 100.00>>, version[0]=0, name[2]=Eclipse, id[1]=12, id[0]=11, id[2]=14, name[1]=Dbeaver, name[0]=GitHub, command=list-tool, principal=acme.framework.entities.Principal@5c583321, org.springframework.validation.BindingResult.retailPrice[1]=org.springframework.validation.BeanPropertyBindingResult: 0 errors, org.springframework.validation.BindingResult.retailPrice[2]=org.springframework.validation.BeanPropertyBindingResult: 0 errors, org.springframework.validation.BindingResult.retailPrice[0]=org.springframework.validation.BeanPropertyBindingResult: 0 errors, org.springframework.validation.BindingResult.principal=org.springframework.validation.BeanPropertyBindingResult: 0 errors} 
2022-04-25 21:44:22.333 DEBUG [org.apache.jasper.servlet.JspServlet@http-nio-8080-exec-5] JspEngine --> /WEB-INF/views/master/page.jsp 
2022-04-25 21:44:22.336 DEBUG [org.apache.jasper.servlet.JspServlet@http-nio-8080-exec-5] ServletPath: /WEB-INF/views/master/page.jsp 
2022-04-25 21:44:22.337 DEBUG [org.apache.jasper.servlet.JspServlet@http-nio-8080-exec-5] PathInfo: null 
2022-04-25 21:44:22.339 DEBUG [org.apache.jasper.servlet.JspServlet@http-nio-8080-exec-5] RealPath: /home/luismi/Workspace-22.0/Projects/D03-Acme-Toolkit/target/classes/WEB-INF/views/master/page.jsp 
2022-04-25 21:44:22.340 DEBUG [org.apache.jasper.servlet.JspServlet@http-nio-8080-exec-5] RequestURI: /acme-toolkit-22.1/WEB-INF/views/master/page.jsp 
2022-04-25 21:44:22.340 DEBUG [org.apache.jasper.servlet.JspServlet@http-nio-8080-exec-5] QueryString: null 
2022-04-25 21:44:22.548 DEBUG [org.apache.jasper.servlet.JspServlet@http-nio-8080-exec-5] JspEngine --> /WEB-INF/views/inventor/item/list.jsp 
2022-04-25 21:44:22.549 DEBUG [org.apache.jasper.servlet.JspServlet@http-nio-8080-exec-5] ServletPath: /WEB-INF/views/master/page.jsp 
2022-04-25 21:44:22.550 DEBUG [org.apache.jasper.servlet.JspServlet@http-nio-8080-exec-5] PathInfo: null 
2022-04-25 21:44:22.551 DEBUG [org.apache.jasper.servlet.JspServlet@http-nio-8080-exec-5] RealPath: /home/luismi/Workspace-22.0/Projects/D03-Acme-Toolkit/target/classes/WEB-INF/views/inventor/item/list.jsp 
2022-04-25 21:44:22.552 DEBUG [org.apache.jasper.servlet.JspServlet@http-nio-8080-exec-5] RequestURI: /acme-toolkit-22.1/WEB-INF/views/master/page.jsp 
2022-04-25 21:44:22.552 DEBUG [org.apache.jasper.servlet.JspServlet@http-nio-8080-exec-5] QueryString: null 
2022-04-25 21:44:42.383 DEBUG [acme.framework.controllers.AbstractController@http-nio-8080-exec-5] DISPATCHING GET /acme-toolkit-22.1/inventor/item/show 
2022-04-25 21:44:42.383 DEBUG [acme.framework.controllers.AbstractController@http-nio-8080-exec-5] Command: show 
2022-04-25 21:44:42.383 DEBUG [acme.framework.controllers.AbstractController@http-nio-8080-exec-5] Model:   {id=11} 
2022-04-25 21:44:42.383 DEBUG [acme.framework.controllers.AbstractController@http-nio-8080-exec-5] Locale:  en 
2022-04-25 21:44:42.408 DEBUG [org.hibernate.SQL@http-nio-8080-exec-5] select item0_.id as id1_0_, item0_.version as version2_0_, item0_.code as code1_10_, item0_.description as descript2_10_, item0_.info as info3_10_, item0_.inventor_id as invento10_10_, item0_.name as name4_10_, item0_.retail_price_amount as retail_p5_10_, item0_.retail_price_currency as retail_p6_10_, item0_.status as status7_10_, item0_.technology as technolo8_10_, item0_.type as type9_10_ from item item0_ where item0_.id=? 
2022-04-25 21:44:42.409 TRACE [org.hibernate.type.descriptor.sql.BasicBinder@http-nio-8080-exec-5] binding parameter [1] as [INTEGER] - [11] 
2022-04-25 21:44:42.412 DEBUG [org.hibernate.SQL@http-nio-8080-exec-5] select inventor0_.id as id1_0_0_, inventor0_.version as version2_0_0_, inventor0_.user_account_id as user_acc1_18_0_, inventor0_.company as company1_9_0_, inventor0_.link as link2_9_0_, inventor0_.statement as statemen3_9_0_, useraccoun1_.id as id1_0_1_, useraccoun1_.version as version2_0_1_, useraccoun1_.enabled as enabled1_17_1_, useraccoun1_.identity as identity2_17_1_, useraccoun1_.password as password3_17_1_, useraccoun1_.username as username4_17_1_ from inventor inventor0_ inner join user_account useraccoun1_ on inventor0_.user_account_id=useraccoun1_.id where inventor0_.id=? 
2022-04-25 21:44:42.413 TRACE [org.hibernate.type.descriptor.sql.BasicBinder@http-nio-8080-exec-5] binding parameter [1] as [INTEGER] - [9] 
2022-04-25 21:44:42.419 DEBUG [org.hibernate.SQL@http-nio-8080-exec-5] select item0_.id as id1_0_, item0_.version as version2_0_, item0_.code as code1_10_, item0_.description as descript2_10_, item0_.info as info3_10_, item0_.inventor_id as invento10_10_, item0_.name as name4_10_, item0_.retail_price_amount as retail_p5_10_, item0_.retail_price_currency as retail_p6_10_, item0_.status as status7_10_, item0_.technology as technolo8_10_, item0_.type as type9_10_ from item item0_ where item0_.id=? 
2022-04-25 21:44:42.419 TRACE [org.hibernate.type.descriptor.sql.BasicBinder@http-nio-8080-exec-5] binding parameter [1] as [INTEGER] - [11] 
2022-04-25 21:44:42.424 DEBUG [acme.framework.controllers.AbstractController@http-nio-8080-exec-5] SERVING GET /acme-toolkit-22.1/inventor/item/show 
2022-04-25 21:44:42.424 DEBUG [acme.framework.controllers.AbstractController@http-nio-8080-exec-5] Result: ModelAndView [view="inventor/item/form"; model={code=123-456, name=GitHub, description=Herramienta de gestin de cdigo, technology=Scrum, id=11, type=TOOL, retailPrice=<<EUR 100.00>>, version=0, info=https://google.com, command=show, principal=acme.framework.entities.Principal@5c583321}] 
2022-04-25 21:44:42.426 DEBUG [acme.framework.components.tiles.DynamicTilesView@http-nio-8080-exec-5] View name 'inventor/item/form', model {code=123-456, name=GitHub, description=Herramienta de gestin de cdigo, technology=Scrum, id=11, type=TOOL, retailPrice=<<EUR 100.00>>, version=0, info=https://google.com, command=show, principal=acme.framework.entities.Principal@5c583321, org.springframework.validation.BindingResult.retailPrice=org.springframework.validation.BeanPropertyBindingResult: 0 errors, org.springframework.validation.BindingResult.principal=org.springframework.validation.BeanPropertyBindingResult: 0 errors} 
2022-04-25 21:44:42.428 DEBUG [org.apache.jasper.servlet.JspServlet@http-nio-8080-exec-5] JspEngine --> /WEB-INF/views/master/page.jsp 
2022-04-25 21:44:42.428 DEBUG [org.apache.jasper.servlet.JspServlet@http-nio-8080-exec-5] ServletPath: /WEB-INF/views/master/page.jsp 
2022-04-25 21:44:42.429 DEBUG [org.apache.jasper.servlet.JspServlet@http-nio-8080-exec-5] PathInfo: null 
2022-04-25 21:44:42.430 DEBUG [org.apache.jasper.servlet.JspServlet@http-nio-8080-exec-5] RealPath: /home/luismi/Workspace-22.0/Projects/D03-Acme-Toolkit/target/classes/WEB-INF/views/master/page.jsp 
2022-04-25 21:44:42.430 DEBUG [org.apache.jasper.servlet.JspServlet@http-nio-8080-exec-5] RequestURI: /acme-toolkit-22.1/WEB-INF/views/master/page.jsp 
2022-04-25 21:44:42.431 DEBUG [org.apache.jasper.servlet.JspServlet@http-nio-8080-exec-5] QueryString: id=11 
2022-04-25 21:44:42.664 DEBUG [org.apache.jasper.servlet.JspServlet@http-nio-8080-exec-5] JspEngine --> /WEB-INF/views/inventor/item/form.jsp 
2022-04-25 21:44:42.664 DEBUG [org.apache.jasper.servlet.JspServlet@http-nio-8080-exec-5] ServletPath: /WEB-INF/views/master/page.jsp 
2022-04-25 21:44:42.665 DEBUG [org.apache.jasper.servlet.JspServlet@http-nio-8080-exec-5] PathInfo: null 
2022-04-25 21:44:42.665 DEBUG [org.apache.jasper.servlet.JspServlet@http-nio-8080-exec-5] RealPath: /home/luismi/Workspace-22.0/Projects/D03-Acme-Toolkit/target/classes/WEB-INF/views/inventor/item/form.jsp 
2022-04-25 21:44:42.666 DEBUG [org.apache.jasper.servlet.JspServlet@http-nio-8080-exec-5] RequestURI: /acme-toolkit-22.1/WEB-INF/views/master/page.jsp 
2022-04-25 21:44:42.667 DEBUG [org.apache.jasper.servlet.JspServlet@http-nio-8080-exec-5] QueryString: id=11 
2022-04-25 21:46:45.652 INFO  [acme.framework.configuration.ShutdownConfiguration@SpringContextShutdownHook] The system is shutting down... 
